[0.017s] Invoking command in '/home/lorenzobusellato/univr/Robotics_vision_and_control/Assignments/Robotics/colcon_ws/build/ur5_interfaces': CMAKE_PREFIX_PATH=${CMAKE_PREFIX_PATH}:/home/lorenzobusellato/univr/Robotics_vision_and_control/Assignments/Robotics/colcon_ws/install/ur5_pnp:/opt/ros/galactic /usr/bin/cmake --build /home/lorenzobusellato/univr/Robotics_vision_and_control/Assignments/Robotics/colcon_ws/build/ur5_interfaces -- -j4 -l4
[0.084s] [  3%] Built target ur5_interfaces__cpp
[0.092s] [ 12%] Built target ur5_interfaces__rosidl_generator_c
[0.130s] [ 22%] Built target ur5_interfaces__rosidl_typesupport_fastrtps_cpp
[0.139s] [ 32%] Built target ur5_interfaces__rosidl_typesupport_cpp
[0.143s] [ 41%] Built target ur5_interfaces__rosidl_typesupport_introspection_cpp
[0.146s] [ 51%] Built target ur5_interfaces__rosidl_typesupport_introspection_c
[0.169s] [ 61%] Built target ur5_interfaces__rosidl_typesupport_c
[0.181s] [ 70%] Built target ur5_interfaces__rosidl_typesupport_fastrtps_c
[0.206s] [ 70%] Built target ur5_interfaces
[0.231s] [ 74%] Built target ur5_interfaces__py
[0.262s] [ 80%] Built target ur5_interfaces__python
[0.305s] [ 87%] Built target ur5_interfaces__rosidl_typesupport_introspection_c__pyext
[0.305s] [ 93%] Built target ur5_interfaces__rosidl_typesupport_fastrtps_c__pyext
[0.313s] [100%] Built target ur5_interfaces__rosidl_typesupport_c__pyext
[0.331s] Invoked command in '/home/lorenzobusellato/univr/Robotics_vision_and_control/Assignments/Robotics/colcon_ws/build/ur5_interfaces' returned '0': CMAKE_PREFIX_PATH=${CMAKE_PREFIX_PATH}:/home/lorenzobusellato/univr/Robotics_vision_and_control/Assignments/Robotics/colcon_ws/install/ur5_pnp:/opt/ros/galactic /usr/bin/cmake --build /home/lorenzobusellato/univr/Robotics_vision_and_control/Assignments/Robotics/colcon_ws/build/ur5_interfaces -- -j4 -l4
[0.414s] Invoking command in '/home/lorenzobusellato/univr/Robotics_vision_and_control/Assignments/Robotics/colcon_ws/build/ur5_interfaces': CMAKE_PREFIX_PATH=${CMAKE_PREFIX_PATH}:/home/lorenzobusellato/univr/Robotics_vision_and_control/Assignments/Robotics/colcon_ws/install/ur5_pnp:/opt/ros/galactic /usr/bin/cmake --install /home/lorenzobusellato/univr/Robotics_vision_and_control/Assignments/Robotics/colcon_ws/build/ur5_interfaces
[0.426s] -- Install configuration: ""
[0.427s] -- Up-to-date: /home/lorenzobusellato/univr/Robotics_vision_and_control/Assignments/Robotics/colcon_ws/install/ur5_interfaces/share/ament_index/resource_index/rosidl_interfaces/ur5_interfaces
[0.427s] -- Up-to-date: /home/lorenzobusellato/univr/Robotics_vision_and_control/Assignments/Robotics/colcon_ws/install/ur5_interfaces/include/ur5_interfaces
[0.427s] -- Up-to-date: /home/lorenzobusellato/univr/Robotics_vision_and_control/Assignments/Robotics/colcon_ws/install/ur5_interfaces/include/ur5_interfaces/msg
[0.427s] -- Up-to-date: /home/lorenzobusellato/univr/Robotics_vision_and_control/Assignments/Robotics/colcon_ws/install/ur5_interfaces/include/ur5_interfaces/msg/rosidl_generator_c__visibility_control.h
[0.427s] -- Up-to-date: /home/lorenzobusellato/univr/Robotics_vision_and_control/Assignments/Robotics/colcon_ws/install/ur5_interfaces/include/ur5_interfaces/srv
[0.428s] -- Up-to-date: /home/lorenzobusellato/univr/Robotics_vision_and_control/Assignments/Robotics/colcon_ws/install/ur5_interfaces/include/ur5_interfaces/srv/gripper.h
[0.428s] -- Up-to-date: /home/lorenzobusellato/univr/Robotics_vision_and_control/Assignments/Robotics/colcon_ws/install/ur5_interfaces/include/ur5_interfaces/srv/add_three_ints.h
[0.428s] -- Up-to-date: /home/lorenzobusellato/univr/Robotics_vision_and_control/Assignments/Robotics/colcon_ws/install/ur5_interfaces/include/ur5_interfaces/srv/detail
[0.428s] -- Up-to-date: /home/lorenzobusellato/univr/Robotics_vision_and_control/Assignments/Robotics/colcon_ws/install/ur5_interfaces/include/ur5_interfaces/srv/detail/add_three_ints__functions.c
[0.428s] -- Up-to-date: /home/lorenzobusellato/univr/Robotics_vision_and_control/Assignments/Robotics/colcon_ws/install/ur5_interfaces/include/ur5_interfaces/srv/detail/add_three_ints__struct.h
[0.428s] -- Up-to-date: /home/lorenzobusellato/univr/Robotics_vision_and_control/Assignments/Robotics/colcon_ws/install/ur5_interfaces/include/ur5_interfaces/srv/detail/gripper__functions.h
[0.429s] -- Up-to-date: /home/lorenzobusellato/univr/Robotics_vision_and_control/Assignments/Robotics/colcon_ws/install/ur5_interfaces/include/ur5_interfaces/srv/detail/add_three_ints__type_support.h
[0.429s] -- Up-to-date: /home/lorenzobusellato/univr/Robotics_vision_and_control/Assignments/Robotics/colcon_ws/install/ur5_interfaces/include/ur5_interfaces/srv/detail/gripper__type_support.h
[0.430s] -- Up-to-date: /home/lorenzobusellato/univr/Robotics_vision_and_control/Assignments/Robotics/colcon_ws/install/ur5_interfaces/include/ur5_interfaces/srv/detail/gripper__struct.h
[0.430s] -- Up-to-date: /home/lorenzobusellato/univr/Robotics_vision_and_control/Assignments/Robotics/colcon_ws/install/ur5_interfaces/include/ur5_interfaces/srv/detail/add_three_ints__functions.h
[0.430s] -- Up-to-date: /home/lorenzobusellato/univr/Robotics_vision_and_control/Assignments/Robotics/colcon_ws/install/ur5_interfaces/include/ur5_interfaces/srv/detail/gripper__functions.c
[0.430s] -- Up-to-date: /home/lorenzobusellato/univr/Robotics_vision_and_control/Assignments/Robotics/colcon_ws/install/ur5_interfaces/share/ur5_interfaces/environment/library_path.sh
[0.431s] -- Up-to-date: /home/lorenzobusellato/univr/Robotics_vision_and_control/Assignments/Robotics/colcon_ws/install/ur5_interfaces/share/ur5_interfaces/environment/library_path.dsv
[0.431s] -- Up-to-date: /home/lorenzobusellato/univr/Robotics_vision_and_control/Assignments/Robotics/colcon_ws/install/ur5_interfaces/lib/libur5_interfaces__rosidl_generator_c.so
[0.431s] -- Up-to-date: /home/lorenzobusellato/univr/Robotics_vision_and_control/Assignments/Robotics/colcon_ws/install/ur5_interfaces/include/ur5_interfaces
[0.431s] -- Up-to-date: /home/lorenzobusellato/univr/Robotics_vision_and_control/Assignments/Robotics/colcon_ws/install/ur5_interfaces/include/ur5_interfaces/msg
[0.431s] -- Up-to-date: /home/lorenzobusellato/univr/Robotics_vision_and_control/Assignments/Robotics/colcon_ws/install/ur5_interfaces/include/ur5_interfaces/msg/rosidl_typesupport_fastrtps_c__visibility_control.h
[0.431s] -- Up-to-date: /home/lorenzobusellato/univr/Robotics_vision_and_control/Assignments/Robotics/colcon_ws/install/ur5_interfaces/include/ur5_interfaces/srv
[0.432s] -- Up-to-date: /home/lorenzobusellato/univr/Robotics_vision_and_control/Assignments/Robotics/colcon_ws/install/ur5_interfaces/include/ur5_interfaces/srv/detail
[0.432s] -- Up-to-date: /home/lorenzobusellato/univr/Robotics_vision_and_control/Assignments/Robotics/colcon_ws/install/ur5_interfaces/include/ur5_interfaces/srv/detail/add_three_ints__rosidl_typesupport_fastrtps_c.h
[0.432s] -- Up-to-date: /home/lorenzobusellato/univr/Robotics_vision_and_control/Assignments/Robotics/colcon_ws/install/ur5_interfaces/include/ur5_interfaces/srv/detail/gripper__rosidl_typesupport_fastrtps_c.h
[0.432s] -- Up-to-date: /home/lorenzobusellato/univr/Robotics_vision_and_control/Assignments/Robotics/colcon_ws/install/ur5_interfaces/lib/libur5_interfaces__rosidl_typesupport_fastrtps_c.so
[0.433s] -- Up-to-date: /home/lorenzobusellato/univr/Robotics_vision_and_control/Assignments/Robotics/colcon_ws/install/ur5_interfaces/include/ur5_interfaces
[0.433s] -- Up-to-date: /home/lorenzobusellato/univr/Robotics_vision_and_control/Assignments/Robotics/colcon_ws/install/ur5_interfaces/include/ur5_interfaces/msg
[0.433s] -- Up-to-date: /home/lorenzobusellato/univr/Robotics_vision_and_control/Assignments/Robotics/colcon_ws/install/ur5_interfaces/include/ur5_interfaces/msg/rosidl_typesupport_fastrtps_cpp__visibility_control.h
[0.433s] -- Up-to-date: /home/lorenzobusellato/univr/Robotics_vision_and_control/Assignments/Robotics/colcon_ws/install/ur5_interfaces/include/ur5_interfaces/srv
[0.433s] -- Up-to-date: /home/lorenzobusellato/univr/Robotics_vision_and_control/Assignments/Robotics/colcon_ws/install/ur5_interfaces/include/ur5_interfaces/srv/detail
[0.434s] -- Up-to-date: /home/lorenzobusellato/univr/Robotics_vision_and_control/Assignments/Robotics/colcon_ws/install/ur5_interfaces/include/ur5_interfaces/srv/detail/dds_fastrtps
[0.434s] -- Up-to-date: /home/lorenzobusellato/univr/Robotics_vision_and_control/Assignments/Robotics/colcon_ws/install/ur5_interfaces/include/ur5_interfaces/srv/detail/add_three_ints__rosidl_typesupport_fastrtps_cpp.hpp
[0.434s] -- Up-to-date: /home/lorenzobusellato/univr/Robotics_vision_and_control/Assignments/Robotics/colcon_ws/install/ur5_interfaces/include/ur5_interfaces/srv/detail/gripper__rosidl_typesupport_fastrtps_cpp.hpp
[0.435s] -- Up-to-date: /home/lorenzobusellato/univr/Robotics_vision_and_control/Assignments/Robotics/colcon_ws/install/ur5_interfaces/lib/libur5_interfaces__rosidl_typesupport_fastrtps_cpp.so
[0.435s] -- Up-to-date: /home/lorenzobusellato/univr/Robotics_vision_and_control/Assignments/Robotics/colcon_ws/install/ur5_interfaces/include/ur5_interfaces
[0.435s] -- Up-to-date: /home/lorenzobusellato/univr/Robotics_vision_and_control/Assignments/Robotics/colcon_ws/install/ur5_interfaces/include/ur5_interfaces/msg
[0.435s] -- Up-to-date: /home/lorenzobusellato/univr/Robotics_vision_and_control/Assignments/Robotics/colcon_ws/install/ur5_interfaces/include/ur5_interfaces/msg/rosidl_typesupport_introspection_c__visibility_control.h
[0.435s] -- Up-to-date: /home/lorenzobusellato/univr/Robotics_vision_and_control/Assignments/Robotics/colcon_ws/install/ur5_interfaces/include/ur5_interfaces/srv
[0.435s] -- Up-to-date: /home/lorenzobusellato/univr/Robotics_vision_and_control/Assignments/Robotics/colcon_ws/install/ur5_interfaces/include/ur5_interfaces/srv/detail
[0.435s] -- Up-to-date: /home/lorenzobusellato/univr/Robotics_vision_and_control/Assignments/Robotics/colcon_ws/install/ur5_interfaces/include/ur5_interfaces/srv/detail/gripper__rosidl_typesupport_introspection_c.h
[0.436s] -- Up-to-date: /home/lorenzobusellato/univr/Robotics_vision_and_control/Assignments/Robotics/colcon_ws/install/ur5_interfaces/include/ur5_interfaces/srv/detail/add_three_ints__type_support.c
[0.436s] -- Up-to-date: /home/lorenzobusellato/univr/Robotics_vision_and_control/Assignments/Robotics/colcon_ws/install/ur5_interfaces/include/ur5_interfaces/srv/detail/add_three_ints__rosidl_typesupport_introspection_c.h
[0.436s] -- Up-to-date: /home/lorenzobusellato/univr/Robotics_vision_and_control/Assignments/Robotics/colcon_ws/install/ur5_interfaces/include/ur5_interfaces/srv/detail/gripper__type_support.c
[0.437s] -- Up-to-date: /home/lorenzobusellato/univr/Robotics_vision_and_control/Assignments/Robotics/colcon_ws/install/ur5_interfaces/lib/libur5_interfaces__rosidl_typesupport_introspection_c.so
[0.437s] -- Up-to-date: /home/lorenzobusellato/univr/Robotics_vision_and_control/Assignments/Robotics/colcon_ws/install/ur5_interfaces/lib/libur5_interfaces__rosidl_typesupport_c.so
[0.437s] -- Up-to-date: /home/lorenzobusellato/univr/Robotics_vision_and_control/Assignments/Robotics/colcon_ws/install/ur5_interfaces/include/ur5_interfaces
[0.437s] -- Up-to-date: /home/lorenzobusellato/univr/Robotics_vision_and_control/Assignments/Robotics/colcon_ws/install/ur5_interfaces/include/ur5_interfaces/srv
[0.437s] -- Up-to-date: /home/lorenzobusellato/univr/Robotics_vision_and_control/Assignments/Robotics/colcon_ws/install/ur5_interfaces/include/ur5_interfaces/srv/detail
[0.437s] -- Up-to-date: /home/lorenzobusellato/univr/Robotics_vision_and_control/Assignments/Robotics/colcon_ws/install/ur5_interfaces/include/ur5_interfaces/srv/detail/gripper__builder.hpp
[0.437s] -- Up-to-date: /home/lorenzobusellato/univr/Robotics_vision_and_control/Assignments/Robotics/colcon_ws/install/ur5_interfaces/include/ur5_interfaces/srv/detail/add_three_ints__traits.hpp
[0.438s] -- Up-to-date: /home/lorenzobusellato/univr/Robotics_vision_and_control/Assignments/Robotics/colcon_ws/install/ur5_interfaces/include/ur5_interfaces/srv/detail/add_three_ints__struct.hpp
[0.438s] -- Up-to-date: /home/lorenzobusellato/univr/Robotics_vision_and_control/Assignments/Robotics/colcon_ws/install/ur5_interfaces/include/ur5_interfaces/srv/detail/gripper__traits.hpp
[0.438s] -- Up-to-date: /home/lorenzobusellato/univr/Robotics_vision_and_control/Assignments/Robotics/colcon_ws/install/ur5_interfaces/include/ur5_interfaces/srv/detail/add_three_ints__builder.hpp
[0.438s] -- Up-to-date: /home/lorenzobusellato/univr/Robotics_vision_and_control/Assignments/Robotics/colcon_ws/install/ur5_interfaces/include/ur5_interfaces/srv/detail/gripper__struct.hpp
[0.438s] -- Up-to-date: /home/lorenzobusellato/univr/Robotics_vision_and_control/Assignments/Robotics/colcon_ws/install/ur5_interfaces/include/ur5_interfaces/srv/gripper.hpp
[0.438s] -- Up-to-date: /home/lorenzobusellato/univr/Robotics_vision_and_control/Assignments/Robotics/colcon_ws/install/ur5_interfaces/include/ur5_interfaces/srv/add_three_ints.hpp
[0.439s] -- Up-to-date: /home/lorenzobusellato/univr/Robotics_vision_and_control/Assignments/Robotics/colcon_ws/install/ur5_interfaces/include/ur5_interfaces
[0.439s] -- Up-to-date: /home/lorenzobusellato/univr/Robotics_vision_and_control/Assignments/Robotics/colcon_ws/install/ur5_interfaces/include/ur5_interfaces/srv
[0.439s] -- Up-to-date: /home/lorenzobusellato/univr/Robotics_vision_and_control/Assignments/Robotics/colcon_ws/install/ur5_interfaces/include/ur5_interfaces/srv/detail
[0.439s] -- Up-to-date: /home/lorenzobusellato/univr/Robotics_vision_and_control/Assignments/Robotics/colcon_ws/install/ur5_interfaces/include/ur5_interfaces/srv/detail/add_three_ints__rosidl_typesupport_introspection_cpp.hpp
[0.439s] -- Up-to-date: /home/lorenzobusellato/univr/Robotics_vision_and_control/Assignments/Robotics/colcon_ws/install/ur5_interfaces/include/ur5_interfaces/srv/detail/add_three_ints__type_support.cpp
[0.439s] -- Up-to-date: /home/lorenzobusellato/univr/Robotics_vision_and_control/Assignments/Robotics/colcon_ws/install/ur5_interfaces/include/ur5_interfaces/srv/detail/gripper__rosidl_typesupport_introspection_cpp.hpp
[0.440s] -- Up-to-date: /home/lorenzobusellato/univr/Robotics_vision_and_control/Assignments/Robotics/colcon_ws/install/ur5_interfaces/include/ur5_interfaces/srv/detail/gripper__type_support.cpp
[0.440s] -- Up-to-date: /home/lorenzobusellato/univr/Robotics_vision_and_control/Assignments/Robotics/colcon_ws/install/ur5_interfaces/lib/libur5_interfaces__rosidl_typesupport_introspection_cpp.so
[0.440s] -- Up-to-date: /home/lorenzobusellato/univr/Robotics_vision_and_control/Assignments/Robotics/colcon_ws/install/ur5_interfaces/lib/libur5_interfaces__rosidl_typesupport_cpp.so
[0.440s] -- Up-to-date: /home/lorenzobusellato/univr/Robotics_vision_and_control/Assignments/Robotics/colcon_ws/install/ur5_interfaces/share/ur5_interfaces/environment/pythonpath.sh
[0.440s] -- Up-to-date: /home/lorenzobusellato/univr/Robotics_vision_and_control/Assignments/Robotics/colcon_ws/install/ur5_interfaces/share/ur5_interfaces/environment/pythonpath.dsv
[0.440s] -- Up-to-date: /home/lorenzobusellato/univr/Robotics_vision_and_control/Assignments/Robotics/colcon_ws/install/ur5_interfaces/lib/python3.8/site-packages/ur5_interfaces/__init__.py
[0.481s] -- Up-to-date: /home/lorenzobusellato/univr/Robotics_vision_and_control/Assignments/Robotics/colcon_ws/install/ur5_interfaces/lib/python3.8/site-packages/ur5_interfaces/srv
[0.481s] -- Up-to-date: /home/lorenzobusellato/univr/Robotics_vision_and_control/Assignments/Robotics/colcon_ws/install/ur5_interfaces/lib/python3.8/site-packages/ur5_interfaces/srv/_gripper.py
[0.481s] -- Up-to-date: /home/lorenzobusellato/univr/Robotics_vision_and_control/Assignments/Robotics/colcon_ws/install/ur5_interfaces/lib/python3.8/site-packages/ur5_interfaces/srv/_add_three_ints_s.c
[0.481s] -- Up-to-date: /home/lorenzobusellato/univr/Robotics_vision_and_control/Assignments/Robotics/colcon_ws/install/ur5_interfaces/lib/python3.8/site-packages/ur5_interfaces/srv/_add_three_ints.py
[0.482s] -- Up-to-date: /home/lorenzobusellato/univr/Robotics_vision_and_control/Assignments/Robotics/colcon_ws/install/ur5_interfaces/lib/python3.8/site-packages/ur5_interfaces/srv/__init__.py
[0.482s] -- Up-to-date: /home/lorenzobusellato/univr/Robotics_vision_and_control/Assignments/Robotics/colcon_ws/install/ur5_interfaces/lib/python3.8/site-packages/ur5_interfaces/srv/_gripper_s.c
[0.482s] -- Up-to-date: /home/lorenzobusellato/univr/Robotics_vision_and_control/Assignments/Robotics/colcon_ws/install/ur5_interfaces/lib/python3.8/site-packages/ur5_interfaces/ur5_interfaces_s__rosidl_typesupport_fastrtps_c.cpython-38-x86_64-linux-gnu.so
[0.482s] -- Up-to-date: /home/lorenzobusellato/univr/Robotics_vision_and_control/Assignments/Robotics/colcon_ws/install/ur5_interfaces/lib/python3.8/site-packages/ur5_interfaces/ur5_interfaces_s__rosidl_typesupport_introspection_c.cpython-38-x86_64-linux-gnu.so
[0.483s] -- Up-to-date: /home/lorenzobusellato/univr/Robotics_vision_and_control/Assignments/Robotics/colcon_ws/install/ur5_interfaces/lib/python3.8/site-packages/ur5_interfaces/ur5_interfaces_s__rosidl_typesupport_c.cpython-38-x86_64-linux-gnu.so
[0.484s] -- Up-to-date: /home/lorenzobusellato/univr/Robotics_vision_and_control/Assignments/Robotics/colcon_ws/install/ur5_interfaces/lib/libur5_interfaces__python.so
[0.484s] -- Up-to-date: /home/lorenzobusellato/univr/Robotics_vision_and_control/Assignments/Robotics/colcon_ws/install/ur5_interfaces/share/ur5_interfaces/srv/Gripper.idl
[0.485s] -- Up-to-date: /home/lorenzobusellato/univr/Robotics_vision_and_control/Assignments/Robotics/colcon_ws/install/ur5_interfaces/share/ur5_interfaces/srv/Gripper.srv
[0.485s] -- Up-to-date: /home/lorenzobusellato/univr/Robotics_vision_and_control/Assignments/Robotics/colcon_ws/install/ur5_interfaces/share/ur5_interfaces/srv/Gripper_Request.msg
[0.485s] -- Up-to-date: /home/lorenzobusellato/univr/Robotics_vision_and_control/Assignments/Robotics/colcon_ws/install/ur5_interfaces/share/ur5_interfaces/srv/Gripper_Response.msg
[0.485s] -- Up-to-date: /home/lorenzobusellato/univr/Robotics_vision_and_control/Assignments/Robotics/colcon_ws/install/ur5_interfaces/share/ament_index/resource_index/package_run_dependencies/ur5_interfaces
[0.485s] -- Up-to-date: /home/lorenzobusellato/univr/Robotics_vision_and_control/Assignments/Robotics/colcon_ws/install/ur5_interfaces/share/ament_index/resource_index/parent_prefix_path/ur5_interfaces
[0.486s] -- Up-to-date: /home/lorenzobusellato/univr/Robotics_vision_and_control/Assignments/Robotics/colcon_ws/install/ur5_interfaces/share/ur5_interfaces/environment/ament_prefix_path.sh
[0.486s] -- Up-to-date: /home/lorenzobusellato/univr/Robotics_vision_and_control/Assignments/Robotics/colcon_ws/install/ur5_interfaces/share/ur5_interfaces/environment/ament_prefix_path.dsv
[0.486s] -- Up-to-date: /home/lorenzobusellato/univr/Robotics_vision_and_control/Assignments/Robotics/colcon_ws/install/ur5_interfaces/share/ur5_interfaces/environment/path.sh
[0.486s] -- Up-to-date: /home/lorenzobusellato/univr/Robotics_vision_and_control/Assignments/Robotics/colcon_ws/install/ur5_interfaces/share/ur5_interfaces/environment/path.dsv
[0.486s] -- Up-to-date: /home/lorenzobusellato/univr/Robotics_vision_and_control/Assignments/Robotics/colcon_ws/install/ur5_interfaces/share/ur5_interfaces/local_setup.bash
[0.487s] -- Up-to-date: /home/lorenzobusellato/univr/Robotics_vision_and_control/Assignments/Robotics/colcon_ws/install/ur5_interfaces/share/ur5_interfaces/local_setup.sh
[0.487s] -- Up-to-date: /home/lorenzobusellato/univr/Robotics_vision_and_control/Assignments/Robotics/colcon_ws/install/ur5_interfaces/share/ur5_interfaces/local_setup.zsh
[0.487s] -- Up-to-date: /home/lorenzobusellato/univr/Robotics_vision_and_control/Assignments/Robotics/colcon_ws/install/ur5_interfaces/share/ur5_interfaces/local_setup.dsv
[0.487s] -- Installing: /home/lorenzobusellato/univr/Robotics_vision_and_control/Assignments/Robotics/colcon_ws/install/ur5_interfaces/share/ur5_interfaces/package.dsv
[0.487s] -- Up-to-date: /home/lorenzobusellato/univr/Robotics_vision_and_control/Assignments/Robotics/colcon_ws/install/ur5_interfaces/share/ament_index/resource_index/packages/ur5_interfaces
[0.488s] -- Up-to-date: /home/lorenzobusellato/univr/Robotics_vision_and_control/Assignments/Robotics/colcon_ws/install/ur5_interfaces/share/ur5_interfaces/cmake/ur5_interfaces__rosidl_generator_cExport.cmake
[0.488s] -- Up-to-date: /home/lorenzobusellato/univr/Robotics_vision_and_control/Assignments/Robotics/colcon_ws/install/ur5_interfaces/share/ur5_interfaces/cmake/ur5_interfaces__rosidl_generator_cExport-noconfig.cmake
[0.488s] -- Up-to-date: /home/lorenzobusellato/univr/Robotics_vision_and_control/Assignments/Robotics/colcon_ws/install/ur5_interfaces/share/ur5_interfaces/cmake/ur5_interfaces__rosidl_typesupport_introspection_cExport.cmake
[0.488s] -- Up-to-date: /home/lorenzobusellato/univr/Robotics_vision_and_control/Assignments/Robotics/colcon_ws/install/ur5_interfaces/share/ur5_interfaces/cmake/ur5_interfaces__rosidl_typesupport_introspection_cExport-noconfig.cmake
[0.488s] -- Up-to-date: /home/lorenzobusellato/univr/Robotics_vision_and_control/Assignments/Robotics/colcon_ws/install/ur5_interfaces/share/ur5_interfaces/cmake/ur5_interfaces__rosidl_typesupport_cExport.cmake
[0.489s] -- Up-to-date: /home/lorenzobusellato/univr/Robotics_vision_and_control/Assignments/Robotics/colcon_ws/install/ur5_interfaces/share/ur5_interfaces/cmake/ur5_interfaces__rosidl_typesupport_cExport-noconfig.cmake
[0.489s] -- Up-to-date: /home/lorenzobusellato/univr/Robotics_vision_and_control/Assignments/Robotics/colcon_ws/install/ur5_interfaces/share/ur5_interfaces/cmake/ur5_interfaces__rosidl_generator_cppExport.cmake
[0.489s] -- Up-to-date: /home/lorenzobusellato/univr/Robotics_vision_and_control/Assignments/Robotics/colcon_ws/install/ur5_interfaces/share/ur5_interfaces/cmake/ur5_interfaces__rosidl_typesupport_introspection_cppExport.cmake
[0.490s] -- Up-to-date: /home/lorenzobusellato/univr/Robotics_vision_and_control/Assignments/Robotics/colcon_ws/install/ur5_interfaces/share/ur5_interfaces/cmake/ur5_interfaces__rosidl_typesupport_introspection_cppExport-noconfig.cmake
[0.490s] -- Up-to-date: /home/lorenzobusellato/univr/Robotics_vision_and_control/Assignments/Robotics/colcon_ws/install/ur5_interfaces/share/ur5_interfaces/cmake/ur5_interfaces__rosidl_typesupport_cppExport.cmake
[0.490s] -- Up-to-date: /home/lorenzobusellato/univr/Robotics_vision_and_control/Assignments/Robotics/colcon_ws/install/ur5_interfaces/share/ur5_interfaces/cmake/ur5_interfaces__rosidl_typesupport_cppExport-noconfig.cmake
[0.490s] -- Up-to-date: /home/lorenzobusellato/univr/Robotics_vision_and_control/Assignments/Robotics/colcon_ws/install/ur5_interfaces/share/ur5_interfaces/cmake/rosidl_cmake-extras.cmake
[0.490s] -- Up-to-date: /home/lorenzobusellato/univr/Robotics_vision_and_control/Assignments/Robotics/colcon_ws/install/ur5_interfaces/share/ur5_interfaces/cmake/ament_cmake_export_dependencies-extras.cmake
[0.491s] -- Up-to-date: /home/lorenzobusellato/univr/Robotics_vision_and_control/Assignments/Robotics/colcon_ws/install/ur5_interfaces/share/ur5_interfaces/cmake/ament_cmake_export_libraries-extras.cmake
[0.491s] -- Up-to-date: /home/lorenzobusellato/univr/Robotics_vision_and_control/Assignments/Robotics/colcon_ws/install/ur5_interfaces/share/ur5_interfaces/cmake/ament_cmake_export_targets-extras.cmake
[0.491s] -- Up-to-date: /home/lorenzobusellato/univr/Robotics_vision_and_control/Assignments/Robotics/colcon_ws/install/ur5_interfaces/share/ur5_interfaces/cmake/ament_cmake_export_include_directories-extras.cmake
[0.491s] -- Up-to-date: /home/lorenzobusellato/univr/Robotics_vision_and_control/Assignments/Robotics/colcon_ws/install/ur5_interfaces/share/ur5_interfaces/cmake/rosidl_cmake_export_typesupport_libraries-extras.cmake
[0.492s] -- Up-to-date: /home/lorenzobusellato/univr/Robotics_vision_and_control/Assignments/Robotics/colcon_ws/install/ur5_interfaces/share/ur5_interfaces/cmake/rosidl_cmake_export_typesupport_targets-extras.cmake
[0.492s] -- Up-to-date: /home/lorenzobusellato/univr/Robotics_vision_and_control/Assignments/Robotics/colcon_ws/install/ur5_interfaces/share/ur5_interfaces/cmake/ur5_interfacesConfig.cmake
[0.492s] -- Up-to-date: /home/lorenzobusellato/univr/Robotics_vision_and_control/Assignments/Robotics/colcon_ws/install/ur5_interfaces/share/ur5_interfaces/cmake/ur5_interfacesConfig-version.cmake
[0.492s] -- Up-to-date: /home/lorenzobusellato/univr/Robotics_vision_and_control/Assignments/Robotics/colcon_ws/install/ur5_interfaces/share/ur5_interfaces/package.xml
[0.494s] Invoked command in '/home/lorenzobusellato/univr/Robotics_vision_and_control/Assignments/Robotics/colcon_ws/build/ur5_interfaces' returned '0': CMAKE_PREFIX_PATH=${CMAKE_PREFIX_PATH}:/home/lorenzobusellato/univr/Robotics_vision_and_control/Assignments/Robotics/colcon_ws/install/ur5_pnp:/opt/ros/galactic /usr/bin/cmake --install /home/lorenzobusellato/univr/Robotics_vision_and_control/Assignments/Robotics/colcon_ws/build/ur5_interfaces
