[0.131s] DEBUG:colcon:Command line arguments: ['/usr/bin/colcon', 'build']
[0.132s] DEBUG:colcon:Parsed command line arguments: Namespace(allow_overriding=[], ament_cmake_args=None, base_paths=['.'], build_base='build', catkin_cmake_args=None, catkin_skip_building_tests=False, cmake_args=None, cmake_clean_cache=False, cmake_clean_first=False, cmake_force_configure=False, cmake_target=None, cmake_target_skip_unavailable=False, continue_on_error=False, event_handlers=None, executor='parallel', ignore_user_meta=False, install_base='install', log_base=None, log_level=None, main=<bound method BuildVerb.main of <colcon_core.verb.build.BuildVerb object at 0x7fad2d3655e0>>, merge_install=False, metas=['./colcon.meta'], packages_above=None, packages_above_and_dependencies=None, packages_above_depth=None, packages_end=None, packages_ignore=None, packages_ignore_regex=None, packages_select=None, packages_select_build_failed=False, packages_select_by_dep=None, packages_select_regex=None, packages_select_test_failures=False, packages_skip=None, packages_skip_build_finished=False, packages_skip_by_dep=None, packages_skip_regex=None, packages_skip_test_passed=False, packages_skip_up_to=None, packages_start=None, packages_up_to=None, packages_up_to_regex=None, parallel_workers=4, paths=None, symlink_install=False, test_result_base=None, verb_extension=<colcon_core.verb.build.BuildVerb object at 0x7fad2d3655e0>, verb_name='build', verb_parser=<colcon_defaults.argument_parser.defaults.DefaultArgumentsDecorator object at 0x7fad2d365b20>)
[0.154s] Level 1:colcon.colcon_core.package_discovery:discover_packages(colcon_meta) check parameters
[0.154s] Level 1:colcon.colcon_core.package_discovery:discover_packages(recursive) check parameters
[0.154s] Level 1:colcon.colcon_core.package_discovery:discover_packages(ignore) check parameters
[0.154s] Level 1:colcon.colcon_core.package_discovery:discover_packages(path) check parameters
[0.154s] Level 1:colcon.colcon_core.package_discovery:discover_packages(colcon_meta) discover
[0.154s] Level 1:colcon.colcon_core.package_discovery:discover_packages(recursive) discover
[0.154s] INFO:colcon.colcon_core.package_discovery:Crawling recursively for packages in '/home/lorenzobusellato/univr/Robotics_vision_and_control/Assignments/Robotics/colcon_ws'
[0.154s] Level 1:colcon.colcon_core.package_identification:_identify(.) by extensions ['ignore', 'ignore_ament_install']
[0.155s] Level 1:colcon.colcon_core.package_identification:_identify(.) by extension 'ignore'
[0.155s] Level 1:colcon.colcon_core.package_identification:_identify(.) by extension 'ignore_ament_install'
[0.155s] Level 1:colcon.colcon_core.package_identification:_identify(.) by extensions ['colcon_pkg']
[0.155s] Level 1:colcon.colcon_core.package_identification:_identify(.) by extension 'colcon_pkg'
[0.155s] Level 1:colcon.colcon_core.package_identification:_identify(.) by extensions ['colcon_meta']
[0.155s] Level 1:colcon.colcon_core.package_identification:_identify(.) by extension 'colcon_meta'
[0.155s] Level 1:colcon.colcon_core.package_identification:_identify(.) by extensions ['ros']
[0.155s] Level 1:colcon.colcon_core.package_identification:_identify(.) by extension 'ros'
[0.166s] Level 1:colcon.colcon_core.package_identification:_identify(.) by extensions ['cmake', 'python']
[0.166s] Level 1:colcon.colcon_core.package_identification:_identify(.) by extension 'cmake'
[0.166s] Level 1:colcon.colcon_core.package_identification:_identify(.) by extension 'python'
[0.166s] Level 1:colcon.colcon_core.package_identification:_identify(.) by extensions ['python_setup_py']
[0.166s] Level 1:colcon.colcon_core.package_identification:_identify(.) by extension 'python_setup_py'
[0.166s] Level 1:colcon.colcon_core.package_identification:_identify(build) by extensions ['ignore', 'ignore_ament_install']
[0.167s] Level 1:colcon.colcon_core.package_identification:_identify(build) by extension 'ignore'
[0.167s] Level 1:colcon.colcon_core.package_identification:_identify(build) ignored
[0.167s] Level 1:colcon.colcon_core.package_identification:_identify(install) by extensions ['ignore', 'ignore_ament_install']
[0.167s] Level 1:colcon.colcon_core.package_identification:_identify(install) by extension 'ignore'
[0.167s] Level 1:colcon.colcon_core.package_identification:_identify(install) ignored
[0.167s] Level 1:colcon.colcon_core.package_identification:_identify(log) by extensions ['ignore', 'ignore_ament_install']
[0.167s] Level 1:colcon.colcon_core.package_identification:_identify(log) by extension 'ignore'
[0.167s] Level 1:colcon.colcon_core.package_identification:_identify(log) ignored
[0.167s] Level 1:colcon.colcon_core.package_identification:_identify(src) by extensions ['ignore', 'ignore_ament_install']
[0.167s] Level 1:colcon.colcon_core.package_identification:_identify(src) by extension 'ignore'
[0.167s] Level 1:colcon.colcon_core.package_identification:_identify(src) by extension 'ignore_ament_install'
[0.167s] Level 1:colcon.colcon_core.package_identification:_identify(src) by extensions ['colcon_pkg']
[0.167s] Level 1:colcon.colcon_core.package_identification:_identify(src) by extension 'colcon_pkg'
[0.168s] Level 1:colcon.colcon_core.package_identification:_identify(src) by extensions ['colcon_meta']
[0.168s] Level 1:colcon.colcon_core.package_identification:_identify(src) by extension 'colcon_meta'
[0.168s] Level 1:colcon.colcon_core.package_identification:_identify(src) by extensions ['ros']
[0.168s] Level 1:colcon.colcon_core.package_identification:_identify(src) by extension 'ros'
[0.168s] Level 1:colcon.colcon_core.package_identification:_identify(src) by extensions ['cmake', 'python']
[0.168s] Level 1:colcon.colcon_core.package_identification:_identify(src) by extension 'cmake'
[0.168s] Level 1:colcon.colcon_core.package_identification:_identify(src) by extension 'python'
[0.168s] Level 1:colcon.colcon_core.package_identification:_identify(src) by extensions ['python_setup_py']
[0.168s] Level 1:colcon.colcon_core.package_identification:_identify(src) by extension 'python_setup_py'
[0.168s] Level 1:colcon.colcon_core.package_identification:_identify(src/kinematic) by extensions ['ignore', 'ignore_ament_install']
[0.168s] Level 1:colcon.colcon_core.package_identification:_identify(src/kinematic) by extension 'ignore'
[0.168s] Level 1:colcon.colcon_core.package_identification:_identify(src/kinematic) by extension 'ignore_ament_install'
[0.168s] Level 1:colcon.colcon_core.package_identification:_identify(src/kinematic) by extensions ['colcon_pkg']
[0.168s] Level 1:colcon.colcon_core.package_identification:_identify(src/kinematic) by extension 'colcon_pkg'
[0.168s] Level 1:colcon.colcon_core.package_identification:_identify(src/kinematic) by extensions ['colcon_meta']
[0.168s] Level 1:colcon.colcon_core.package_identification:_identify(src/kinematic) by extension 'colcon_meta'
[0.168s] Level 1:colcon.colcon_core.package_identification:_identify(src/kinematic) by extensions ['ros']
[0.169s] Level 1:colcon.colcon_core.package_identification:_identify(src/kinematic) by extension 'ros'
[0.171s] DEBUG:colcon.colcon_core.package_identification:Package 'src/kinematic' with type 'ros.ament_cmake' and name 'kinematic'
[0.171s] Level 1:colcon.colcon_core.package_identification:_identify(src/rvc_bringup) by extensions ['ignore', 'ignore_ament_install']
[0.171s] Level 1:colcon.colcon_core.package_identification:_identify(src/rvc_bringup) by extension 'ignore'
[0.171s] Level 1:colcon.colcon_core.package_identification:_identify(src/rvc_bringup) by extension 'ignore_ament_install'
[0.171s] Level 1:colcon.colcon_core.package_identification:_identify(src/rvc_bringup) by extensions ['colcon_pkg']
[0.171s] Level 1:colcon.colcon_core.package_identification:_identify(src/rvc_bringup) by extension 'colcon_pkg'
[0.171s] Level 1:colcon.colcon_core.package_identification:_identify(src/rvc_bringup) by extensions ['colcon_meta']
[0.171s] Level 1:colcon.colcon_core.package_identification:_identify(src/rvc_bringup) by extension 'colcon_meta'
[0.171s] Level 1:colcon.colcon_core.package_identification:_identify(src/rvc_bringup) by extensions ['ros']
[0.171s] Level 1:colcon.colcon_core.package_identification:_identify(src/rvc_bringup) by extension 'ros'
[0.172s] DEBUG:colcon.colcon_core.package_identification:Package 'src/rvc_bringup' with type 'ros.ament_cmake' and name 'rvc_bringup'
[0.172s] Level 1:colcon.colcon_core.package_identification:_identify(src/trac_ik_lib) by extensions ['ignore', 'ignore_ament_install']
[0.172s] Level 1:colcon.colcon_core.package_identification:_identify(src/trac_ik_lib) by extension 'ignore'
[0.172s] Level 1:colcon.colcon_core.package_identification:_identify(src/trac_ik_lib) by extension 'ignore_ament_install'
[0.172s] Level 1:colcon.colcon_core.package_identification:_identify(src/trac_ik_lib) by extensions ['colcon_pkg']
[0.172s] Level 1:colcon.colcon_core.package_identification:_identify(src/trac_ik_lib) by extension 'colcon_pkg'
[0.172s] Level 1:colcon.colcon_core.package_identification:_identify(src/trac_ik_lib) by extensions ['colcon_meta']
[0.172s] Level 1:colcon.colcon_core.package_identification:_identify(src/trac_ik_lib) by extension 'colcon_meta'
[0.172s] Level 1:colcon.colcon_core.package_identification:_identify(src/trac_ik_lib) by extensions ['ros']
[0.173s] Level 1:colcon.colcon_core.package_identification:_identify(src/trac_ik_lib) by extension 'ros'
[0.173s] DEBUG:colcon.colcon_core.package_identification:Package 'src/trac_ik_lib' with type 'ros.ament_cmake' and name 'trac_ik_lib'
[0.173s] Level 1:colcon.colcon_core.package_identification:_identify(src/ur5_description) by extensions ['ignore', 'ignore_ament_install']
[0.173s] Level 1:colcon.colcon_core.package_identification:_identify(src/ur5_description) by extension 'ignore'
[0.173s] Level 1:colcon.colcon_core.package_identification:_identify(src/ur5_description) by extension 'ignore_ament_install'
[0.174s] Level 1:colcon.colcon_core.package_identification:_identify(src/ur5_description) by extensions ['colcon_pkg']
[0.174s] Level 1:colcon.colcon_core.package_identification:_identify(src/ur5_description) by extension 'colcon_pkg'
[0.174s] Level 1:colcon.colcon_core.package_identification:_identify(src/ur5_description) by extensions ['colcon_meta']
[0.174s] Level 1:colcon.colcon_core.package_identification:_identify(src/ur5_description) by extension 'colcon_meta'
[0.174s] Level 1:colcon.colcon_core.package_identification:_identify(src/ur5_description) by extensions ['ros']
[0.174s] Level 1:colcon.colcon_core.package_identification:_identify(src/ur5_description) by extension 'ros'
[0.174s] DEBUG:colcon.colcon_core.package_identification:Package 'src/ur5_description' with type 'ros.ament_cmake' and name 'ur5_description'
[0.174s] Level 1:colcon.colcon_core.package_identification:_identify(src/ur5_pnp) by extensions ['ignore', 'ignore_ament_install']
[0.174s] Level 1:colcon.colcon_core.package_identification:_identify(src/ur5_pnp) by extension 'ignore'
[0.174s] Level 1:colcon.colcon_core.package_identification:_identify(src/ur5_pnp) by extension 'ignore_ament_install'
[0.175s] Level 1:colcon.colcon_core.package_identification:_identify(src/ur5_pnp) by extensions ['colcon_pkg']
[0.175s] Level 1:colcon.colcon_core.package_identification:_identify(src/ur5_pnp) by extension 'colcon_pkg'
[0.175s] Level 1:colcon.colcon_core.package_identification:_identify(src/ur5_pnp) by extensions ['colcon_meta']
[0.175s] Level 1:colcon.colcon_core.package_identification:_identify(src/ur5_pnp) by extension 'colcon_meta'
[0.175s] Level 1:colcon.colcon_core.package_identification:_identify(src/ur5_pnp) by extensions ['ros']
[0.175s] Level 1:colcon.colcon_core.package_identification:_identify(src/ur5_pnp) by extension 'ros'
[0.175s] DEBUG:colcon.colcon_core.package_identification:Package 'src/ur5_pnp' with type 'ros.ament_python' and name 'ur5_pnp'
[0.175s] Level 1:colcon.colcon_core.package_discovery:discover_packages(recursive) using defaults
[0.175s] Level 1:colcon.colcon_core.package_discovery:discover_packages(ignore) discover
[0.175s] Level 1:colcon.colcon_core.package_discovery:discover_packages(ignore) using defaults
[0.175s] Level 1:colcon.colcon_core.package_discovery:discover_packages(path) discover
[0.175s] Level 1:colcon.colcon_core.package_discovery:discover_packages(path) using defaults
[0.193s] Level 1:colcon.colcon_core.package_discovery:discover_packages(prefix_path) check parameters
[0.193s] Level 1:colcon.colcon_core.package_discovery:discover_packages(prefix_path) discover
[0.196s] DEBUG:colcon.colcon_installed_package_information.package_discovery:Found 6 installed packages in /home/lorenzobusellato/univr/Robotics_vision_and_control/Assignments/Robotics/colcon_ws/install
[0.197s] DEBUG:colcon.colcon_installed_package_information.package_discovery:Found 324 installed packages in /opt/ros/galactic
[0.208s] Level 1:colcon.colcon_core.package_discovery:discover_packages(prefix_path) using defaults
[0.289s] Level 5:colcon.colcon_core.verb:set package 'kinematic' build argument 'cmake_args' from command line to 'None'
[0.289s] Level 5:colcon.colcon_core.verb:set package 'kinematic' build argument 'cmake_target' from command line to 'None'
[0.289s] Level 5:colcon.colcon_core.verb:set package 'kinematic' build argument 'cmake_target_skip_unavailable' from command line to 'False'
[0.289s] Level 5:colcon.colcon_core.verb:set package 'kinematic' build argument 'cmake_clean_cache' from command line to 'False'
[0.289s] Level 5:colcon.colcon_core.verb:set package 'kinematic' build argument 'cmake_clean_first' from command line to 'False'
[0.289s] Level 5:colcon.colcon_core.verb:set package 'kinematic' build argument 'cmake_force_configure' from command line to 'False'
[0.290s] Level 5:colcon.colcon_core.verb:set package 'kinematic' build argument 'ament_cmake_args' from command line to 'None'
[0.290s] Level 5:colcon.colcon_core.verb:set package 'kinematic' build argument 'catkin_cmake_args' from command line to 'None'
[0.290s] Level 5:colcon.colcon_core.verb:set package 'kinematic' build argument 'catkin_skip_building_tests' from command line to 'False'
[0.290s] DEBUG:colcon.colcon_core.verb:Building package 'kinematic' with the following arguments: {'ament_cmake_args': None, 'build_base': '/home/lorenzobusellato/univr/Robotics_vision_and_control/Assignments/Robotics/colcon_ws/build/kinematic', 'catkin_cmake_args': None, 'catkin_skip_building_tests': False, 'cmake_args': None, 'cmake_clean_cache': False, 'cmake_clean_first': False, 'cmake_force_configure': False, 'cmake_target': None, 'cmake_target_skip_unavailable': False, 'install_base': '/home/lorenzobusellato/univr/Robotics_vision_and_control/Assignments/Robotics/colcon_ws/install/kinematic', 'merge_install': False, 'path': '/home/lorenzobusellato/univr/Robotics_vision_and_control/Assignments/Robotics/colcon_ws/src/kinematic', 'symlink_install': False, 'test_result_base': None}
[0.290s] Level 5:colcon.colcon_core.verb:set package 'rvc_bringup' build argument 'cmake_args' from command line to 'None'
[0.290s] Level 5:colcon.colcon_core.verb:set package 'rvc_bringup' build argument 'cmake_target' from command line to 'None'
[0.290s] Level 5:colcon.colcon_core.verb:set package 'rvc_bringup' build argument 'cmake_target_skip_unavailable' from command line to 'False'
[0.291s] Level 5:colcon.colcon_core.verb:set package 'rvc_bringup' build argument 'cmake_clean_cache' from command line to 'False'
[0.291s] Level 5:colcon.colcon_core.verb:set package 'rvc_bringup' build argument 'cmake_clean_first' from command line to 'False'
[0.291s] Level 5:colcon.colcon_core.verb:set package 'rvc_bringup' build argument 'cmake_force_configure' from command line to 'False'
[0.291s] Level 5:colcon.colcon_core.verb:set package 'rvc_bringup' build argument 'ament_cmake_args' from command line to 'None'
[0.291s] Level 5:colcon.colcon_core.verb:set package 'rvc_bringup' build argument 'catkin_cmake_args' from command line to 'None'
[0.291s] Level 5:colcon.colcon_core.verb:set package 'rvc_bringup' build argument 'catkin_skip_building_tests' from command line to 'False'
[0.291s] DEBUG:colcon.colcon_core.verb:Building package 'rvc_bringup' with the following arguments: {'ament_cmake_args': None, 'build_base': '/home/lorenzobusellato/univr/Robotics_vision_and_control/Assignments/Robotics/colcon_ws/build/rvc_bringup', 'catkin_cmake_args': None, 'catkin_skip_building_tests': False, 'cmake_args': None, 'cmake_clean_cache': False, 'cmake_clean_first': False, 'cmake_force_configure': False, 'cmake_target': None, 'cmake_target_skip_unavailable': False, 'install_base': '/home/lorenzobusellato/univr/Robotics_vision_and_control/Assignments/Robotics/colcon_ws/install/rvc_bringup', 'merge_install': False, 'path': '/home/lorenzobusellato/univr/Robotics_vision_and_control/Assignments/Robotics/colcon_ws/src/rvc_bringup', 'symlink_install': False, 'test_result_base': None}
[0.291s] Level 5:colcon.colcon_core.verb:set package 'trac_ik_lib' build argument 'cmake_args' from command line to 'None'
[0.291s] Level 5:colcon.colcon_core.verb:set package 'trac_ik_lib' build argument 'cmake_target' from command line to 'None'
[0.292s] Level 5:colcon.colcon_core.verb:set package 'trac_ik_lib' build argument 'cmake_target_skip_unavailable' from command line to 'False'
[0.292s] Level 5:colcon.colcon_core.verb:set package 'trac_ik_lib' build argument 'cmake_clean_cache' from command line to 'False'
[0.292s] Level 5:colcon.colcon_core.verb:set package 'trac_ik_lib' build argument 'cmake_clean_first' from command line to 'False'
[0.292s] Level 5:colcon.colcon_core.verb:set package 'trac_ik_lib' build argument 'cmake_force_configure' from command line to 'False'
[0.292s] Level 5:colcon.colcon_core.verb:set package 'trac_ik_lib' build argument 'ament_cmake_args' from command line to 'None'
[0.292s] Level 5:colcon.colcon_core.verb:set package 'trac_ik_lib' build argument 'catkin_cmake_args' from command line to 'None'
[0.292s] Level 5:colcon.colcon_core.verb:set package 'trac_ik_lib' build argument 'catkin_skip_building_tests' from command line to 'False'
[0.292s] DEBUG:colcon.colcon_core.verb:Building package 'trac_ik_lib' with the following arguments: {'ament_cmake_args': None, 'build_base': '/home/lorenzobusellato/univr/Robotics_vision_and_control/Assignments/Robotics/colcon_ws/build/trac_ik_lib', 'catkin_cmake_args': None, 'catkin_skip_building_tests': False, 'cmake_args': None, 'cmake_clean_cache': False, 'cmake_clean_first': False, 'cmake_force_configure': False, 'cmake_target': None, 'cmake_target_skip_unavailable': False, 'install_base': '/home/lorenzobusellato/univr/Robotics_vision_and_control/Assignments/Robotics/colcon_ws/install/trac_ik_lib', 'merge_install': False, 'path': '/home/lorenzobusellato/univr/Robotics_vision_and_control/Assignments/Robotics/colcon_ws/src/trac_ik_lib', 'symlink_install': False, 'test_result_base': None}
[0.292s] Level 5:colcon.colcon_core.verb:set package 'ur5_description' build argument 'cmake_args' from command line to 'None'
[0.292s] Level 5:colcon.colcon_core.verb:set package 'ur5_description' build argument 'cmake_target' from command line to 'None'
[0.293s] Level 5:colcon.colcon_core.verb:set package 'ur5_description' build argument 'cmake_target_skip_unavailable' from command line to 'False'
[0.293s] Level 5:colcon.colcon_core.verb:set package 'ur5_description' build argument 'cmake_clean_cache' from command line to 'False'
[0.293s] Level 5:colcon.colcon_core.verb:set package 'ur5_description' build argument 'cmake_clean_first' from command line to 'False'
[0.293s] Level 5:colcon.colcon_core.verb:set package 'ur5_description' build argument 'cmake_force_configure' from command line to 'False'
[0.293s] Level 5:colcon.colcon_core.verb:set package 'ur5_description' build argument 'ament_cmake_args' from command line to 'None'
[0.293s] Level 5:colcon.colcon_core.verb:set package 'ur5_description' build argument 'catkin_cmake_args' from command line to 'None'
[0.293s] Level 5:colcon.colcon_core.verb:set package 'ur5_description' build argument 'catkin_skip_building_tests' from command line to 'False'
[0.293s] DEBUG:colcon.colcon_core.verb:Building package 'ur5_description' with the following arguments: {'ament_cmake_args': None, 'build_base': '/home/lorenzobusellato/univr/Robotics_vision_and_control/Assignments/Robotics/colcon_ws/build/ur5_description', 'catkin_cmake_args': None, 'catkin_skip_building_tests': False, 'cmake_args': None, 'cmake_clean_cache': False, 'cmake_clean_first': False, 'cmake_force_configure': False, 'cmake_target': None, 'cmake_target_skip_unavailable': False, 'install_base': '/home/lorenzobusellato/univr/Robotics_vision_and_control/Assignments/Robotics/colcon_ws/install/ur5_description', 'merge_install': False, 'path': '/home/lorenzobusellato/univr/Robotics_vision_and_control/Assignments/Robotics/colcon_ws/src/ur5_description', 'symlink_install': False, 'test_result_base': None}
[0.293s] Level 5:colcon.colcon_core.verb:set package 'ur5_pnp' build argument 'cmake_args' from command line to 'None'
[0.293s] Level 5:colcon.colcon_core.verb:set package 'ur5_pnp' build argument 'cmake_target' from command line to 'None'
[0.293s] Level 5:colcon.colcon_core.verb:set package 'ur5_pnp' build argument 'cmake_target_skip_unavailable' from command line to 'False'
[0.294s] Level 5:colcon.colcon_core.verb:set package 'ur5_pnp' build argument 'cmake_clean_cache' from command line to 'False'
[0.294s] Level 5:colcon.colcon_core.verb:set package 'ur5_pnp' build argument 'cmake_clean_first' from command line to 'False'
[0.294s] Level 5:colcon.colcon_core.verb:set package 'ur5_pnp' build argument 'cmake_force_configure' from command line to 'False'
[0.294s] Level 5:colcon.colcon_core.verb:set package 'ur5_pnp' build argument 'ament_cmake_args' from command line to 'None'
[0.294s] Level 5:colcon.colcon_core.verb:set package 'ur5_pnp' build argument 'catkin_cmake_args' from command line to 'None'
[0.294s] Level 5:colcon.colcon_core.verb:set package 'ur5_pnp' build argument 'catkin_skip_building_tests' from command line to 'False'
[0.294s] DEBUG:colcon.colcon_core.verb:Building package 'ur5_pnp' with the following arguments: {'ament_cmake_args': None, 'build_base': '/home/lorenzobusellato/univr/Robotics_vision_and_control/Assignments/Robotics/colcon_ws/build/ur5_pnp', 'catkin_cmake_args': None, 'catkin_skip_building_tests': False, 'cmake_args': None, 'cmake_clean_cache': False, 'cmake_clean_first': False, 'cmake_force_configure': False, 'cmake_target': None, 'cmake_target_skip_unavailable': False, 'install_base': '/home/lorenzobusellato/univr/Robotics_vision_and_control/Assignments/Robotics/colcon_ws/install/ur5_pnp', 'merge_install': False, 'path': '/home/lorenzobusellato/univr/Robotics_vision_and_control/Assignments/Robotics/colcon_ws/src/ur5_pnp', 'symlink_install': False, 'test_result_base': None}
[0.294s] INFO:colcon.colcon_core.executor:Executing jobs using 'parallel' executor
[0.296s] DEBUG:colcon.colcon_parallel_executor.executor.parallel:run_until_complete
[0.296s] INFO:colcon.colcon_ros.task.ament_cmake.build:Building ROS package in '/home/lorenzobusellato/univr/Robotics_vision_and_control/Assignments/Robotics/colcon_ws/src/kinematic' with build type 'ament_cmake'
[0.296s] INFO:colcon.colcon_cmake.task.cmake.build:Building CMake package in '/home/lorenzobusellato/univr/Robotics_vision_and_control/Assignments/Robotics/colcon_ws/src/kinematic'
[0.300s] INFO:colcon.colcon_core.plugin_system:Skipping extension 'colcon_core.shell.bat': Not used on non-Windows systems
[0.300s] INFO:colcon.colcon_core.shell:Skip shell extension 'powershell' for command environment: Not usable outside of PowerShell
[0.300s] DEBUG:colcon.colcon_core.shell:Skip shell extension 'dsv' for command environment
[0.305s] INFO:colcon.colcon_ros.task.ament_cmake.build:Building ROS package in '/home/lorenzobusellato/univr/Robotics_vision_and_control/Assignments/Robotics/colcon_ws/src/rvc_bringup' with build type 'ament_cmake'
[0.306s] INFO:colcon.colcon_cmake.task.cmake.build:Building CMake package in '/home/lorenzobusellato/univr/Robotics_vision_and_control/Assignments/Robotics/colcon_ws/src/rvc_bringup'
[0.307s] INFO:colcon.colcon_core.shell:Skip shell extension 'powershell' for command environment: Not usable outside of PowerShell
[0.307s] DEBUG:colcon.colcon_core.shell:Skip shell extension 'dsv' for command environment
[0.313s] INFO:colcon.colcon_ros.task.ament_cmake.build:Building ROS package in '/home/lorenzobusellato/univr/Robotics_vision_and_control/Assignments/Robotics/colcon_ws/src/trac_ik_lib' with build type 'ament_cmake'
[0.314s] INFO:colcon.colcon_cmake.task.cmake.build:Building CMake package in '/home/lorenzobusellato/univr/Robotics_vision_and_control/Assignments/Robotics/colcon_ws/src/trac_ik_lib'
[0.315s] INFO:colcon.colcon_core.shell:Skip shell extension 'powershell' for command environment: Not usable outside of PowerShell
[0.315s] DEBUG:colcon.colcon_core.shell:Skip shell extension 'dsv' for command environment
[0.321s] INFO:colcon.colcon_ros.task.ament_cmake.build:Building ROS package in '/home/lorenzobusellato/univr/Robotics_vision_and_control/Assignments/Robotics/colcon_ws/src/ur5_description' with build type 'ament_cmake'
[0.321s] INFO:colcon.colcon_cmake.task.cmake.build:Building CMake package in '/home/lorenzobusellato/univr/Robotics_vision_and_control/Assignments/Robotics/colcon_ws/src/ur5_description'
[0.322s] INFO:colcon.colcon_core.shell:Skip shell extension 'powershell' for command environment: Not usable outside of PowerShell
[0.323s] DEBUG:colcon.colcon_core.shell:Skip shell extension 'dsv' for command environment
[0.335s] DEBUG:colcon.colcon_core.event_handler.log_command:Invoking command in '/home/lorenzobusellato/univr/Robotics_vision_and_control/Assignments/Robotics/colcon_ws/build/kinematic': CMAKE_PREFIX_PATH=${CMAKE_PREFIX_PATH}:/home/lorenzobusellato/univr/Robotics_vision_and_control/Assignments/Robotics/colcon_ws/install/ur5_pnp:/opt/ros/galactic /usr/bin/cmake --build /home/lorenzobusellato/univr/Robotics_vision_and_control/Assignments/Robotics/colcon_ws/build/kinematic -- -j4 -l4
[0.344s] DEBUG:colcon.colcon_core.event_handler.log_command:Invoking command in '/home/lorenzobusellato/univr/Robotics_vision_and_control/Assignments/Robotics/colcon_ws/build/rvc_bringup': CMAKE_PREFIX_PATH=${CMAKE_PREFIX_PATH}:/home/lorenzobusellato/univr/Robotics_vision_and_control/Assignments/Robotics/colcon_ws/install/ur5_pnp:/opt/ros/galactic /usr/bin/cmake --build /home/lorenzobusellato/univr/Robotics_vision_and_control/Assignments/Robotics/colcon_ws/build/rvc_bringup -- -j4 -l4
[0.350s] DEBUG:colcon.colcon_core.event_handler.log_command:Invoking command in '/home/lorenzobusellato/univr/Robotics_vision_and_control/Assignments/Robotics/colcon_ws/build/trac_ik_lib': CMAKE_PREFIX_PATH=${CMAKE_PREFIX_PATH}:/home/lorenzobusellato/univr/Robotics_vision_and_control/Assignments/Robotics/colcon_ws/install/ur5_pnp:/opt/ros/galactic /usr/bin/cmake --build /home/lorenzobusellato/univr/Robotics_vision_and_control/Assignments/Robotics/colcon_ws/build/trac_ik_lib -- -j4 -l4
[0.356s] DEBUG:colcon.colcon_core.event_handler.log_command:Invoking command in '/home/lorenzobusellato/univr/Robotics_vision_and_control/Assignments/Robotics/colcon_ws/build/ur5_description': CMAKE_PREFIX_PATH=${CMAKE_PREFIX_PATH}:/home/lorenzobusellato/univr/Robotics_vision_and_control/Assignments/Robotics/colcon_ws/install/ur5_pnp:/opt/ros/galactic /usr/bin/cmake --build /home/lorenzobusellato/univr/Robotics_vision_and_control/Assignments/Robotics/colcon_ws/build/ur5_description -- -j4 -l4
[0.400s] DEBUG:colcon.colcon_core.event_handler.log_command:Invoked command in '/home/lorenzobusellato/univr/Robotics_vision_and_control/Assignments/Robotics/colcon_ws/build/rvc_bringup' returned '0': CMAKE_PREFIX_PATH=${CMAKE_PREFIX_PATH}:/home/lorenzobusellato/univr/Robotics_vision_and_control/Assignments/Robotics/colcon_ws/install/ur5_pnp:/opt/ros/galactic /usr/bin/cmake --build /home/lorenzobusellato/univr/Robotics_vision_and_control/Assignments/Robotics/colcon_ws/build/rvc_bringup -- -j4 -l4
[0.430s] DEBUG:colcon.colcon_core.event_handler.log_command:Invoked command in '/home/lorenzobusellato/univr/Robotics_vision_and_control/Assignments/Robotics/colcon_ws/build/ur5_description' returned '0': CMAKE_PREFIX_PATH=${CMAKE_PREFIX_PATH}:/home/lorenzobusellato/univr/Robotics_vision_and_control/Assignments/Robotics/colcon_ws/install/ur5_pnp:/opt/ros/galactic /usr/bin/cmake --build /home/lorenzobusellato/univr/Robotics_vision_and_control/Assignments/Robotics/colcon_ws/build/ur5_description -- -j4 -l4
[0.468s] DEBUG:colcon.colcon_core.event_handler.log_command:Invoking command in '/home/lorenzobusellato/univr/Robotics_vision_and_control/Assignments/Robotics/colcon_ws/build/rvc_bringup': CMAKE_PREFIX_PATH=${CMAKE_PREFIX_PATH}:/home/lorenzobusellato/univr/Robotics_vision_and_control/Assignments/Robotics/colcon_ws/install/ur5_pnp:/opt/ros/galactic /usr/bin/cmake --install /home/lorenzobusellato/univr/Robotics_vision_and_control/Assignments/Robotics/colcon_ws/build/rvc_bringup
[0.487s] DEBUG:colcon.colcon_core.event_handler.log_command:Invoked command in '/home/lorenzobusellato/univr/Robotics_vision_and_control/Assignments/Robotics/colcon_ws/build/kinematic' returned '0': CMAKE_PREFIX_PATH=${CMAKE_PREFIX_PATH}:/home/lorenzobusellato/univr/Robotics_vision_and_control/Assignments/Robotics/colcon_ws/install/ur5_pnp:/opt/ros/galactic /usr/bin/cmake --build /home/lorenzobusellato/univr/Robotics_vision_and_control/Assignments/Robotics/colcon_ws/build/kinematic -- -j4 -l4
[0.489s] Level 1:colcon.colcon_core.environment:create_environment_scripts_only(rvc_bringup)
[0.490s] DEBUG:colcon.colcon_core.event_handler.log_command:Invoked command in '/home/lorenzobusellato/univr/Robotics_vision_and_control/Assignments/Robotics/colcon_ws/build/rvc_bringup' returned '0': CMAKE_PREFIX_PATH=${CMAKE_PREFIX_PATH}:/home/lorenzobusellato/univr/Robotics_vision_and_control/Assignments/Robotics/colcon_ws/install/ur5_pnp:/opt/ros/galactic /usr/bin/cmake --install /home/lorenzobusellato/univr/Robotics_vision_and_control/Assignments/Robotics/colcon_ws/build/rvc_bringup
[0.497s] Level 1:colcon.colcon_core.environment:checking '/home/lorenzobusellato/univr/Robotics_vision_and_control/Assignments/Robotics/colcon_ws/install/rvc_bringup' for CMake module files
[0.497s] Level 1:colcon.colcon_core.environment:checking '/home/lorenzobusellato/univr/Robotics_vision_and_control/Assignments/Robotics/colcon_ws/install/rvc_bringup' for CMake config files
[0.497s] Level 1:colcon.colcon_core.shell:create_environment_hook('rvc_bringup', 'cmake_prefix_path')
[0.498s] INFO:colcon.colcon_core.shell:Creating environment hook '/home/lorenzobusellato/univr/Robotics_vision_and_control/Assignments/Robotics/colcon_ws/install/rvc_bringup/share/rvc_bringup/hook/cmake_prefix_path.ps1'
[0.499s] INFO:colcon.colcon_core.shell:Creating environment descriptor '/home/lorenzobusellato/univr/Robotics_vision_and_control/Assignments/Robotics/colcon_ws/install/rvc_bringup/share/rvc_bringup/hook/cmake_prefix_path.dsv'
[0.499s] INFO:colcon.colcon_core.shell:Creating environment hook '/home/lorenzobusellato/univr/Robotics_vision_and_control/Assignments/Robotics/colcon_ws/install/rvc_bringup/share/rvc_bringup/hook/cmake_prefix_path.sh'
[0.500s] Level 1:colcon.colcon_core.environment:checking '/home/lorenzobusellato/univr/Robotics_vision_and_control/Assignments/Robotics/colcon_ws/install/rvc_bringup/bin'
[0.501s] Level 1:colcon.colcon_core.environment:checking '/home/lorenzobusellato/univr/Robotics_vision_and_control/Assignments/Robotics/colcon_ws/install/rvc_bringup/lib/pkgconfig/rvc_bringup.pc'
[0.501s] Level 1:colcon.colcon_core.environment:checking '/home/lorenzobusellato/univr/Robotics_vision_and_control/Assignments/Robotics/colcon_ws/install/rvc_bringup/lib/python3.8/site-packages'
[0.501s] Level 1:colcon.colcon_core.environment:checking '/home/lorenzobusellato/univr/Robotics_vision_and_control/Assignments/Robotics/colcon_ws/install/rvc_bringup/bin'
[0.502s] INFO:colcon.colcon_core.shell:Creating package script '/home/lorenzobusellato/univr/Robotics_vision_and_control/Assignments/Robotics/colcon_ws/install/rvc_bringup/share/rvc_bringup/package.ps1'
[0.503s] INFO:colcon.colcon_core.shell:Creating package descriptor '/home/lorenzobusellato/univr/Robotics_vision_and_control/Assignments/Robotics/colcon_ws/install/rvc_bringup/share/rvc_bringup/package.dsv'
[0.504s] INFO:colcon.colcon_core.shell:Creating package script '/home/lorenzobusellato/univr/Robotics_vision_and_control/Assignments/Robotics/colcon_ws/install/rvc_bringup/share/rvc_bringup/package.sh'
[0.505s] INFO:colcon.colcon_core.shell:Creating package script '/home/lorenzobusellato/univr/Robotics_vision_and_control/Assignments/Robotics/colcon_ws/install/rvc_bringup/share/rvc_bringup/package.bash'
[0.505s] INFO:colcon.colcon_core.shell:Creating package script '/home/lorenzobusellato/univr/Robotics_vision_and_control/Assignments/Robotics/colcon_ws/install/rvc_bringup/share/rvc_bringup/package.zsh'
[0.506s] Level 1:colcon.colcon_core.environment:create_file_with_runtime_dependencies(/home/lorenzobusellato/univr/Robotics_vision_and_control/Assignments/Robotics/colcon_ws/install/rvc_bringup/share/colcon-core/packages/rvc_bringup)
[0.516s] DEBUG:colcon.colcon_core.event_handler.log_command:Invoked command in '/home/lorenzobusellato/univr/Robotics_vision_and_control/Assignments/Robotics/colcon_ws/build/trac_ik_lib' returned '0': CMAKE_PREFIX_PATH=${CMAKE_PREFIX_PATH}:/home/lorenzobusellato/univr/Robotics_vision_and_control/Assignments/Robotics/colcon_ws/install/ur5_pnp:/opt/ros/galactic /usr/bin/cmake --build /home/lorenzobusellato/univr/Robotics_vision_and_control/Assignments/Robotics/colcon_ws/build/trac_ik_lib -- -j4 -l4
[0.526s] DEBUG:colcon.colcon_core.event_handler.log_command:Invoking command in '/home/lorenzobusellato/univr/Robotics_vision_and_control/Assignments/Robotics/colcon_ws/build/ur5_description': CMAKE_PREFIX_PATH=${CMAKE_PREFIX_PATH}:/home/lorenzobusellato/univr/Robotics_vision_and_control/Assignments/Robotics/colcon_ws/install/ur5_pnp:/opt/ros/galactic /usr/bin/cmake --install /home/lorenzobusellato/univr/Robotics_vision_and_control/Assignments/Robotics/colcon_ws/build/ur5_description
[0.529s] DEBUG:colcon.colcon_core.event_handler.log_command:Invoking command in '/home/lorenzobusellato/univr/Robotics_vision_and_control/Assignments/Robotics/colcon_ws/build/kinematic': CMAKE_PREFIX_PATH=${CMAKE_PREFIX_PATH}:/home/lorenzobusellato/univr/Robotics_vision_and_control/Assignments/Robotics/colcon_ws/install/ur5_pnp:/opt/ros/galactic /usr/bin/cmake --install /home/lorenzobusellato/univr/Robotics_vision_and_control/Assignments/Robotics/colcon_ws/build/kinematic
[0.558s] Level 1:colcon.colcon_core.environment:create_environment_scripts_only(ur5_description)
[0.560s] Level 1:colcon.colcon_core.environment:checking '/home/lorenzobusellato/univr/Robotics_vision_and_control/Assignments/Robotics/colcon_ws/install/ur5_description' for CMake module files
[0.561s] Level 1:colcon.colcon_core.environment:checking '/home/lorenzobusellato/univr/Robotics_vision_and_control/Assignments/Robotics/colcon_ws/install/ur5_description' for CMake config files
[0.562s] Level 1:colcon.colcon_core.shell:create_environment_hook('ur5_description', 'cmake_prefix_path')
[0.563s] INFO:colcon.colcon_core.shell:Creating environment hook '/home/lorenzobusellato/univr/Robotics_vision_and_control/Assignments/Robotics/colcon_ws/install/ur5_description/share/ur5_description/hook/cmake_prefix_path.ps1'
[0.574s] INFO:colcon.colcon_core.shell:Creating environment descriptor '/home/lorenzobusellato/univr/Robotics_vision_and_control/Assignments/Robotics/colcon_ws/install/ur5_description/share/ur5_description/hook/cmake_prefix_path.dsv'
[0.575s] INFO:colcon.colcon_core.shell:Creating environment hook '/home/lorenzobusellato/univr/Robotics_vision_and_control/Assignments/Robotics/colcon_ws/install/ur5_description/share/ur5_description/hook/cmake_prefix_path.sh'
[0.576s] Level 1:colcon.colcon_core.environment:checking '/home/lorenzobusellato/univr/Robotics_vision_and_control/Assignments/Robotics/colcon_ws/install/ur5_description/bin'
[0.576s] Level 1:colcon.colcon_core.environment:checking '/home/lorenzobusellato/univr/Robotics_vision_and_control/Assignments/Robotics/colcon_ws/install/ur5_description/lib/pkgconfig/ur5_description.pc'
[0.576s] Level 1:colcon.colcon_core.environment:checking '/home/lorenzobusellato/univr/Robotics_vision_and_control/Assignments/Robotics/colcon_ws/install/ur5_description/lib/python3.8/site-packages'
[0.577s] Level 1:colcon.colcon_core.environment:checking '/home/lorenzobusellato/univr/Robotics_vision_and_control/Assignments/Robotics/colcon_ws/install/ur5_description/bin'
[0.578s] INFO:colcon.colcon_core.shell:Creating package script '/home/lorenzobusellato/univr/Robotics_vision_and_control/Assignments/Robotics/colcon_ws/install/ur5_description/share/ur5_description/package.ps1'
[0.580s] INFO:colcon.colcon_core.shell:Creating package descriptor '/home/lorenzobusellato/univr/Robotics_vision_and_control/Assignments/Robotics/colcon_ws/install/ur5_description/share/ur5_description/package.dsv'
[0.582s] INFO:colcon.colcon_core.shell:Creating package script '/home/lorenzobusellato/univr/Robotics_vision_and_control/Assignments/Robotics/colcon_ws/install/ur5_description/share/ur5_description/package.sh'
[0.583s] INFO:colcon.colcon_core.shell:Creating package script '/home/lorenzobusellato/univr/Robotics_vision_and_control/Assignments/Robotics/colcon_ws/install/ur5_description/share/ur5_description/package.bash'
[0.585s] INFO:colcon.colcon_core.shell:Creating package script '/home/lorenzobusellato/univr/Robotics_vision_and_control/Assignments/Robotics/colcon_ws/install/ur5_description/share/ur5_description/package.zsh'
[0.586s] Level 1:colcon.colcon_core.environment:create_file_with_runtime_dependencies(/home/lorenzobusellato/univr/Robotics_vision_and_control/Assignments/Robotics/colcon_ws/install/ur5_description/share/colcon-core/packages/ur5_description)
[0.599s] DEBUG:colcon.colcon_core.event_handler.log_command:Invoked command in '/home/lorenzobusellato/univr/Robotics_vision_and_control/Assignments/Robotics/colcon_ws/build/ur5_description' returned '0': CMAKE_PREFIX_PATH=${CMAKE_PREFIX_PATH}:/home/lorenzobusellato/univr/Robotics_vision_and_control/Assignments/Robotics/colcon_ws/install/ur5_pnp:/opt/ros/galactic /usr/bin/cmake --install /home/lorenzobusellato/univr/Robotics_vision_and_control/Assignments/Robotics/colcon_ws/build/ur5_description
[0.601s] Level 1:colcon.colcon_core.environment:create_environment_scripts_only(kinematic)
[0.603s] Level 1:colcon.colcon_core.environment:checking '/home/lorenzobusellato/univr/Robotics_vision_and_control/Assignments/Robotics/colcon_ws/install/kinematic' for CMake module files
[0.604s] Level 1:colcon.colcon_core.environment:checking '/home/lorenzobusellato/univr/Robotics_vision_and_control/Assignments/Robotics/colcon_ws/install/kinematic' for CMake config files
[0.605s] DEBUG:colcon.colcon_core.event_handler.log_command:Invoked command in '/home/lorenzobusellato/univr/Robotics_vision_and_control/Assignments/Robotics/colcon_ws/build/kinematic' returned '0': CMAKE_PREFIX_PATH=${CMAKE_PREFIX_PATH}:/home/lorenzobusellato/univr/Robotics_vision_and_control/Assignments/Robotics/colcon_ws/install/ur5_pnp:/opt/ros/galactic /usr/bin/cmake --install /home/lorenzobusellato/univr/Robotics_vision_and_control/Assignments/Robotics/colcon_ws/build/kinematic
[0.605s] Level 1:colcon.colcon_core.shell:create_environment_hook('kinematic', 'cmake_prefix_path')
[0.606s] INFO:colcon.colcon_core.shell:Creating environment hook '/home/lorenzobusellato/univr/Robotics_vision_and_control/Assignments/Robotics/colcon_ws/install/kinematic/share/kinematic/hook/cmake_prefix_path.ps1'
[0.608s] INFO:colcon.colcon_core.shell:Creating environment descriptor '/home/lorenzobusellato/univr/Robotics_vision_and_control/Assignments/Robotics/colcon_ws/install/kinematic/share/kinematic/hook/cmake_prefix_path.dsv'
[0.608s] INFO:colcon.colcon_core.shell:Creating environment hook '/home/lorenzobusellato/univr/Robotics_vision_and_control/Assignments/Robotics/colcon_ws/install/kinematic/share/kinematic/hook/cmake_prefix_path.sh'
[0.609s] Level 1:colcon.colcon_core.environment:checking '/home/lorenzobusellato/univr/Robotics_vision_and_control/Assignments/Robotics/colcon_ws/install/kinematic/lib'
[0.610s] Level 1:colcon.colcon_core.environment:checking '/home/lorenzobusellato/univr/Robotics_vision_and_control/Assignments/Robotics/colcon_ws/install/kinematic/bin'
[0.610s] Level 1:colcon.colcon_core.environment:checking '/home/lorenzobusellato/univr/Robotics_vision_and_control/Assignments/Robotics/colcon_ws/install/kinematic/lib/pkgconfig/kinematic.pc'
[0.610s] Level 1:colcon.colcon_core.environment:checking '/home/lorenzobusellato/univr/Robotics_vision_and_control/Assignments/Robotics/colcon_ws/install/kinematic/lib/python3.8/site-packages'
[0.610s] Level 1:colcon.colcon_core.environment:checking '/home/lorenzobusellato/univr/Robotics_vision_and_control/Assignments/Robotics/colcon_ws/install/kinematic/bin'
[0.611s] INFO:colcon.colcon_core.shell:Creating package script '/home/lorenzobusellato/univr/Robotics_vision_and_control/Assignments/Robotics/colcon_ws/install/kinematic/share/kinematic/package.ps1'
[0.612s] INFO:colcon.colcon_core.shell:Creating package descriptor '/home/lorenzobusellato/univr/Robotics_vision_and_control/Assignments/Robotics/colcon_ws/install/kinematic/share/kinematic/package.dsv'
[0.612s] INFO:colcon.colcon_core.shell:Creating package script '/home/lorenzobusellato/univr/Robotics_vision_and_control/Assignments/Robotics/colcon_ws/install/kinematic/share/kinematic/package.sh'
[0.613s] INFO:colcon.colcon_core.shell:Creating package script '/home/lorenzobusellato/univr/Robotics_vision_and_control/Assignments/Robotics/colcon_ws/install/kinematic/share/kinematic/package.bash'
[0.614s] INFO:colcon.colcon_core.shell:Creating package script '/home/lorenzobusellato/univr/Robotics_vision_and_control/Assignments/Robotics/colcon_ws/install/kinematic/share/kinematic/package.zsh'
[0.614s] Level 1:colcon.colcon_core.environment:create_file_with_runtime_dependencies(/home/lorenzobusellato/univr/Robotics_vision_and_control/Assignments/Robotics/colcon_ws/install/kinematic/share/colcon-core/packages/kinematic)
[0.634s] DEBUG:colcon.colcon_core.event_handler.log_command:Invoking command in '/home/lorenzobusellato/univr/Robotics_vision_and_control/Assignments/Robotics/colcon_ws/build/trac_ik_lib': CMAKE_PREFIX_PATH=${CMAKE_PREFIX_PATH}:/home/lorenzobusellato/univr/Robotics_vision_and_control/Assignments/Robotics/colcon_ws/install/ur5_pnp:/opt/ros/galactic /usr/bin/cmake --install /home/lorenzobusellato/univr/Robotics_vision_and_control/Assignments/Robotics/colcon_ws/build/trac_ik_lib
[0.641s] Level 1:colcon.colcon_core.environment:create_environment_scripts_only(rvc_bringup)
[0.643s] Level 1:colcon.colcon_core.environment:checking '/home/lorenzobusellato/univr/Robotics_vision_and_control/Assignments/Robotics/colcon_ws/install/rvc_bringup' for CMake module files
[0.644s] Level 1:colcon.colcon_core.environment:checking '/home/lorenzobusellato/univr/Robotics_vision_and_control/Assignments/Robotics/colcon_ws/install/rvc_bringup' for CMake config files
[0.644s] Level 1:colcon.colcon_core.shell:create_environment_hook('rvc_bringup', 'cmake_prefix_path')
[0.645s] INFO:colcon.colcon_core.shell:Creating environment hook '/home/lorenzobusellato/univr/Robotics_vision_and_control/Assignments/Robotics/colcon_ws/install/rvc_bringup/share/rvc_bringup/hook/cmake_prefix_path.ps1'
[0.646s] INFO:colcon.colcon_core.shell:Creating environment descriptor '/home/lorenzobusellato/univr/Robotics_vision_and_control/Assignments/Robotics/colcon_ws/install/rvc_bringup/share/rvc_bringup/hook/cmake_prefix_path.dsv'
[0.647s] INFO:colcon.colcon_core.shell:Creating environment hook '/home/lorenzobusellato/univr/Robotics_vision_and_control/Assignments/Robotics/colcon_ws/install/rvc_bringup/share/rvc_bringup/hook/cmake_prefix_path.sh'
[0.648s] Level 1:colcon.colcon_core.environment:checking '/home/lorenzobusellato/univr/Robotics_vision_and_control/Assignments/Robotics/colcon_ws/install/rvc_bringup/bin'
[0.648s] Level 1:colcon.colcon_core.environment:checking '/home/lorenzobusellato/univr/Robotics_vision_and_control/Assignments/Robotics/colcon_ws/install/rvc_bringup/lib/pkgconfig/rvc_bringup.pc'
[0.648s] Level 1:colcon.colcon_core.environment:checking '/home/lorenzobusellato/univr/Robotics_vision_and_control/Assignments/Robotics/colcon_ws/install/rvc_bringup/lib/python3.8/site-packages'
[0.649s] Level 1:colcon.colcon_core.environment:checking '/home/lorenzobusellato/univr/Robotics_vision_and_control/Assignments/Robotics/colcon_ws/install/rvc_bringup/bin'
[0.650s] INFO:colcon.colcon_core.shell:Creating package script '/home/lorenzobusellato/univr/Robotics_vision_and_control/Assignments/Robotics/colcon_ws/install/rvc_bringup/share/rvc_bringup/package.ps1'
[0.651s] INFO:colcon.colcon_core.shell:Creating package descriptor '/home/lorenzobusellato/univr/Robotics_vision_and_control/Assignments/Robotics/colcon_ws/install/rvc_bringup/share/rvc_bringup/package.dsv'
[0.652s] INFO:colcon.colcon_core.shell:Creating package script '/home/lorenzobusellato/univr/Robotics_vision_and_control/Assignments/Robotics/colcon_ws/install/rvc_bringup/share/rvc_bringup/package.sh'
[0.652s] INFO:colcon.colcon_core.shell:Creating package script '/home/lorenzobusellato/univr/Robotics_vision_and_control/Assignments/Robotics/colcon_ws/install/rvc_bringup/share/rvc_bringup/package.bash'
[0.653s] INFO:colcon.colcon_core.shell:Creating package script '/home/lorenzobusellato/univr/Robotics_vision_and_control/Assignments/Robotics/colcon_ws/install/rvc_bringup/share/rvc_bringup/package.zsh'
[0.654s] Level 1:colcon.colcon_core.environment:create_file_with_runtime_dependencies(/home/lorenzobusellato/univr/Robotics_vision_and_control/Assignments/Robotics/colcon_ws/install/rvc_bringup/share/colcon-core/packages/rvc_bringup)
[0.656s] INFO:colcon.colcon_ros.task.ament_python.build:Building ROS package in '/home/lorenzobusellato/univr/Robotics_vision_and_control/Assignments/Robotics/colcon_ws/src/ur5_pnp' with build type 'ament_python'
[0.657s] Level 1:colcon.colcon_core.shell:create_environment_hook('ur5_pnp', 'ament_prefix_path')
[0.658s] INFO:colcon.colcon_core.shell:Creating environment hook '/home/lorenzobusellato/univr/Robotics_vision_and_control/Assignments/Robotics/colcon_ws/install/ur5_pnp/share/ur5_pnp/hook/ament_prefix_path.ps1'
[0.662s] INFO:colcon.colcon_core.shell:Creating environment descriptor '/home/lorenzobusellato/univr/Robotics_vision_and_control/Assignments/Robotics/colcon_ws/install/ur5_pnp/share/ur5_pnp/hook/ament_prefix_path.dsv'
[0.663s] INFO:colcon.colcon_core.shell:Creating environment hook '/home/lorenzobusellato/univr/Robotics_vision_and_control/Assignments/Robotics/colcon_ws/install/ur5_pnp/share/ur5_pnp/hook/ament_prefix_path.sh'
[0.666s] INFO:colcon.colcon_core.shell:Skip shell extension 'powershell' for command environment: Not usable outside of PowerShell
[0.666s] DEBUG:colcon.colcon_core.shell:Skip shell extension 'dsv' for command environment
[0.678s] Level 1:colcon.colcon_core.environment:create_environment_scripts_only(trac_ik_lib)
[0.679s] Level 1:colcon.colcon_core.environment:checking '/home/lorenzobusellato/univr/Robotics_vision_and_control/Assignments/Robotics/colcon_ws/install/trac_ik_lib' for CMake module files
[0.681s] DEBUG:colcon.colcon_core.event_handler.log_command:Invoked command in '/home/lorenzobusellato/univr/Robotics_vision_and_control/Assignments/Robotics/colcon_ws/build/trac_ik_lib' returned '0': CMAKE_PREFIX_PATH=${CMAKE_PREFIX_PATH}:/home/lorenzobusellato/univr/Robotics_vision_and_control/Assignments/Robotics/colcon_ws/install/ur5_pnp:/opt/ros/galactic /usr/bin/cmake --install /home/lorenzobusellato/univr/Robotics_vision_and_control/Assignments/Robotics/colcon_ws/build/trac_ik_lib
[0.681s] Level 1:colcon.colcon_core.environment:checking '/home/lorenzobusellato/univr/Robotics_vision_and_control/Assignments/Robotics/colcon_ws/install/trac_ik_lib' for CMake config files
[0.682s] Level 1:colcon.colcon_core.shell:create_environment_hook('trac_ik_lib', 'cmake_prefix_path')
[0.682s] INFO:colcon.colcon_core.shell:Creating environment hook '/home/lorenzobusellato/univr/Robotics_vision_and_control/Assignments/Robotics/colcon_ws/install/trac_ik_lib/share/trac_ik_lib/hook/cmake_prefix_path.ps1'
[0.683s] INFO:colcon.colcon_core.shell:Creating environment descriptor '/home/lorenzobusellato/univr/Robotics_vision_and_control/Assignments/Robotics/colcon_ws/install/trac_ik_lib/share/trac_ik_lib/hook/cmake_prefix_path.dsv'
[0.683s] INFO:colcon.colcon_core.shell:Creating environment hook '/home/lorenzobusellato/univr/Robotics_vision_and_control/Assignments/Robotics/colcon_ws/install/trac_ik_lib/share/trac_ik_lib/hook/cmake_prefix_path.sh'
[0.684s] Level 1:colcon.colcon_core.environment:checking '/home/lorenzobusellato/univr/Robotics_vision_and_control/Assignments/Robotics/colcon_ws/install/trac_ik_lib/lib'
[0.684s] Level 1:colcon.colcon_core.shell:create_environment_hook('trac_ik_lib', 'ld_library_path_lib')
[0.685s] INFO:colcon.colcon_core.shell:Creating environment hook '/home/lorenzobusellato/univr/Robotics_vision_and_control/Assignments/Robotics/colcon_ws/install/trac_ik_lib/share/trac_ik_lib/hook/ld_library_path_lib.ps1'
[0.685s] INFO:colcon.colcon_core.shell:Creating environment descriptor '/home/lorenzobusellato/univr/Robotics_vision_and_control/Assignments/Robotics/colcon_ws/install/trac_ik_lib/share/trac_ik_lib/hook/ld_library_path_lib.dsv'
[0.685s] INFO:colcon.colcon_core.shell:Creating environment hook '/home/lorenzobusellato/univr/Robotics_vision_and_control/Assignments/Robotics/colcon_ws/install/trac_ik_lib/share/trac_ik_lib/hook/ld_library_path_lib.sh'
[0.686s] Level 1:colcon.colcon_core.environment:checking '/home/lorenzobusellato/univr/Robotics_vision_and_control/Assignments/Robotics/colcon_ws/install/trac_ik_lib/bin'
[0.686s] Level 1:colcon.colcon_core.environment:checking '/home/lorenzobusellato/univr/Robotics_vision_and_control/Assignments/Robotics/colcon_ws/install/trac_ik_lib/lib/pkgconfig/trac_ik_lib.pc'
[0.686s] Level 1:colcon.colcon_core.environment:checking '/home/lorenzobusellato/univr/Robotics_vision_and_control/Assignments/Robotics/colcon_ws/install/trac_ik_lib/lib/python3.8/site-packages'
[0.686s] Level 1:colcon.colcon_core.environment:checking '/home/lorenzobusellato/univr/Robotics_vision_and_control/Assignments/Robotics/colcon_ws/install/trac_ik_lib/bin'
[0.687s] INFO:colcon.colcon_core.shell:Creating package script '/home/lorenzobusellato/univr/Robotics_vision_and_control/Assignments/Robotics/colcon_ws/install/trac_ik_lib/share/trac_ik_lib/package.ps1'
[0.688s] INFO:colcon.colcon_core.shell:Creating package descriptor '/home/lorenzobusellato/univr/Robotics_vision_and_control/Assignments/Robotics/colcon_ws/install/trac_ik_lib/share/trac_ik_lib/package.dsv'
[0.689s] INFO:colcon.colcon_core.shell:Creating package script '/home/lorenzobusellato/univr/Robotics_vision_and_control/Assignments/Robotics/colcon_ws/install/trac_ik_lib/share/trac_ik_lib/package.sh'
[0.689s] INFO:colcon.colcon_core.shell:Creating package script '/home/lorenzobusellato/univr/Robotics_vision_and_control/Assignments/Robotics/colcon_ws/install/trac_ik_lib/share/trac_ik_lib/package.bash'
[0.690s] INFO:colcon.colcon_core.shell:Creating package script '/home/lorenzobusellato/univr/Robotics_vision_and_control/Assignments/Robotics/colcon_ws/install/trac_ik_lib/share/trac_ik_lib/package.zsh'
[0.690s] Level 1:colcon.colcon_core.environment:create_file_with_runtime_dependencies(/home/lorenzobusellato/univr/Robotics_vision_and_control/Assignments/Robotics/colcon_ws/install/trac_ik_lib/share/colcon-core/packages/trac_ik_lib)
[0.710s] Level 1:colcon.colcon_core.environment:create_environment_scripts_only(ur5_description)
[0.712s] Level 1:colcon.colcon_core.environment:checking '/home/lorenzobusellato/univr/Robotics_vision_and_control/Assignments/Robotics/colcon_ws/install/ur5_description' for CMake module files
[0.713s] Level 1:colcon.colcon_core.environment:checking '/home/lorenzobusellato/univr/Robotics_vision_and_control/Assignments/Robotics/colcon_ws/install/ur5_description' for CMake config files
[0.714s] Level 1:colcon.colcon_core.shell:create_environment_hook('ur5_description', 'cmake_prefix_path')
[0.715s] INFO:colcon.colcon_core.shell:Creating environment hook '/home/lorenzobusellato/univr/Robotics_vision_and_control/Assignments/Robotics/colcon_ws/install/ur5_description/share/ur5_description/hook/cmake_prefix_path.ps1'
[0.716s] INFO:colcon.colcon_core.shell:Creating environment descriptor '/home/lorenzobusellato/univr/Robotics_vision_and_control/Assignments/Robotics/colcon_ws/install/ur5_description/share/ur5_description/hook/cmake_prefix_path.dsv'
[0.716s] INFO:colcon.colcon_core.shell:Creating environment hook '/home/lorenzobusellato/univr/Robotics_vision_and_control/Assignments/Robotics/colcon_ws/install/ur5_description/share/ur5_description/hook/cmake_prefix_path.sh'
[0.717s] Level 1:colcon.colcon_core.environment:checking '/home/lorenzobusellato/univr/Robotics_vision_and_control/Assignments/Robotics/colcon_ws/install/ur5_description/bin'
[0.717s] Level 1:colcon.colcon_core.environment:checking '/home/lorenzobusellato/univr/Robotics_vision_and_control/Assignments/Robotics/colcon_ws/install/ur5_description/lib/pkgconfig/ur5_description.pc'
[0.718s] Level 1:colcon.colcon_core.environment:checking '/home/lorenzobusellato/univr/Robotics_vision_and_control/Assignments/Robotics/colcon_ws/install/ur5_description/lib/python3.8/site-packages'
[0.718s] Level 1:colcon.colcon_core.environment:checking '/home/lorenzobusellato/univr/Robotics_vision_and_control/Assignments/Robotics/colcon_ws/install/ur5_description/bin'
[0.719s] INFO:colcon.colcon_core.shell:Creating package script '/home/lorenzobusellato/univr/Robotics_vision_and_control/Assignments/Robotics/colcon_ws/install/ur5_description/share/ur5_description/package.ps1'
[0.720s] INFO:colcon.colcon_core.shell:Creating package descriptor '/home/lorenzobusellato/univr/Robotics_vision_and_control/Assignments/Robotics/colcon_ws/install/ur5_description/share/ur5_description/package.dsv'
[0.721s] INFO:colcon.colcon_core.shell:Creating package script '/home/lorenzobusellato/univr/Robotics_vision_and_control/Assignments/Robotics/colcon_ws/install/ur5_description/share/ur5_description/package.sh'
[0.721s] INFO:colcon.colcon_core.shell:Creating package script '/home/lorenzobusellato/univr/Robotics_vision_and_control/Assignments/Robotics/colcon_ws/install/ur5_description/share/ur5_description/package.bash'
[0.722s] INFO:colcon.colcon_core.shell:Creating package script '/home/lorenzobusellato/univr/Robotics_vision_and_control/Assignments/Robotics/colcon_ws/install/ur5_description/share/ur5_description/package.zsh'
[0.722s] Level 1:colcon.colcon_core.environment:create_file_with_runtime_dependencies(/home/lorenzobusellato/univr/Robotics_vision_and_control/Assignments/Robotics/colcon_ws/install/ur5_description/share/colcon-core/packages/ur5_description)
[0.724s] Level 1:colcon.colcon_core.environment:create_environment_scripts_only(kinematic)
[0.725s] Level 1:colcon.colcon_core.environment:checking '/home/lorenzobusellato/univr/Robotics_vision_and_control/Assignments/Robotics/colcon_ws/install/kinematic' for CMake module files
[0.726s] Level 1:colcon.colcon_core.environment:checking '/home/lorenzobusellato/univr/Robotics_vision_and_control/Assignments/Robotics/colcon_ws/install/kinematic' for CMake config files
[0.726s] Level 1:colcon.colcon_core.shell:create_environment_hook('kinematic', 'cmake_prefix_path')
[0.727s] INFO:colcon.colcon_core.shell:Creating environment hook '/home/lorenzobusellato/univr/Robotics_vision_and_control/Assignments/Robotics/colcon_ws/install/kinematic/share/kinematic/hook/cmake_prefix_path.ps1'
[0.727s] INFO:colcon.colcon_core.shell:Creating environment descriptor '/home/lorenzobusellato/univr/Robotics_vision_and_control/Assignments/Robotics/colcon_ws/install/kinematic/share/kinematic/hook/cmake_prefix_path.dsv'
[0.728s] INFO:colcon.colcon_core.shell:Creating environment hook '/home/lorenzobusellato/univr/Robotics_vision_and_control/Assignments/Robotics/colcon_ws/install/kinematic/share/kinematic/hook/cmake_prefix_path.sh'
[0.729s] Level 1:colcon.colcon_core.environment:checking '/home/lorenzobusellato/univr/Robotics_vision_and_control/Assignments/Robotics/colcon_ws/install/kinematic/lib'
[0.729s] Level 1:colcon.colcon_core.environment:checking '/home/lorenzobusellato/univr/Robotics_vision_and_control/Assignments/Robotics/colcon_ws/install/kinematic/bin'
[0.729s] Level 1:colcon.colcon_core.environment:checking '/home/lorenzobusellato/univr/Robotics_vision_and_control/Assignments/Robotics/colcon_ws/install/kinematic/lib/pkgconfig/kinematic.pc'
[0.729s] Level 1:colcon.colcon_core.environment:checking '/home/lorenzobusellato/univr/Robotics_vision_and_control/Assignments/Robotics/colcon_ws/install/kinematic/lib/python3.8/site-packages'
[0.729s] Level 1:colcon.colcon_core.environment:checking '/home/lorenzobusellato/univr/Robotics_vision_and_control/Assignments/Robotics/colcon_ws/install/kinematic/bin'
[0.730s] INFO:colcon.colcon_core.shell:Creating package script '/home/lorenzobusellato/univr/Robotics_vision_and_control/Assignments/Robotics/colcon_ws/install/kinematic/share/kinematic/package.ps1'
[0.731s] INFO:colcon.colcon_core.shell:Creating package descriptor '/home/lorenzobusellato/univr/Robotics_vision_and_control/Assignments/Robotics/colcon_ws/install/kinematic/share/kinematic/package.dsv'
[0.732s] INFO:colcon.colcon_core.shell:Creating package script '/home/lorenzobusellato/univr/Robotics_vision_and_control/Assignments/Robotics/colcon_ws/install/kinematic/share/kinematic/package.sh'
[0.733s] INFO:colcon.colcon_core.shell:Creating package script '/home/lorenzobusellato/univr/Robotics_vision_and_control/Assignments/Robotics/colcon_ws/install/kinematic/share/kinematic/package.bash'
[0.733s] INFO:colcon.colcon_core.shell:Creating package script '/home/lorenzobusellato/univr/Robotics_vision_and_control/Assignments/Robotics/colcon_ws/install/kinematic/share/kinematic/package.zsh'
[0.734s] Level 1:colcon.colcon_core.environment:create_file_with_runtime_dependencies(/home/lorenzobusellato/univr/Robotics_vision_and_control/Assignments/Robotics/colcon_ws/install/kinematic/share/colcon-core/packages/kinematic)
[1.147s] INFO:colcon.colcon_core.task.python.build:Building Python package in '/home/lorenzobusellato/univr/Robotics_vision_and_control/Assignments/Robotics/colcon_ws/src/ur5_pnp'
[1.148s] INFO:colcon.colcon_core.shell:Skip shell extension 'powershell' for command environment: Not usable outside of PowerShell
[1.148s] DEBUG:colcon.colcon_core.shell:Skip shell extension 'dsv' for command environment
[1.162s] Level 1:colcon.colcon_core.environment:create_environment_scripts_only(trac_ik_lib)
[1.163s] Level 1:colcon.colcon_core.environment:checking '/home/lorenzobusellato/univr/Robotics_vision_and_control/Assignments/Robotics/colcon_ws/install/trac_ik_lib' for CMake module files
[1.164s] Level 1:colcon.colcon_core.environment:checking '/home/lorenzobusellato/univr/Robotics_vision_and_control/Assignments/Robotics/colcon_ws/install/trac_ik_lib' for CMake config files
[1.165s] Level 1:colcon.colcon_core.shell:create_environment_hook('trac_ik_lib', 'cmake_prefix_path')
[1.166s] INFO:colcon.colcon_core.shell:Creating environment hook '/home/lorenzobusellato/univr/Robotics_vision_and_control/Assignments/Robotics/colcon_ws/install/trac_ik_lib/share/trac_ik_lib/hook/cmake_prefix_path.ps1'
[1.167s] INFO:colcon.colcon_core.shell:Creating environment descriptor '/home/lorenzobusellato/univr/Robotics_vision_and_control/Assignments/Robotics/colcon_ws/install/trac_ik_lib/share/trac_ik_lib/hook/cmake_prefix_path.dsv'
[1.167s] INFO:colcon.colcon_core.shell:Creating environment hook '/home/lorenzobusellato/univr/Robotics_vision_and_control/Assignments/Robotics/colcon_ws/install/trac_ik_lib/share/trac_ik_lib/hook/cmake_prefix_path.sh'
[1.168s] Level 1:colcon.colcon_core.environment:checking '/home/lorenzobusellato/univr/Robotics_vision_and_control/Assignments/Robotics/colcon_ws/install/trac_ik_lib/lib'
[1.168s] Level 1:colcon.colcon_core.shell:create_environment_hook('trac_ik_lib', 'ld_library_path_lib')
[1.169s] INFO:colcon.colcon_core.shell:Creating environment hook '/home/lorenzobusellato/univr/Robotics_vision_and_control/Assignments/Robotics/colcon_ws/install/trac_ik_lib/share/trac_ik_lib/hook/ld_library_path_lib.ps1'
[1.170s] INFO:colcon.colcon_core.shell:Creating environment descriptor '/home/lorenzobusellato/univr/Robotics_vision_and_control/Assignments/Robotics/colcon_ws/install/trac_ik_lib/share/trac_ik_lib/hook/ld_library_path_lib.dsv'
[1.171s] INFO:colcon.colcon_core.shell:Creating environment hook '/home/lorenzobusellato/univr/Robotics_vision_and_control/Assignments/Robotics/colcon_ws/install/trac_ik_lib/share/trac_ik_lib/hook/ld_library_path_lib.sh'
[1.171s] Level 1:colcon.colcon_core.environment:checking '/home/lorenzobusellato/univr/Robotics_vision_and_control/Assignments/Robotics/colcon_ws/install/trac_ik_lib/bin'
[1.171s] Level 1:colcon.colcon_core.environment:checking '/home/lorenzobusellato/univr/Robotics_vision_and_control/Assignments/Robotics/colcon_ws/install/trac_ik_lib/lib/pkgconfig/trac_ik_lib.pc'
[1.172s] Level 1:colcon.colcon_core.environment:checking '/home/lorenzobusellato/univr/Robotics_vision_and_control/Assignments/Robotics/colcon_ws/install/trac_ik_lib/lib/python3.8/site-packages'
[1.172s] Level 1:colcon.colcon_core.environment:checking '/home/lorenzobusellato/univr/Robotics_vision_and_control/Assignments/Robotics/colcon_ws/install/trac_ik_lib/bin'
[1.173s] INFO:colcon.colcon_core.shell:Creating package script '/home/lorenzobusellato/univr/Robotics_vision_and_control/Assignments/Robotics/colcon_ws/install/trac_ik_lib/share/trac_ik_lib/package.ps1'
[1.174s] INFO:colcon.colcon_core.shell:Creating package descriptor '/home/lorenzobusellato/univr/Robotics_vision_and_control/Assignments/Robotics/colcon_ws/install/trac_ik_lib/share/trac_ik_lib/package.dsv'
[1.175s] INFO:colcon.colcon_core.shell:Creating package script '/home/lorenzobusellato/univr/Robotics_vision_and_control/Assignments/Robotics/colcon_ws/install/trac_ik_lib/share/trac_ik_lib/package.sh'
[1.175s] INFO:colcon.colcon_core.shell:Creating package script '/home/lorenzobusellato/univr/Robotics_vision_and_control/Assignments/Robotics/colcon_ws/install/trac_ik_lib/share/trac_ik_lib/package.bash'
[1.176s] INFO:colcon.colcon_core.shell:Creating package script '/home/lorenzobusellato/univr/Robotics_vision_and_control/Assignments/Robotics/colcon_ws/install/trac_ik_lib/share/trac_ik_lib/package.zsh'
[1.176s] Level 1:colcon.colcon_core.environment:create_file_with_runtime_dependencies(/home/lorenzobusellato/univr/Robotics_vision_and_control/Assignments/Robotics/colcon_ws/install/trac_ik_lib/share/colcon-core/packages/trac_ik_lib)
[1.825s] DEBUG:colcon.colcon_core.event_handler.log_command:Invoking command in '/home/lorenzobusellato/univr/Robotics_vision_and_control/Assignments/Robotics/colcon_ws/src/ur5_pnp': PYTHONPATH=/home/lorenzobusellato/univr/Robotics_vision_and_control/Assignments/Robotics/colcon_ws/install/ur5_pnp/lib/python3.8/site-packages:${PYTHONPATH} /usr/bin/python3 setup.py egg_info --egg-base ../../build/ur5_pnp build --build-base /home/lorenzobusellato/univr/Robotics_vision_and_control/Assignments/Robotics/colcon_ws/build/ur5_pnp/build install --prefix /home/lorenzobusellato/univr/Robotics_vision_and_control/Assignments/Robotics/colcon_ws/install/ur5_pnp --record /home/lorenzobusellato/univr/Robotics_vision_and_control/Assignments/Robotics/colcon_ws/build/ur5_pnp/install.log --single-version-externally-managed
[2.414s] Level 1:colcon.colcon_core.environment:checking '/home/lorenzobusellato/univr/Robotics_vision_and_control/Assignments/Robotics/colcon_ws/install/ur5_pnp' for CMake module files
[2.415s] Level 1:colcon.colcon_core.environment:checking '/home/lorenzobusellato/univr/Robotics_vision_and_control/Assignments/Robotics/colcon_ws/install/ur5_pnp' for CMake config files
[2.416s] Level 1:colcon.colcon_core.environment:checking '/home/lorenzobusellato/univr/Robotics_vision_and_control/Assignments/Robotics/colcon_ws/install/ur5_pnp/lib'
[2.416s] Level 1:colcon.colcon_core.environment:checking '/home/lorenzobusellato/univr/Robotics_vision_and_control/Assignments/Robotics/colcon_ws/install/ur5_pnp/bin'
[2.416s] Level 1:colcon.colcon_core.environment:checking '/home/lorenzobusellato/univr/Robotics_vision_and_control/Assignments/Robotics/colcon_ws/install/ur5_pnp/lib/pkgconfig/ur5_pnp.pc'
[2.417s] Level 1:colcon.colcon_core.environment:checking '/home/lorenzobusellato/univr/Robotics_vision_and_control/Assignments/Robotics/colcon_ws/install/ur5_pnp/lib/python3.8/site-packages'
[2.417s] Level 1:colcon.colcon_core.shell:create_environment_hook('ur5_pnp', 'pythonpath')
[2.418s] INFO:colcon.colcon_core.shell:Creating environment hook '/home/lorenzobusellato/univr/Robotics_vision_and_control/Assignments/Robotics/colcon_ws/install/ur5_pnp/share/ur5_pnp/hook/pythonpath.ps1'
[2.419s] DEBUG:colcon.colcon_core.event_handler.log_command:Invoked command in '/home/lorenzobusellato/univr/Robotics_vision_and_control/Assignments/Robotics/colcon_ws/src/ur5_pnp' returned '0': PYTHONPATH=/home/lorenzobusellato/univr/Robotics_vision_and_control/Assignments/Robotics/colcon_ws/install/ur5_pnp/lib/python3.8/site-packages:${PYTHONPATH} /usr/bin/python3 setup.py egg_info --egg-base ../../build/ur5_pnp build --build-base /home/lorenzobusellato/univr/Robotics_vision_and_control/Assignments/Robotics/colcon_ws/build/ur5_pnp/build install --prefix /home/lorenzobusellato/univr/Robotics_vision_and_control/Assignments/Robotics/colcon_ws/install/ur5_pnp --record /home/lorenzobusellato/univr/Robotics_vision_and_control/Assignments/Robotics/colcon_ws/build/ur5_pnp/install.log --single-version-externally-managed
[2.420s] INFO:colcon.colcon_core.shell:Creating environment descriptor '/home/lorenzobusellato/univr/Robotics_vision_and_control/Assignments/Robotics/colcon_ws/install/ur5_pnp/share/ur5_pnp/hook/pythonpath.dsv'
[2.420s] INFO:colcon.colcon_core.shell:Creating environment hook '/home/lorenzobusellato/univr/Robotics_vision_and_control/Assignments/Robotics/colcon_ws/install/ur5_pnp/share/ur5_pnp/hook/pythonpath.sh'
[2.421s] Level 1:colcon.colcon_core.environment:checking '/home/lorenzobusellato/univr/Robotics_vision_and_control/Assignments/Robotics/colcon_ws/install/ur5_pnp/bin'
[2.421s] Level 1:colcon.colcon_core.environment:create_environment_scripts_only(ur5_pnp)
[2.422s] INFO:colcon.colcon_core.shell:Creating package script '/home/lorenzobusellato/univr/Robotics_vision_and_control/Assignments/Robotics/colcon_ws/install/ur5_pnp/share/ur5_pnp/package.ps1'
[2.423s] INFO:colcon.colcon_core.shell:Creating package descriptor '/home/lorenzobusellato/univr/Robotics_vision_and_control/Assignments/Robotics/colcon_ws/install/ur5_pnp/share/ur5_pnp/package.dsv'
[2.424s] INFO:colcon.colcon_core.shell:Creating package script '/home/lorenzobusellato/univr/Robotics_vision_and_control/Assignments/Robotics/colcon_ws/install/ur5_pnp/share/ur5_pnp/package.sh'
[2.424s] INFO:colcon.colcon_core.shell:Creating package script '/home/lorenzobusellato/univr/Robotics_vision_and_control/Assignments/Robotics/colcon_ws/install/ur5_pnp/share/ur5_pnp/package.bash'
[2.425s] INFO:colcon.colcon_core.shell:Creating package script '/home/lorenzobusellato/univr/Robotics_vision_and_control/Assignments/Robotics/colcon_ws/install/ur5_pnp/share/ur5_pnp/package.zsh'
[2.425s] Level 1:colcon.colcon_core.environment:create_file_with_runtime_dependencies(/home/lorenzobusellato/univr/Robotics_vision_and_control/Assignments/Robotics/colcon_ws/install/ur5_pnp/share/colcon-core/packages/ur5_pnp)
[2.426s] DEBUG:colcon.colcon_parallel_executor.executor.parallel:closing loop
[2.427s] DEBUG:colcon.colcon_parallel_executor.executor.parallel:loop closed
[2.427s] DEBUG:colcon.colcon_parallel_executor.executor.parallel:run_until_complete finished with '0'
[2.427s] DEBUG:colcon.colcon_core.event_reactor:joining thread
[2.439s] INFO:colcon.colcon_core.plugin_system:Skipping extension 'colcon_notification.desktop_notification.terminal_notifier': Not used on non-Darwin systems
[2.442s] INFO:colcon.colcon_core.plugin_system:Skipping extension 'colcon_notification.desktop_notification.win32': Not used on non-Windows systems
[2.442s] INFO:colcon.colcon_notification.desktop_notification:Sending desktop notification using 'notify2'
[2.462s] DEBUG:colcon.colcon_core.event_reactor:joined thread
[2.463s] INFO:colcon.colcon_core.shell:Creating prefix script '/home/lorenzobusellato/univr/Robotics_vision_and_control/Assignments/Robotics/colcon_ws/install/local_setup.ps1'
[2.464s] INFO:colcon.colcon_core.shell:Creating prefix util module '/home/lorenzobusellato/univr/Robotics_vision_and_control/Assignments/Robotics/colcon_ws/install/_local_setup_util_ps1.py'
[2.466s] INFO:colcon.colcon_core.shell:Creating prefix chain script '/home/lorenzobusellato/univr/Robotics_vision_and_control/Assignments/Robotics/colcon_ws/install/setup.ps1'
[2.469s] INFO:colcon.colcon_core.shell:Creating prefix script '/home/lorenzobusellato/univr/Robotics_vision_and_control/Assignments/Robotics/colcon_ws/install/local_setup.sh'
[2.469s] INFO:colcon.colcon_core.shell:Creating prefix util module '/home/lorenzobusellato/univr/Robotics_vision_and_control/Assignments/Robotics/colcon_ws/install/_local_setup_util_sh.py'
[2.470s] INFO:colcon.colcon_core.shell:Creating prefix chain script '/home/lorenzobusellato/univr/Robotics_vision_and_control/Assignments/Robotics/colcon_ws/install/setup.sh'
[2.476s] INFO:colcon.colcon_core.shell:Creating prefix script '/home/lorenzobusellato/univr/Robotics_vision_and_control/Assignments/Robotics/colcon_ws/install/local_setup.bash'
[2.477s] INFO:colcon.colcon_core.shell:Creating prefix chain script '/home/lorenzobusellato/univr/Robotics_vision_and_control/Assignments/Robotics/colcon_ws/install/setup.bash'
[2.481s] INFO:colcon.colcon_core.shell:Creating prefix script '/home/lorenzobusellato/univr/Robotics_vision_and_control/Assignments/Robotics/colcon_ws/install/local_setup.zsh'
[2.482s] INFO:colcon.colcon_core.shell:Creating prefix chain script '/home/lorenzobusellato/univr/Robotics_vision_and_control/Assignments/Robotics/colcon_ws/install/setup.zsh'
