[0.041s] Invoking command in '/home/lorenzobusellato/univr/Robotics_vision_and_control/Assignments/Robotics/colcon_ws/build/ur5_description': CMAKE_PREFIX_PATH=${CMAKE_PREFIX_PATH}:/home/lorenzobusellato/univr/Robotics_vision_and_control/Assignments/Robotics/colcon_ws/install/ur5_pnp:/opt/ros/galactic /usr/bin/cmake --build /home/lorenzobusellato/univr/Robotics_vision_and_control/Assignments/Robotics/colcon_ws/build/ur5_description -- -j4 -l4
[0.128s] Invoked command in '/home/lorenzobusellato/univr/Robotics_vision_and_control/Assignments/Robotics/colcon_ws/build/ur5_description' returned '0': CMAKE_PREFIX_PATH=${CMAKE_PREFIX_PATH}:/home/lorenzobusellato/univr/Robotics_vision_and_control/Assignments/Robotics/colcon_ws/install/ur5_pnp:/opt/ros/galactic /usr/bin/cmake --build /home/lorenzobusellato/univr/Robotics_vision_and_control/Assignments/Robotics/colcon_ws/build/ur5_description -- -j4 -l4
[0.179s] Invoking command in '/home/lorenzobusellato/univr/Robotics_vision_and_control/Assignments/Robotics/colcon_ws/build/ur5_description': CMAKE_PREFIX_PATH=${CMAKE_PREFIX_PATH}:/home/lorenzobusellato/univr/Robotics_vision_and_control/Assignments/Robotics/colcon_ws/install/ur5_pnp:/opt/ros/galactic /usr/bin/cmake --install /home/lorenzobusellato/univr/Robotics_vision_and_control/Assignments/Robotics/colcon_ws/build/ur5_description
[0.194s] -- Install configuration: ""
[0.194s] -- Up-to-date: /home/lorenzobusellato/univr/Robotics_vision_and_control/Assignments/Robotics/colcon_ws/install/ur5_description/share/ur5_description/launch
[0.195s] -- Up-to-date: /home/lorenzobusellato/univr/Robotics_vision_and_control/Assignments/Robotics/colcon_ws/install/ur5_description/share/ur5_description/launch/ur5_wsg50.launch.py
[0.195s] -- Up-to-date: /home/lorenzobusellato/univr/Robotics_vision_and_control/Assignments/Robotics/colcon_ws/install/ur5_description/share/ur5_description/launch/ur5_wsg50.launch.py.meta
[0.195s] -- Up-to-date: /home/lorenzobusellato/univr/Robotics_vision_and_control/Assignments/Robotics/colcon_ws/install/ur5_description/share/ur5_description/urdf
[0.195s] -- Up-to-date: /home/lorenzobusellato/univr/Robotics_vision_and_control/Assignments/Robotics/colcon_ws/install/ur5_description/share/ur5_description/urdf/wsg_50
[0.195s] -- Up-to-date: /home/lorenzobusellato/univr/Robotics_vision_and_control/Assignments/Robotics/colcon_ws/install/ur5_description/share/ur5_description/urdf/wsg_50/realsense_wrist_support.urdf.xacro
[0.195s] -- Up-to-date: /home/lorenzobusellato/univr/Robotics_vision_and_control/Assignments/Robotics/colcon_ws/install/ur5_description/share/ur5_description/urdf/wsg_50/wsg_50_support.urdf.xacro
[0.196s] -- Up-to-date: /home/lorenzobusellato/univr/Robotics_vision_and_control/Assignments/Robotics/colcon_ws/install/ur5_description/share/ur5_description/urdf/wsg_50/realsense_wrist_support.urdf.xacro.meta
[0.196s] -- Up-to-date: /home/lorenzobusellato/univr/Robotics_vision_and_control/Assignments/Robotics/colcon_ws/install/ur5_description/share/ur5_description/urdf/wsg_50/wsg_50.urdf.xacro
[0.196s] -- Up-to-date: /home/lorenzobusellato/univr/Robotics_vision_and_control/Assignments/Robotics/colcon_ws/install/ur5_description/share/ur5_description/urdf/wsg_50/wsg_50_support.urdf.xacro.meta
[0.196s] -- Up-to-date: /home/lorenzobusellato/univr/Robotics_vision_and_control/Assignments/Robotics/colcon_ws/install/ur5_description/share/ur5_description/urdf/wsg_50/wsg_50.urdf.xacro.meta
[0.196s] -- Up-to-date: /home/lorenzobusellato/univr/Robotics_vision_and_control/Assignments/Robotics/colcon_ws/install/ur5_description/share/ur5_description/urdf/sensors.meta
[0.196s] -- Up-to-date: /home/lorenzobusellato/univr/Robotics_vision_and_control/Assignments/Robotics/colcon_ws/install/ur5_description/share/ur5_description/urdf/ur5.meta
[0.196s] -- Up-to-date: /home/lorenzobusellato/univr/Robotics_vision_and_control/Assignments/Robotics/colcon_ws/install/ur5_description/share/ur5_description/urdf/robot
[0.196s] -- Up-to-date: /home/lorenzobusellato/univr/Robotics_vision_and_control/Assignments/Robotics/colcon_ws/install/ur5_description/share/ur5_description/urdf/robot/ur5_wsg50.urdf
[0.196s] -- Up-to-date: /home/lorenzobusellato/univr/Robotics_vision_and_control/Assignments/Robotics/colcon_ws/install/ur5_description/share/ur5_description/urdf/robot/ur5_wsg50.urdf.xacro.meta
[0.197s] -- Up-to-date: /home/lorenzobusellato/univr/Robotics_vision_and_control/Assignments/Robotics/colcon_ws/install/ur5_description/share/ur5_description/urdf/robot/Materials.meta
[0.197s] -- Up-to-date: /home/lorenzobusellato/univr/Robotics_vision_and_control/Assignments/Robotics/colcon_ws/install/ur5_description/share/ur5_description/urdf/robot/ur5_wsg50.urdf.meta
[0.197s] -- Up-to-date: /home/lorenzobusellato/univr/Robotics_vision_and_control/Assignments/Robotics/colcon_ws/install/ur5_description/share/ur5_description/urdf/robot/ur5_wsg50.urdf.xacro
[0.197s] -- Up-to-date: /home/lorenzobusellato/univr/Robotics_vision_and_control/Assignments/Robotics/colcon_ws/install/ur5_description/share/ur5_description/urdf/robot/Materials
[0.197s] -- Up-to-date: /home/lorenzobusellato/univr/Robotics_vision_and_control/Assignments/Robotics/colcon_ws/install/ur5_description/share/ur5_description/urdf/robot/Materials/Default.mat.meta
[0.197s] -- Up-to-date: /home/lorenzobusellato/univr/Robotics_vision_and_control/Assignments/Robotics/colcon_ws/install/ur5_description/share/ur5_description/urdf/robot/Materials/Default.mat
[0.197s] -- Up-to-date: /home/lorenzobusellato/univr/Robotics_vision_and_control/Assignments/Robotics/colcon_ws/install/ur5_description/share/ur5_description/urdf/robot.meta
[0.197s] -- Up-to-date: /home/lorenzobusellato/univr/Robotics_vision_and_control/Assignments/Robotics/colcon_ws/install/ur5_description/share/ur5_description/urdf/wsg_50.meta
[0.197s] -- Up-to-date: /home/lorenzobusellato/univr/Robotics_vision_and_control/Assignments/Robotics/colcon_ws/install/ur5_description/share/ur5_description/urdf/sensors
[0.198s] -- Up-to-date: /home/lorenzobusellato/univr/Robotics_vision_and_control/Assignments/Robotics/colcon_ws/install/ur5_description/share/ur5_description/urdf/sensors/intel_d435.urdf.xacro.meta
[0.199s] -- Up-to-date: /home/lorenzobusellato/univr/Robotics_vision_and_control/Assignments/Robotics/colcon_ws/install/ur5_description/share/ur5_description/urdf/sensors/intel_d435.urdf.xacro
[0.199s] -- Up-to-date: /home/lorenzobusellato/univr/Robotics_vision_and_control/Assignments/Robotics/colcon_ws/install/ur5_description/share/ur5_description/urdf/ur5
[0.199s] -- Up-to-date: /home/lorenzobusellato/univr/Robotics_vision_and_control/Assignments/Robotics/colcon_ws/install/ur5_description/share/ur5_description/urdf/ur5/ur.transmission.xacro
[0.199s] -- Up-to-date: /home/lorenzobusellato/univr/Robotics_vision_and_control/Assignments/Robotics/colcon_ws/install/ur5_description/share/ur5_description/urdf/ur5/ur.transmission.xacro.meta
[0.200s] -- Up-to-date: /home/lorenzobusellato/univr/Robotics_vision_and_control/Assignments/Robotics/colcon_ws/install/ur5_description/share/ur5_description/urdf/ur5/ur.gazebo.xacro
[0.200s] -- Up-to-date: /home/lorenzobusellato/univr/Robotics_vision_and_control/Assignments/Robotics/colcon_ws/install/ur5_description/share/ur5_description/urdf/ur5/ur.gazebo.xacro.meta
[0.200s] -- Up-to-date: /home/lorenzobusellato/univr/Robotics_vision_and_control/Assignments/Robotics/colcon_ws/install/ur5_description/share/ur5_description/urdf/ur5/config
[0.200s] -- Up-to-date: /home/lorenzobusellato/univr/Robotics_vision_and_control/Assignments/Robotics/colcon_ws/install/ur5_description/share/ur5_description/urdf/ur5/config/ur5_calibration.yaml
[0.200s] -- Up-to-date: /home/lorenzobusellato/univr/Robotics_vision_and_control/Assignments/Robotics/colcon_ws/install/ur5_description/share/ur5_description/urdf/ur5/config/ur5_calibration.yaml.meta
[0.200s] -- Up-to-date: /home/lorenzobusellato/univr/Robotics_vision_and_control/Assignments/Robotics/colcon_ws/install/ur5_description/share/ur5_description/urdf/ur5/ur5.urdf.xacro.meta
[0.200s] -- Up-to-date: /home/lorenzobusellato/univr/Robotics_vision_and_control/Assignments/Robotics/colcon_ws/install/ur5_description/share/ur5_description/urdf/ur5/config.meta
[0.200s] -- Up-to-date: /home/lorenzobusellato/univr/Robotics_vision_and_control/Assignments/Robotics/colcon_ws/install/ur5_description/share/ur5_description/urdf/ur5/ur5.urdf.xacro
[0.200s] -- Up-to-date: /home/lorenzobusellato/univr/Robotics_vision_and_control/Assignments/Robotics/colcon_ws/install/ur5_description/share/ur5_description/meshes
[0.201s] -- Up-to-date: /home/lorenzobusellato/univr/Robotics_vision_and_control/Assignments/Robotics/colcon_ws/install/ur5_description/share/ur5_description/meshes/wsg_50
[0.201s] -- Up-to-date: /home/lorenzobusellato/univr/Robotics_vision_and_control/Assignments/Robotics/colcon_ws/install/ur5_description/share/ur5_description/meshes/wsg_50/GUIDE_WSG50_110_3.asset
[0.201s] -- Up-to-date: /home/lorenzobusellato/univr/Robotics_vision_and_control/Assignments/Robotics/colcon_ws/install/ur5_description/share/ur5_description/meshes/wsg_50/GUIDE_WSG50_110.stl.meta
[0.201s] -- Up-to-date: /home/lorenzobusellato/univr/Robotics_vision_and_control/Assignments/Robotics/colcon_ws/install/ur5_description/share/ur5_description/meshes/wsg_50/WSG-FMF.dae
[0.201s] -- Up-to-date: /home/lorenzobusellato/univr/Robotics_vision_and_control/Assignments/Robotics/colcon_ws/install/ur5_description/share/ur5_description/meshes/wsg_50/WSG-FMF_2.asset.meta
[0.201s] -- Up-to-date: /home/lorenzobusellato/univr/Robotics_vision_and_control/Assignments/Robotics/colcon_ws/install/ur5_description/share/ur5_description/meshes/wsg_50/WSG-FMF_3.asset.meta
[0.201s] -- Up-to-date: /home/lorenzobusellato/univr/Robotics_vision_and_control/Assignments/Robotics/colcon_ws/install/ur5_description/share/ur5_description/meshes/wsg_50/GUIDE_WSG50_110.dae.meta
[0.201s] -- Up-to-date: /home/lorenzobusellato/univr/Robotics_vision_and_control/Assignments/Robotics/colcon_ws/install/ur5_description/share/ur5_description/meshes/wsg_50/WSG-FMF_7.asset
[0.202s] -- Up-to-date: /home/lorenzobusellato/univr/Robotics_vision_and_control/Assignments/Robotics/colcon_ws/install/ur5_description/share/ur5_description/meshes/wsg_50/WSG50_110.prefab.meta
[0.202s] -- Up-to-date: /home/lorenzobusellato/univr/Robotics_vision_and_control/Assignments/Robotics/colcon_ws/install/ur5_description/share/ur5_description/meshes/wsg_50/WSG-FMF_6.asset.meta
[0.202s] -- Up-to-date: /home/lorenzobusellato/univr/Robotics_vision_and_control/Assignments/Robotics/colcon_ws/install/ur5_description/share/ur5_description/meshes/wsg_50/WSG-FMF_8.asset.meta
[0.202s] -- Up-to-date: /home/lorenzobusellato/univr/Robotics_vision_and_control/Assignments/Robotics/colcon_ws/install/ur5_description/share/ur5_description/meshes/wsg_50/WSG50_110_1.asset.meta
[0.202s] -- Up-to-date: /home/lorenzobusellato/univr/Robotics_vision_and_control/Assignments/Robotics/colcon_ws/install/ur5_description/share/ur5_description/meshes/wsg_50/WSG-FMF_10.asset.meta
[0.203s] -- Up-to-date: /home/lorenzobusellato/univr/Robotics_vision_and_control/Assignments/Robotics/colcon_ws/install/ur5_description/share/ur5_description/meshes/wsg_50/WSG-FMF_4.asset
[0.207s] -- Up-to-date: /home/lorenzobusellato/univr/Robotics_vision_and_control/Assignments/Robotics/colcon_ws/install/ur5_description/share/ur5_description/meshes/wsg_50/WSG-FMF_1.asset
[0.207s] -- Up-to-date: /home/lorenzobusellato/univr/Robotics_vision_and_control/Assignments/Robotics/colcon_ws/install/ur5_description/share/ur5_description/meshes/wsg_50/WSG50_110.stl.meta
[0.207s] -- Up-to-date: /home/lorenzobusellato/univr/Robotics_vision_and_control/Assignments/Robotics/colcon_ws/install/ur5_description/share/ur5_description/meshes/wsg_50/WSG-FMF_3.asset
[0.208s] -- Up-to-date: /home/lorenzobusellato/univr/Robotics_vision_and_control/Assignments/Robotics/colcon_ws/install/ur5_description/share/ur5_description/meshes/wsg_50/GUIDE_WSG50_110_1.asset
[0.208s] -- Up-to-date: /home/lorenzobusellato/univr/Robotics_vision_and_control/Assignments/Robotics/colcon_ws/install/ur5_description/share/ur5_description/meshes/wsg_50/WSG50_110.prefab
[0.209s] -- Up-to-date: /home/lorenzobusellato/univr/Robotics_vision_and_control/Assignments/Robotics/colcon_ws/install/ur5_description/share/ur5_description/meshes/wsg_50/WSG-FMF_1.asset.meta
[0.209s] -- Up-to-date: /home/lorenzobusellato/univr/Robotics_vision_and_control/Assignments/Robotics/colcon_ws/install/ur5_description/share/ur5_description/meshes/wsg_50/WSG-FMF.stl
[0.210s] -- Up-to-date: /home/lorenzobusellato/univr/Robotics_vision_and_control/Assignments/Robotics/colcon_ws/install/ur5_description/share/ur5_description/meshes/wsg_50/WSG-FMF.stl.meta
[0.210s] -- Up-to-date: /home/lorenzobusellato/univr/Robotics_vision_and_control/Assignments/Robotics/colcon_ws/install/ur5_description/share/ur5_description/meshes/wsg_50/GUIDE_WSG50_110_2.asset.meta
[0.210s] -- Up-to-date: /home/lorenzobusellato/univr/Robotics_vision_and_control/Assignments/Robotics/colcon_ws/install/ur5_description/share/ur5_description/meshes/wsg_50/WSG50_110_1.asset
[0.211s] -- Up-to-date: /home/lorenzobusellato/univr/Robotics_vision_and_control/Assignments/Robotics/colcon_ws/install/ur5_description/share/ur5_description/meshes/wsg_50/WSG-FMF_8.asset
[0.211s] -- Up-to-date: /home/lorenzobusellato/univr/Robotics_vision_and_control/Assignments/Robotics/colcon_ws/install/ur5_description/share/ur5_description/meshes/wsg_50/WSG-FMF_7.asset.meta
[0.211s] -- Up-to-date: /home/lorenzobusellato/univr/Robotics_vision_and_control/Assignments/Robotics/colcon_ws/install/ur5_description/share/ur5_description/meshes/wsg_50/WSG-FMF_2.asset
[0.211s] -- Up-to-date: /home/lorenzobusellato/univr/Robotics_vision_and_control/Assignments/Robotics/colcon_ws/install/ur5_description/share/ur5_description/meshes/wsg_50/WSG50_110.stl
[0.211s] -- Up-to-date: /home/lorenzobusellato/univr/Robotics_vision_and_control/Assignments/Robotics/colcon_ws/install/ur5_description/share/ur5_description/meshes/wsg_50/GUIDE_WSG50_110_2.asset
[0.211s] -- Up-to-date: /home/lorenzobusellato/univr/Robotics_vision_and_control/Assignments/Robotics/colcon_ws/install/ur5_description/share/ur5_description/meshes/wsg_50/GUIDE_WSG50_110_1.asset.meta
[0.211s] -- Up-to-date: /home/lorenzobusellato/univr/Robotics_vision_and_control/Assignments/Robotics/colcon_ws/install/ur5_description/share/ur5_description/meshes/wsg_50/WSG-FMF_9.asset
[0.211s] -- Up-to-date: /home/lorenzobusellato/univr/Robotics_vision_and_control/Assignments/Robotics/colcon_ws/install/ur5_description/share/ur5_description/meshes/wsg_50/GUIDE_WSG50_110_3.asset.meta
[0.212s] -- Up-to-date: /home/lorenzobusellato/univr/Robotics_vision_and_control/Assignments/Robotics/colcon_ws/install/ur5_description/share/ur5_description/meshes/wsg_50/WSG-FMF_5.asset
[0.212s] -- Up-to-date: /home/lorenzobusellato/univr/Robotics_vision_and_control/Assignments/Robotics/colcon_ws/install/ur5_description/share/ur5_description/meshes/wsg_50/WSG-FMF_4.asset.meta
[0.212s] -- Up-to-date: /home/lorenzobusellato/univr/Robotics_vision_and_control/Assignments/Robotics/colcon_ws/install/ur5_description/share/ur5_description/meshes/wsg_50/GUIDE_WSG50_110.stl
[0.212s] -- Up-to-date: /home/lorenzobusellato/univr/Robotics_vision_and_control/Assignments/Robotics/colcon_ws/install/ur5_description/share/ur5_description/meshes/wsg_50/WSG-FMF_10.asset
[0.212s] -- Up-to-date: /home/lorenzobusellato/univr/Robotics_vision_and_control/Assignments/Robotics/colcon_ws/install/ur5_description/share/ur5_description/meshes/wsg_50/WSG-FMF_6.asset
[0.212s] -- Up-to-date: /home/lorenzobusellato/univr/Robotics_vision_and_control/Assignments/Robotics/colcon_ws/install/ur5_description/share/ur5_description/meshes/wsg_50/WSG50_110_0.asset.meta
[0.212s] -- Up-to-date: /home/lorenzobusellato/univr/Robotics_vision_and_control/Assignments/Robotics/colcon_ws/install/ur5_description/share/ur5_description/meshes/wsg_50/WSG-FMF_9.asset.meta
[0.212s] -- Up-to-date: /home/lorenzobusellato/univr/Robotics_vision_and_control/Assignments/Robotics/colcon_ws/install/ur5_description/share/ur5_description/meshes/wsg_50/WSG-FMF_5.asset.meta
[0.212s] -- Up-to-date: /home/lorenzobusellato/univr/Robotics_vision_and_control/Assignments/Robotics/colcon_ws/install/ur5_description/share/ur5_description/meshes/wsg_50/GUIDE_WSG50_110.dae
[0.213s] -- Up-to-date: /home/lorenzobusellato/univr/Robotics_vision_and_control/Assignments/Robotics/colcon_ws/install/ur5_description/share/ur5_description/meshes/wsg_50/WSG50_110_0.asset
[0.213s] -- Up-to-date: /home/lorenzobusellato/univr/Robotics_vision_and_control/Assignments/Robotics/colcon_ws/install/ur5_description/share/ur5_description/meshes/wsg_50/WSG-FMF.dae.meta
[0.213s] -- Up-to-date: /home/lorenzobusellato/univr/Robotics_vision_and_control/Assignments/Robotics/colcon_ws/install/ur5_description/share/ur5_description/meshes/sensors.meta
[0.213s] -- Up-to-date: /home/lorenzobusellato/univr/Robotics_vision_and_control/Assignments/Robotics/colcon_ws/install/ur5_description/share/ur5_description/meshes/ur5.meta
[0.213s] -- Up-to-date: /home/lorenzobusellato/univr/Robotics_vision_and_control/Assignments/Robotics/colcon_ws/install/ur5_description/share/ur5_description/meshes/wsg_50.meta
[0.213s] -- Up-to-date: /home/lorenzobusellato/univr/Robotics_vision_and_control/Assignments/Robotics/colcon_ws/install/ur5_description/share/ur5_description/meshes/sensors
[0.213s] -- Up-to-date: /home/lorenzobusellato/univr/Robotics_vision_and_control/Assignments/Robotics/colcon_ws/install/ur5_description/share/ur5_description/meshes/sensors/intel_realsense_depth_camera_d435.dae
[0.213s] -- Up-to-date: /home/lorenzobusellato/univr/Robotics_vision_and_control/Assignments/Robotics/colcon_ws/install/ur5_description/share/ur5_description/meshes/sensors/intel_realsense_depth_camera_d435.dae.meta
[0.213s] -- Up-to-date: /home/lorenzobusellato/univr/Robotics_vision_and_control/Assignments/Robotics/colcon_ws/install/ur5_description/share/ur5_description/meshes/sensors/intel_realsense_depth_camera_d435.stl
[0.214s] -- Up-to-date: /home/lorenzobusellato/univr/Robotics_vision_and_control/Assignments/Robotics/colcon_ws/install/ur5_description/share/ur5_description/meshes/sensors/intel_realsense_depth_camera_d435.stl.meta
[0.214s] -- Up-to-date: /home/lorenzobusellato/univr/Robotics_vision_and_control/Assignments/Robotics/colcon_ws/install/ur5_description/share/ur5_description/meshes/ur5
[0.214s] -- Up-to-date: /home/lorenzobusellato/univr/Robotics_vision_and_control/Assignments/Robotics/colcon_ws/install/ur5_description/share/ur5_description/meshes/ur5/collision.meta
[0.214s] -- Up-to-date: /home/lorenzobusellato/univr/Robotics_vision_and_control/Assignments/Robotics/colcon_ws/install/ur5_description/share/ur5_description/meshes/ur5/collision
[0.214s] -- Up-to-date: /home/lorenzobusellato/univr/Robotics_vision_and_control/Assignments/Robotics/colcon_ws/install/ur5_description/share/ur5_description/meshes/ur5/collision/base.stl
[0.214s] -- Up-to-date: /home/lorenzobusellato/univr/Robotics_vision_and_control/Assignments/Robotics/colcon_ws/install/ur5_description/share/ur5_description/meshes/ur5/collision/wrist2_0.asset.meta
[0.214s] -- Up-to-date: /home/lorenzobusellato/univr/Robotics_vision_and_control/Assignments/Robotics/colcon_ws/install/ur5_description/share/ur5_description/meshes/ur5/collision/forearm.prefab.meta
[0.214s] -- Up-to-date: /home/lorenzobusellato/univr/Robotics_vision_and_control/Assignments/Robotics/colcon_ws/install/ur5_description/share/ur5_description/meshes/ur5/collision/forearm_4.asset
[0.215s] -- Up-to-date: /home/lorenzobusellato/univr/Robotics_vision_and_control/Assignments/Robotics/colcon_ws/install/ur5_description/share/ur5_description/meshes/ur5/collision/base.stl.meta
[0.215s] -- Up-to-date: /home/lorenzobusellato/univr/Robotics_vision_and_control/Assignments/Robotics/colcon_ws/install/ur5_description/share/ur5_description/meshes/ur5/collision/wrist1.prefab
[0.215s] -- Up-to-date: /home/lorenzobusellato/univr/Robotics_vision_and_control/Assignments/Robotics/colcon_ws/install/ur5_description/share/ur5_description/meshes/ur5/collision/upperarm_0.asset.meta
[0.217s] -- Up-to-date: /home/lorenzobusellato/univr/Robotics_vision_and_control/Assignments/Robotics/colcon_ws/install/ur5_description/share/ur5_description/meshes/ur5/collision/wrist3_0.asset
[0.218s] -- Up-to-date: /home/lorenzobusellato/univr/Robotics_vision_and_control/Assignments/Robotics/colcon_ws/install/ur5_description/share/ur5_description/meshes/ur5/collision/wrist2.stl
[0.218s] -- Up-to-date: /home/lorenzobusellato/univr/Robotics_vision_and_control/Assignments/Robotics/colcon_ws/install/ur5_description/share/ur5_description/meshes/ur5/collision/wrist3_0.asset.meta
[0.218s] -- Up-to-date: /home/lorenzobusellato/univr/Robotics_vision_and_control/Assignments/Robotics/colcon_ws/install/ur5_description/share/ur5_description/meshes/ur5/collision/base.prefab.meta
[0.218s] -- Up-to-date: /home/lorenzobusellato/univr/Robotics_vision_and_control/Assignments/Robotics/colcon_ws/install/ur5_description/share/ur5_description/meshes/ur5/collision/shoulder.prefab.meta
[0.219s] -- Up-to-date: /home/lorenzobusellato/univr/Robotics_vision_and_control/Assignments/Robotics/colcon_ws/install/ur5_description/share/ur5_description/meshes/ur5/collision/wrist2.prefab.meta
[0.219s] -- Up-to-date: /home/lorenzobusellato/univr/Robotics_vision_and_control/Assignments/Robotics/colcon_ws/install/ur5_description/share/ur5_description/meshes/ur5/collision/wrist3.prefab.meta
[0.220s] -- Up-to-date: /home/lorenzobusellato/univr/Robotics_vision_and_control/Assignments/Robotics/colcon_ws/install/ur5_description/share/ur5_description/meshes/ur5/collision/shoulder_0.asset
[0.221s] -- Up-to-date: /home/lorenzobusellato/univr/Robotics_vision_and_control/Assignments/Robotics/colcon_ws/install/ur5_description/share/ur5_description/meshes/ur5/collision/wrist2.prefab
[0.221s] -- Up-to-date: /home/lorenzobusellato/univr/Robotics_vision_and_control/Assignments/Robotics/colcon_ws/install/ur5_description/share/ur5_description/meshes/ur5/collision/upperarm.stl
[0.222s] -- Up-to-date: /home/lorenzobusellato/univr/Robotics_vision_and_control/Assignments/Robotics/colcon_ws/install/ur5_description/share/ur5_description/meshes/ur5/collision/forearm_4.asset.meta
[0.222s] -- Up-to-date: /home/lorenzobusellato/univr/Robotics_vision_and_control/Assignments/Robotics/colcon_ws/install/ur5_description/share/ur5_description/meshes/ur5/collision/upperarm_2.asset.meta
[0.222s] -- Up-to-date: /home/lorenzobusellato/univr/Robotics_vision_and_control/Assignments/Robotics/colcon_ws/install/ur5_description/share/ur5_description/meshes/ur5/collision/wrist2_1.asset.meta
[0.222s] -- Up-to-date: /home/lorenzobusellato/univr/Robotics_vision_and_control/Assignments/Robotics/colcon_ws/install/ur5_description/share/ur5_description/meshes/ur5/collision/wrist1.stl
[0.222s] -- Up-to-date: /home/lorenzobusellato/univr/Robotics_vision_and_control/Assignments/Robotics/colcon_ws/install/ur5_description/share/ur5_description/meshes/ur5/collision/forearm_1.asset.meta
[0.222s] -- Up-to-date: /home/lorenzobusellato/univr/Robotics_vision_and_control/Assignments/Robotics/colcon_ws/install/ur5_description/share/ur5_description/meshes/ur5/collision/forearm.stl
[0.222s] -- Up-to-date: /home/lorenzobusellato/univr/Robotics_vision_and_control/Assignments/Robotics/colcon_ws/install/ur5_description/share/ur5_description/meshes/ur5/collision/wrist3.prefab
[0.222s] -- Up-to-date: /home/lorenzobusellato/univr/Robotics_vision_and_control/Assignments/Robotics/colcon_ws/install/ur5_description/share/ur5_description/meshes/ur5/collision/forearm_0.asset.meta
[0.223s] -- Up-to-date: /home/lorenzobusellato/univr/Robotics_vision_and_control/Assignments/Robotics/colcon_ws/install/ur5_description/share/ur5_description/meshes/ur5/collision/shoulder_1.asset.meta
[0.223s] -- Up-to-date: /home/lorenzobusellato/univr/Robotics_vision_and_control/Assignments/Robotics/colcon_ws/install/ur5_description/share/ur5_description/meshes/ur5/collision/forearm.prefab
[0.223s] -- Up-to-date: /home/lorenzobusellato/univr/Robotics_vision_and_control/Assignments/Robotics/colcon_ws/install/ur5_description/share/ur5_description/meshes/ur5/collision/upperarm.prefab
[0.223s] -- Up-to-date: /home/lorenzobusellato/univr/Robotics_vision_and_control/Assignments/Robotics/colcon_ws/install/ur5_description/share/ur5_description/meshes/ur5/collision/wrist1_0.asset.meta
[0.223s] -- Up-to-date: /home/lorenzobusellato/univr/Robotics_vision_and_control/Assignments/Robotics/colcon_ws/install/ur5_description/share/ur5_description/meshes/ur5/collision/base.prefab
[0.223s] -- Up-to-date: /home/lorenzobusellato/univr/Robotics_vision_and_control/Assignments/Robotics/colcon_ws/install/ur5_description/share/ur5_description/meshes/ur5/collision/wrist2.stl.meta
[0.223s] -- Up-to-date: /home/lorenzobusellato/univr/Robotics_vision_and_control/Assignments/Robotics/colcon_ws/install/ur5_description/share/ur5_description/meshes/ur5/collision/forearm_1.asset
[0.223s] -- Up-to-date: /home/lorenzobusellato/univr/Robotics_vision_and_control/Assignments/Robotics/colcon_ws/install/ur5_description/share/ur5_description/meshes/ur5/collision/upperarm_1.asset
[0.223s] -- Up-to-date: /home/lorenzobusellato/univr/Robotics_vision_and_control/Assignments/Robotics/colcon_ws/install/ur5_description/share/ur5_description/meshes/ur5/collision/upperarm_3.asset.meta
[0.224s] -- Up-to-date: /home/lorenzobusellato/univr/Robotics_vision_and_control/Assignments/Robotics/colcon_ws/install/ur5_description/share/ur5_description/meshes/ur5/collision/wrist3.stl.meta
[0.224s] -- Up-to-date: /home/lorenzobusellato/univr/Robotics_vision_and_control/Assignments/Robotics/colcon_ws/install/ur5_description/share/ur5_description/meshes/ur5/collision/base_0.asset
[0.224s] -- Up-to-date: /home/lorenzobusellato/univr/Robotics_vision_and_control/Assignments/Robotics/colcon_ws/install/ur5_description/share/ur5_description/meshes/ur5/collision/wrist1_1.asset
[0.224s] -- Up-to-date: /home/lorenzobusellato/univr/Robotics_vision_and_control/Assignments/Robotics/colcon_ws/install/ur5_description/share/ur5_description/meshes/ur5/collision/forearm_0.asset
[0.224s] -- Up-to-date: /home/lorenzobusellato/univr/Robotics_vision_and_control/Assignments/Robotics/colcon_ws/install/ur5_description/share/ur5_description/meshes/ur5/collision/wrist1_1.asset.meta
[0.224s] -- Up-to-date: /home/lorenzobusellato/univr/Robotics_vision_and_control/Assignments/Robotics/colcon_ws/install/ur5_description/share/ur5_description/meshes/ur5/collision/base_1.asset
[0.224s] -- Up-to-date: /home/lorenzobusellato/univr/Robotics_vision_and_control/Assignments/Robotics/colcon_ws/install/ur5_description/share/ur5_description/meshes/ur5/collision/wrist3.stl
[0.224s] -- Up-to-date: /home/lorenzobusellato/univr/Robotics_vision_and_control/Assignments/Robotics/colcon_ws/install/ur5_description/share/ur5_description/meshes/ur5/collision/upperarm.stl.meta
[0.224s] -- Up-to-date: /home/lorenzobusellato/univr/Robotics_vision_and_control/Assignments/Robotics/colcon_ws/install/ur5_description/share/ur5_description/meshes/ur5/collision/upperarm_1.asset.meta
[0.225s] -- Up-to-date: /home/lorenzobusellato/univr/Robotics_vision_and_control/Assignments/Robotics/colcon_ws/install/ur5_description/share/ur5_description/meshes/ur5/collision/upperarm_3.asset
[0.225s] -- Up-to-date: /home/lorenzobusellato/univr/Robotics_vision_and_control/Assignments/Robotics/colcon_ws/install/ur5_description/share/ur5_description/meshes/ur5/collision/shoulder.stl.meta
[0.225s] -- Up-to-date: /home/lorenzobusellato/univr/Robotics_vision_and_control/Assignments/Robotics/colcon_ws/install/ur5_description/share/ur5_description/meshes/ur5/collision/upperarm.prefab.meta
[0.225s] -- Up-to-date: /home/lorenzobusellato/univr/Robotics_vision_and_control/Assignments/Robotics/colcon_ws/install/ur5_description/share/ur5_description/meshes/ur5/collision/forearm.stl.meta
[0.225s] -- Up-to-date: /home/lorenzobusellato/univr/Robotics_vision_and_control/Assignments/Robotics/colcon_ws/install/ur5_description/share/ur5_description/meshes/ur5/collision/forearm_2.asset
[0.225s] -- Up-to-date: /home/lorenzobusellato/univr/Robotics_vision_and_control/Assignments/Robotics/colcon_ws/install/ur5_description/share/ur5_description/meshes/ur5/collision/forearm_3.asset.meta
[0.225s] -- Up-to-date: /home/lorenzobusellato/univr/Robotics_vision_and_control/Assignments/Robotics/colcon_ws/install/ur5_description/share/ur5_description/meshes/ur5/collision/wrist2_1.asset
[0.225s] -- Up-to-date: /home/lorenzobusellato/univr/Robotics_vision_and_control/Assignments/Robotics/colcon_ws/install/ur5_description/share/ur5_description/meshes/ur5/collision/base_0.asset.meta
[0.226s] -- Up-to-date: /home/lorenzobusellato/univr/Robotics_vision_and_control/Assignments/Robotics/colcon_ws/install/ur5_description/share/ur5_description/meshes/ur5/collision/wrist1.prefab.meta
[0.226s] -- Up-to-date: /home/lorenzobusellato/univr/Robotics_vision_and_control/Assignments/Robotics/colcon_ws/install/ur5_description/share/ur5_description/meshes/ur5/collision/wrist2_0.asset
[0.226s] -- Up-to-date: /home/lorenzobusellato/univr/Robotics_vision_and_control/Assignments/Robotics/colcon_ws/install/ur5_description/share/ur5_description/meshes/ur5/collision/wrist3_1.asset.meta
[0.226s] -- Up-to-date: /home/lorenzobusellato/univr/Robotics_vision_and_control/Assignments/Robotics/colcon_ws/install/ur5_description/share/ur5_description/meshes/ur5/collision/wrist1_0.asset
[0.226s] -- Up-to-date: /home/lorenzobusellato/univr/Robotics_vision_and_control/Assignments/Robotics/colcon_ws/install/ur5_description/share/ur5_description/meshes/ur5/collision/shoulder.prefab
[0.226s] -- Up-to-date: /home/lorenzobusellato/univr/Robotics_vision_and_control/Assignments/Robotics/colcon_ws/install/ur5_description/share/ur5_description/meshes/ur5/collision/upperarm_2.asset
[0.226s] -- Up-to-date: /home/lorenzobusellato/univr/Robotics_vision_and_control/Assignments/Robotics/colcon_ws/install/ur5_description/share/ur5_description/meshes/ur5/collision/forearm_3.asset
[0.226s] -- Up-to-date: /home/lorenzobusellato/univr/Robotics_vision_and_control/Assignments/Robotics/colcon_ws/install/ur5_description/share/ur5_description/meshes/ur5/collision/shoulder_0.asset.meta
[0.227s] -- Up-to-date: /home/lorenzobusellato/univr/Robotics_vision_and_control/Assignments/Robotics/colcon_ws/install/ur5_description/share/ur5_description/meshes/ur5/collision/shoulder.stl
[0.227s] -- Up-to-date: /home/lorenzobusellato/univr/Robotics_vision_and_control/Assignments/Robotics/colcon_ws/install/ur5_description/share/ur5_description/meshes/ur5/collision/shoulder_1.asset
[0.227s] -- Up-to-date: /home/lorenzobusellato/univr/Robotics_vision_and_control/Assignments/Robotics/colcon_ws/install/ur5_description/share/ur5_description/meshes/ur5/collision/upperarm_0.asset
[0.227s] -- Up-to-date: /home/lorenzobusellato/univr/Robotics_vision_and_control/Assignments/Robotics/colcon_ws/install/ur5_description/share/ur5_description/meshes/ur5/collision/wrist3_1.asset
[0.227s] -- Up-to-date: /home/lorenzobusellato/univr/Robotics_vision_and_control/Assignments/Robotics/colcon_ws/install/ur5_description/share/ur5_description/meshes/ur5/collision/base_1.asset.meta
[0.227s] -- Up-to-date: /home/lorenzobusellato/univr/Robotics_vision_and_control/Assignments/Robotics/colcon_ws/install/ur5_description/share/ur5_description/meshes/ur5/collision/forearm_2.asset.meta
[0.227s] -- Up-to-date: /home/lorenzobusellato/univr/Robotics_vision_and_control/Assignments/Robotics/colcon_ws/install/ur5_description/share/ur5_description/meshes/ur5/collision/wrist1.stl.meta
[0.227s] -- Up-to-date: /home/lorenzobusellato/univr/Robotics_vision_and_control/Assignments/Robotics/colcon_ws/install/ur5_description/share/ur5_description/meshes/ur5/visual
[0.228s] -- Up-to-date: /home/lorenzobusellato/univr/Robotics_vision_and_control/Assignments/Robotics/colcon_ws/install/ur5_description/share/ur5_description/meshes/ur5/visual/upperarm.dae
[0.228s] -- Up-to-date: /home/lorenzobusellato/univr/Robotics_vision_and_control/Assignments/Robotics/colcon_ws/install/ur5_description/share/ur5_description/meshes/ur5/visual/wrist3.dae.meta
[0.228s] -- Up-to-date: /home/lorenzobusellato/univr/Robotics_vision_and_control/Assignments/Robotics/colcon_ws/install/ur5_description/share/ur5_description/meshes/ur5/visual/shoulder.dae
[0.228s] -- Up-to-date: /home/lorenzobusellato/univr/Robotics_vision_and_control/Assignments/Robotics/colcon_ws/install/ur5_description/share/ur5_description/meshes/ur5/visual/wrist2.dae.meta
[0.228s] -- Up-to-date: /home/lorenzobusellato/univr/Robotics_vision_and_control/Assignments/Robotics/colcon_ws/install/ur5_description/share/ur5_description/meshes/ur5/visual/wrist3.dae
[0.228s] -- Up-to-date: /home/lorenzobusellato/univr/Robotics_vision_and_control/Assignments/Robotics/colcon_ws/install/ur5_description/share/ur5_description/meshes/ur5/visual/forearm.dae
[0.228s] -- Up-to-date: /home/lorenzobusellato/univr/Robotics_vision_and_control/Assignments/Robotics/colcon_ws/install/ur5_description/share/ur5_description/meshes/ur5/visual/base.dae
[0.228s] -- Up-to-date: /home/lorenzobusellato/univr/Robotics_vision_and_control/Assignments/Robotics/colcon_ws/install/ur5_description/share/ur5_description/meshes/ur5/visual/forearm.dae.meta
[0.229s] -- Up-to-date: /home/lorenzobusellato/univr/Robotics_vision_and_control/Assignments/Robotics/colcon_ws/install/ur5_description/share/ur5_description/meshes/ur5/visual/wrist1.dae.meta
[0.229s] -- Up-to-date: /home/lorenzobusellato/univr/Robotics_vision_and_control/Assignments/Robotics/colcon_ws/install/ur5_description/share/ur5_description/meshes/ur5/visual/wrist1.dae
[0.229s] -- Up-to-date: /home/lorenzobusellato/univr/Robotics_vision_and_control/Assignments/Robotics/colcon_ws/install/ur5_description/share/ur5_description/meshes/ur5/visual/shoulder.dae.meta
[0.229s] -- Up-to-date: /home/lorenzobusellato/univr/Robotics_vision_and_control/Assignments/Robotics/colcon_ws/install/ur5_description/share/ur5_description/meshes/ur5/visual/upperarm.dae.meta
[0.229s] -- Up-to-date: /home/lorenzobusellato/univr/Robotics_vision_and_control/Assignments/Robotics/colcon_ws/install/ur5_description/share/ur5_description/meshes/ur5/visual/wrist2.dae
[0.229s] -- Up-to-date: /home/lorenzobusellato/univr/Robotics_vision_and_control/Assignments/Robotics/colcon_ws/install/ur5_description/share/ur5_description/meshes/ur5/visual/base.dae.meta
[0.229s] -- Up-to-date: /home/lorenzobusellato/univr/Robotics_vision_and_control/Assignments/Robotics/colcon_ws/install/ur5_description/share/ur5_description/meshes/ur5/visual.meta
[0.229s] -- Up-to-date: /home/lorenzobusellato/univr/Robotics_vision_and_control/Assignments/Robotics/colcon_ws/install/ur5_description/share/ur5_description/rviz
[0.229s] -- Up-to-date: /home/lorenzobusellato/univr/Robotics_vision_and_control/Assignments/Robotics/colcon_ws/install/ur5_description/share/ur5_description/rviz/ur5_rviz.rviz.meta
[0.230s] -- Up-to-date: /home/lorenzobusellato/univr/Robotics_vision_and_control/Assignments/Robotics/colcon_ws/install/ur5_description/share/ur5_description/rviz/ur5_rviz.rviz
[0.230s] -- Up-to-date: /home/lorenzobusellato/univr/Robotics_vision_and_control/Assignments/Robotics/colcon_ws/install/ur5_description/share/ament_index/resource_index/package_run_dependencies/ur5_description
[0.230s] -- Up-to-date: /home/lorenzobusellato/univr/Robotics_vision_and_control/Assignments/Robotics/colcon_ws/install/ur5_description/share/ament_index/resource_index/parent_prefix_path/ur5_description
[0.230s] -- Up-to-date: /home/lorenzobusellato/univr/Robotics_vision_and_control/Assignments/Robotics/colcon_ws/install/ur5_description/share/ur5_description/environment/ament_prefix_path.sh
[0.233s] -- Up-to-date: /home/lorenzobusellato/univr/Robotics_vision_and_control/Assignments/Robotics/colcon_ws/install/ur5_description/share/ur5_description/environment/ament_prefix_path.dsv
[0.233s] -- Up-to-date: /home/lorenzobusellato/univr/Robotics_vision_and_control/Assignments/Robotics/colcon_ws/install/ur5_description/share/ur5_description/environment/path.sh
[0.234s] -- Up-to-date: /home/lorenzobusellato/univr/Robotics_vision_and_control/Assignments/Robotics/colcon_ws/install/ur5_description/share/ur5_description/environment/path.dsv
[0.234s] -- Up-to-date: /home/lorenzobusellato/univr/Robotics_vision_and_control/Assignments/Robotics/colcon_ws/install/ur5_description/share/ur5_description/local_setup.bash
[0.234s] -- Up-to-date: /home/lorenzobusellato/univr/Robotics_vision_and_control/Assignments/Robotics/colcon_ws/install/ur5_description/share/ur5_description/local_setup.sh
[0.234s] -- Up-to-date: /home/lorenzobusellato/univr/Robotics_vision_and_control/Assignments/Robotics/colcon_ws/install/ur5_description/share/ur5_description/local_setup.zsh
[0.234s] -- Up-to-date: /home/lorenzobusellato/univr/Robotics_vision_and_control/Assignments/Robotics/colcon_ws/install/ur5_description/share/ur5_description/local_setup.dsv
[0.234s] -- Installing: /home/lorenzobusellato/univr/Robotics_vision_and_control/Assignments/Robotics/colcon_ws/install/ur5_description/share/ur5_description/package.dsv
[0.234s] -- Up-to-date: /home/lorenzobusellato/univr/Robotics_vision_and_control/Assignments/Robotics/colcon_ws/install/ur5_description/share/ament_index/resource_index/packages/ur5_description
[0.235s] -- Up-to-date: /home/lorenzobusellato/univr/Robotics_vision_and_control/Assignments/Robotics/colcon_ws/install/ur5_description/share/ur5_description/cmake/ur5_descriptionConfig.cmake
[0.240s] -- Up-to-date: /home/lorenzobusellato/univr/Robotics_vision_and_control/Assignments/Robotics/colcon_ws/install/ur5_description/share/ur5_description/cmake/ur5_descriptionConfig-version.cmake
[0.240s] -- Up-to-date: /home/lorenzobusellato/univr/Robotics_vision_and_control/Assignments/Robotics/colcon_ws/install/ur5_description/share/ur5_description/package.xml
[0.256s] Invoked command in '/home/lorenzobusellato/univr/Robotics_vision_and_control/Assignments/Robotics/colcon_ws/build/ur5_description' returned '0': CMAKE_PREFIX_PATH=${CMAKE_PREFIX_PATH}:/home/lorenzobusellato/univr/Robotics_vision_and_control/Assignments/Robotics/colcon_ws/install/ur5_pnp:/opt/ros/galactic /usr/bin/cmake --install /home/lorenzobusellato/univr/Robotics_vision_and_control/Assignments/Robotics/colcon_ws/build/ur5_description
