running egg_info
writing ../../build/ur5_pnp/ur5_pnp.egg-info/PKG-INFO
writing dependency_links to ../../build/ur5_pnp/ur5_pnp.egg-info/dependency_links.txt
writing entry points to ../../build/ur5_pnp/ur5_pnp.egg-info/entry_points.txt
writing requirements to ../../build/ur5_pnp/ur5_pnp.egg-info/requires.txt
writing top-level names to ../../build/ur5_pnp/ur5_pnp.egg-info/top_level.txt
reading manifest file '../../build/ur5_pnp/ur5_pnp.egg-info/SOURCES.txt'
writing manifest file '../../build/ur5_pnp/ur5_pnp.egg-info/SOURCES.txt'
running build
running build_py
running install
running install_lib
running install_data
running install_egg_info
removing '/home/lorenzobusellato/univr/Robotics_vision_and_control/Assignments/Robotics/colcon_ws/install/ur5_pnp/lib/python3.8/site-packages/ur5_pnp-0.0.0-py3.8.egg-info' (and everything under it)
Copying ../../build/ur5_pnp/ur5_pnp.egg-info to /home/lorenzobusellato/univr/Robotics_vision_and_control/Assignments/Robotics/colcon_ws/install/ur5_pnp/lib/python3.8/site-packages/ur5_pnp-0.0.0-py3.8.egg-info
running install_scripts
Installing gripper_service script to /home/lorenzobusellato/univr/Robotics_vision_and_control/Assignments/Robotics/colcon_ws/install/ur5_pnp/lib/ur5_pnp
Installing main script to /home/lorenzobusellato/univr/Robotics_vision_and_control/Assignments/Robotics/colcon_ws/install/ur5_pnp/lib/ur5_pnp
writing list of installed files to '/home/lorenzobusellato/univr/Robotics_vision_and_control/Assignments/Robotics/colcon_ws/build/ur5_pnp/install.log'
