[0.954s] Invoking command in '/home/lorenzobusellato/univr/Robotics_vision_and_control/Assignments/Robotics/colcon_ws/src/ur5_pnp': PYTHONPATH=/home/lorenzobusellato/univr/Robotics_vision_and_control/Assignments/Robotics/colcon_ws/install/ur5_pnp/lib/python3.8/site-packages:/home/lorenzobusellato/univr/Robotics_vision_and_control/Assignments/Robotics/colcon_ws/install/ur5_interfaces/lib/python3.8/site-packages:/home/lorenzobusellato/univr/Robotics_vision_and_control/Assignments/Robotics/colcon_ws/install/ur5_pnp/lib/python3.8/site-packages:/opt/ros/galactic/lib/python3.8/site-packages /usr/bin/python3 setup.py egg_info --egg-base ../../build/ur5_pnp build --build-base /home/lorenzobusellato/univr/Robotics_vision_and_control/Assignments/Robotics/colcon_ws/build/ur5_pnp/build install --prefix /home/lorenzobusellato/univr/Robotics_vision_and_control/Assignments/Robotics/colcon_ws/install/ur5_pnp --record /home/lorenzobusellato/univr/Robotics_vision_and_control/Assignments/Robotics/colcon_ws/build/ur5_pnp/install.log --single-version-externally-managed
[1.228s] running egg_info
[1.229s] writing ../../build/ur5_pnp/ur5_pnp.egg-info/PKG-INFO
[1.229s] writing dependency_links to ../../build/ur5_pnp/ur5_pnp.egg-info/dependency_links.txt
[1.230s] writing entry points to ../../build/ur5_pnp/ur5_pnp.egg-info/entry_points.txt
[1.230s] writing requirements to ../../build/ur5_pnp/ur5_pnp.egg-info/requires.txt
[1.230s] writing top-level names to ../../build/ur5_pnp/ur5_pnp.egg-info/top_level.txt
[1.267s] reading manifest file '../../build/ur5_pnp/ur5_pnp.egg-info/SOURCES.txt'
[1.268s] writing manifest file '../../build/ur5_pnp/ur5_pnp.egg-info/SOURCES.txt'
[1.269s] running build
[1.269s] running build_py
[1.269s] copying ur5_pnp/service/gripper_service.py -> /home/lorenzobusellato/univr/Robotics_vision_and_control/Assignments/Robotics/colcon_ws/build/ur5_pnp/build/lib/ur5_pnp/service
[1.270s] running install
[1.270s] running install_lib
[1.272s] copying /home/lorenzobusellato/univr/Robotics_vision_and_control/Assignments/Robotics/colcon_ws/build/ur5_pnp/build/lib/ur5_pnp/service/gripper_service.py -> /home/lorenzobusellato/univr/Robotics_vision_and_control/Assignments/Robotics/colcon_ws/install/ur5_pnp/lib/python3.8/site-packages/ur5_pnp/service
[1.273s] byte-compiling /home/lorenzobusellato/univr/Robotics_vision_and_control/Assignments/Robotics/colcon_ws/install/ur5_pnp/lib/python3.8/site-packages/ur5_pnp/service/gripper_service.py to gripper_service.cpython-38.pyc
[1.275s] running install_data
[1.275s] running install_egg_info
[1.277s] removing '/home/lorenzobusellato/univr/Robotics_vision_and_control/Assignments/Robotics/colcon_ws/install/ur5_pnp/lib/python3.8/site-packages/ur5_pnp-0.0.0-py3.8.egg-info' (and everything under it)
[1.282s] Copying ../../build/ur5_pnp/ur5_pnp.egg-info to /home/lorenzobusellato/univr/Robotics_vision_and_control/Assignments/Robotics/colcon_ws/install/ur5_pnp/lib/python3.8/site-packages/ur5_pnp-0.0.0-py3.8.egg-info
[1.282s] running install_scripts
[1.297s] Installing gripper_service script to /home/lorenzobusellato/univr/Robotics_vision_and_control/Assignments/Robotics/colcon_ws/install/ur5_pnp/lib/ur5_pnp
[1.298s] Installing main script to /home/lorenzobusellato/univr/Robotics_vision_and_control/Assignments/Robotics/colcon_ws/install/ur5_pnp/lib/ur5_pnp
[1.298s] writing list of installed files to '/home/lorenzobusellato/univr/Robotics_vision_and_control/Assignments/Robotics/colcon_ws/build/ur5_pnp/install.log'
[1.324s] Invoked command in '/home/lorenzobusellato/univr/Robotics_vision_and_control/Assignments/Robotics/colcon_ws/src/ur5_pnp' returned '0': PYTHONPATH=/home/lorenzobusellato/univr/Robotics_vision_and_control/Assignments/Robotics/colcon_ws/install/ur5_pnp/lib/python3.8/site-packages:/home/lorenzobusellato/univr/Robotics_vision_and_control/Assignments/Robotics/colcon_ws/install/ur5_interfaces/lib/python3.8/site-packages:/home/lorenzobusellato/univr/Robotics_vision_and_control/Assignments/Robotics/colcon_ws/install/ur5_pnp/lib/python3.8/site-packages:/opt/ros/galactic/lib/python3.8/site-packages /usr/bin/python3 setup.py egg_info --egg-base ../../build/ur5_pnp build --build-base /home/lorenzobusellato/univr/Robotics_vision_and_control/Assignments/Robotics/colcon_ws/build/ur5_pnp/build install --prefix /home/lorenzobusellato/univr/Robotics_vision_and_control/Assignments/Robotics/colcon_ws/install/ur5_pnp --record /home/lorenzobusellato/univr/Robotics_vision_and_control/Assignments/Robotics/colcon_ws/build/ur5_pnp/install.log --single-version-externally-managed
