[1.101s] Invoking command in '/home/lorenzobusellato/univr/Robotics_vision_and_control/Assignments/Robotics/colcon_ws/src/ur5_pnp': PYTHONPATH=/home/lorenzobusellato/univr/Robotics_vision_and_control/Assignments/Robotics/colcon_ws/install/ur5_pnp/lib/python3.8/site-packages:${PYTHONPATH} /usr/bin/python3 setup.py egg_info --egg-base ../../build/ur5_pnp build --build-base /home/lorenzobusellato/univr/Robotics_vision_and_control/Assignments/Robotics/colcon_ws/build/ur5_pnp/build install --prefix /home/lorenzobusellato/univr/Robotics_vision_and_control/Assignments/Robotics/colcon_ws/install/ur5_pnp --record /home/lorenzobusellato/univr/Robotics_vision_and_control/Assignments/Robotics/colcon_ws/build/ur5_pnp/install.log --single-version-externally-managed
[1.510s] running egg_info
[1.511s] writing ../../build/ur5_pnp/ur5_pnp.egg-info/PKG-INFO
[1.511s] writing dependency_links to ../../build/ur5_pnp/ur5_pnp.egg-info/dependency_links.txt
[1.511s] writing entry points to ../../build/ur5_pnp/ur5_pnp.egg-info/entry_points.txt
[1.511s] writing requirements to ../../build/ur5_pnp/ur5_pnp.egg-info/requires.txt
[1.512s] writing top-level names to ../../build/ur5_pnp/ur5_pnp.egg-info/top_level.txt
[1.568s] reading manifest file '../../build/ur5_pnp/ur5_pnp.egg-info/SOURCES.txt'
[1.569s] writing manifest file '../../build/ur5_pnp/ur5_pnp.egg-info/SOURCES.txt'
[1.570s] running build
[1.570s] running build_py
[1.570s] copying ur5_pnp/ur5/ur5.py -> /home/lorenzobusellato/univr/Robotics_vision_and_control/Assignments/Robotics/colcon_ws/build/ur5_pnp/build/lib/ur5_pnp/ur5
[1.571s] running install
[1.572s] running install_lib
[1.574s] copying /home/lorenzobusellato/univr/Robotics_vision_and_control/Assignments/Robotics/colcon_ws/build/ur5_pnp/build/lib/ur5_pnp/ur5/ur5.py -> /home/lorenzobusellato/univr/Robotics_vision_and_control/Assignments/Robotics/colcon_ws/install/ur5_pnp/lib/python3.8/site-packages/ur5_pnp/ur5
[1.575s] byte-compiling /home/lorenzobusellato/univr/Robotics_vision_and_control/Assignments/Robotics/colcon_ws/install/ur5_pnp/lib/python3.8/site-packages/ur5_pnp/ur5/ur5.py to ur5.cpython-38.pyc
[1.578s] running install_data
[1.579s] running install_egg_info
[1.582s] removing '/home/lorenzobusellato/univr/Robotics_vision_and_control/Assignments/Robotics/colcon_ws/install/ur5_pnp/lib/python3.8/site-packages/ur5_pnp-0.0.0-py3.8.egg-info' (and everything under it)
[1.582s] Copying ../../build/ur5_pnp/ur5_pnp.egg-info to /home/lorenzobusellato/univr/Robotics_vision_and_control/Assignments/Robotics/colcon_ws/install/ur5_pnp/lib/python3.8/site-packages/ur5_pnp-0.0.0-py3.8.egg-info
[1.583s] running install_scripts
[1.608s] Installing main script to /home/lorenzobusellato/univr/Robotics_vision_and_control/Assignments/Robotics/colcon_ws/install/ur5_pnp/lib/ur5_pnp
[1.608s] writing list of installed files to '/home/lorenzobusellato/univr/Robotics_vision_and_control/Assignments/Robotics/colcon_ws/build/ur5_pnp/install.log'
[1.643s] Invoked command in '/home/lorenzobusellato/univr/Robotics_vision_and_control/Assignments/Robotics/colcon_ws/src/ur5_pnp' returned '0': PYTHONPATH=/home/lorenzobusellato/univr/Robotics_vision_and_control/Assignments/Robotics/colcon_ws/install/ur5_pnp/lib/python3.8/site-packages:${PYTHONPATH} /usr/bin/python3 setup.py egg_info --egg-base ../../build/ur5_pnp build --build-base /home/lorenzobusellato/univr/Robotics_vision_and_control/Assignments/Robotics/colcon_ws/build/ur5_pnp/build install --prefix /home/lorenzobusellato/univr/Robotics_vision_and_control/Assignments/Robotics/colcon_ws/install/ur5_pnp --record /home/lorenzobusellato/univr/Robotics_vision_and_control/Assignments/Robotics/colcon_ws/build/ur5_pnp/install.log --single-version-externally-managed
