-- The C compiler identification is GNU 9.4.0
-- The CXX compiler identification is GNU 9.4.0
-- Check for working C compiler: /usr/bin/cc
-- Check for working C compiler: /usr/bin/cc -- works
-- Detecting C compiler ABI info
-- Detecting C compiler ABI info - done
-- Detecting C compile features
-- Detecting C compile features - done
-- Check for working CXX compiler: /usr/bin/c++
-- Check for working CXX compiler: /usr/bin/c++ -- works
-- Detecting CXX compiler ABI info
-- Detecting CXX compiler ABI info - done
-- Detecting CXX compile features
-- Detecting CXX compile features - done
-- Found ament_cmake: 1.1.5 (/opt/ros/galactic/share/ament_cmake/cmake)
-- Found PythonInterp: /usr/bin/python3 (found suitable version "3.8.10", minimum required is "3") 
-- Using PYTHON_EXECUTABLE: /usr/bin/python3
-- Found rclcpp: 9.2.1 (/opt/ros/galactic/share/rclcpp/cmake)
-- Using all available rosidl_typesupport_c: rosidl_typesupport_fastrtps_c;rosidl_typesupport_introspection_c
-- Found rosidl_adapter: 2.2.2 (/opt/ros/galactic/share/rosidl_adapter/cmake)
-- Found OpenSSL: /usr/lib/x86_64-linux-gnu/libcrypto.so (found version "1.1.1f")  
-- Found FastRTPS: /opt/ros/galactic/include  
-- Using all available rosidl_typesupport_cpp: rosidl_typesupport_fastrtps_cpp;rosidl_typesupport_introspection_cpp
-- Found rmw_implementation_cmake: 3.3.1 (/opt/ros/galactic/share/rmw_implementation_cmake/cmake)
-- Found rmw_cyclonedds_cpp: 0.22.5 (/opt/ros/galactic/share/rmw_cyclonedds_cpp/cmake)
-- Using RMW implementation 'rmw_cyclonedds_cpp' as default
-- Looking for pthread.h
-- Looking for pthread.h - found
-- Performing Test CMAKE_HAVE_LIBC_PTHREAD
-- Performing Test CMAKE_HAVE_LIBC_PTHREAD - Failed
-- Looking for pthread_create in pthreads
-- Looking for pthread_create in pthreads - not found
-- Looking for pthread_create in pthread
-- Looking for pthread_create in pthread - found
-- Found Threads: TRUE  
-- Found sensor_msgs: 2.2.4 (/opt/ros/galactic/share/sensor_msgs/cmake)
-- Found eigen3_cmake_module: 0.1.1 (/opt/ros/galactic/share/eigen3_cmake_module/cmake)
-- Found Eigen3: TRUE (found version "3.3.7") 
-- Found trac_ik_lib: 0.1.0 (/home/lorenzobusellato/univr/Robotics_vision_and_control/Assignments/Robotics/colcon_ws/install/trac_ik_lib/share/trac_ik_lib/cmake)
-- Found ament_lint_auto: 0.10.7 (/opt/ros/galactic/share/ament_lint_auto/cmake)
-- Added test 'copyright' to check source files copyright and LICENSE
-- Added test 'cppcheck' to perform static code analysis on C / C++ code
-- Configured cppcheck include dirs: /home/lorenzobusellato/univr/Robotics_vision_and_control/Assignments/Robotics/colcon_ws/src/kinematic/include
-- Configured cppcheck exclude dirs and/or files: 
-- Added test 'cpplint' to check C / C++ code against the Google style
-- Configured cpplint exclude dirs and/or files: 
-- Added test 'flake8' to check Python code syntax and style conventions
-- Added test 'lint_cmake' to check CMake code style
-- Added test 'pep257' to check Python code against some of the style conventions in PEP 257
-- Added test 'uncrustify' to check C / C++ code style
-- Configured uncrustify additional arguments: 
-- Added test 'xmllint' to check XML markup files
-- Configuring done
-- Generating done
-- Build files have been written to: /home/lorenzobusellato/univr/Robotics_vision_and_control/Assignments/Robotics/colcon_ws/build/kinematic
[35m[1mScanning dependencies of target forward_kinematic_node[0m
[35m[1mScanning dependencies of target inverse_kinematic_node[0m
[ 25%] [32mBuilding CXX object CMakeFiles/forward_kinematic_node.dir/src/forward_kinematic.cpp.o[0m
[ 50%] [32mBuilding CXX object CMakeFiles/inverse_kinematic_node.dir/src/inverse_kinematic.cpp.o[0m
[ 75%] [32m[1mLinking CXX executable forward_kinematic_node[0m
[ 75%] Built target forward_kinematic_node
[100%] [32m[1mLinking CXX executable inverse_kinematic_node[0m
[100%] Built target inverse_kinematic_node
-- Install configuration: ""
-- Installing: /home/lorenzobusellato/univr/Robotics_vision_and_control/Assignments/Robotics/colcon_ws/install/kinematic/lib/kinematic/inverse_kinematic_node
-- Set runtime path of "/home/lorenzobusellato/univr/Robotics_vision_and_control/Assignments/Robotics/colcon_ws/install/kinematic/lib/kinematic/inverse_kinematic_node" to ""
-- Installing: /home/lorenzobusellato/univr/Robotics_vision_and_control/Assignments/Robotics/colcon_ws/install/kinematic/lib/kinematic/forward_kinematic_node
-- Set runtime path of "/home/lorenzobusellato/univr/Robotics_vision_and_control/Assignments/Robotics/colcon_ws/install/kinematic/lib/kinematic/forward_kinematic_node" to ""
-- Installing: /home/lorenzobusellato/univr/Robotics_vision_and_control/Assignments/Robotics/colcon_ws/install/kinematic/include/
-- Installing: /home/lorenzobusellato/univr/Robotics_vision_and_control/Assignments/Robotics/colcon_ws/install/kinematic/include//kinematic
-- Installing: /home/lorenzobusellato/univr/Robotics_vision_and_control/Assignments/Robotics/colcon_ws/install/kinematic/include//kinematic/inverse_kinematic.hpp
-- Installing: /home/lorenzobusellato/univr/Robotics_vision_and_control/Assignments/Robotics/colcon_ws/install/kinematic/include//kinematic/forward_kinematic.hpp
-- Installing: /home/lorenzobusellato/univr/Robotics_vision_and_control/Assignments/Robotics/colcon_ws/install/kinematic/share/kinematic/launch
-- Installing: /home/lorenzobusellato/univr/Robotics_vision_and_control/Assignments/Robotics/colcon_ws/install/kinematic/share/kinematic/launch/forward_kinematic.launch.py
-- Installing: /home/lorenzobusellato/univr/Robotics_vision_and_control/Assignments/Robotics/colcon_ws/install/kinematic/share/kinematic/launch/inverse_kinematic.launch.py
-- Installing: /home/lorenzobusellato/univr/Robotics_vision_and_control/Assignments/Robotics/colcon_ws/install/kinematic/share/ament_index/resource_index/package_run_dependencies/kinematic
-- Installing: /home/lorenzobusellato/univr/Robotics_vision_and_control/Assignments/Robotics/colcon_ws/install/kinematic/share/ament_index/resource_index/parent_prefix_path/kinematic
-- Installing: /home/lorenzobusellato/univr/Robotics_vision_and_control/Assignments/Robotics/colcon_ws/install/kinematic/share/kinematic/environment/ament_prefix_path.sh
-- Installing: /home/lorenzobusellato/univr/Robotics_vision_and_control/Assignments/Robotics/colcon_ws/install/kinematic/share/kinematic/environment/ament_prefix_path.dsv
-- Installing: /home/lorenzobusellato/univr/Robotics_vision_and_control/Assignments/Robotics/colcon_ws/install/kinematic/share/kinematic/environment/path.sh
-- Installing: /home/lorenzobusellato/univr/Robotics_vision_and_control/Assignments/Robotics/colcon_ws/install/kinematic/share/kinematic/environment/path.dsv
-- Installing: /home/lorenzobusellato/univr/Robotics_vision_and_control/Assignments/Robotics/colcon_ws/install/kinematic/share/kinematic/local_setup.bash
-- Installing: /home/lorenzobusellato/univr/Robotics_vision_and_control/Assignments/Robotics/colcon_ws/install/kinematic/share/kinematic/local_setup.sh
-- Installing: /home/lorenzobusellato/univr/Robotics_vision_and_control/Assignments/Robotics/colcon_ws/install/kinematic/share/kinematic/local_setup.zsh
-- Installing: /home/lorenzobusellato/univr/Robotics_vision_and_control/Assignments/Robotics/colcon_ws/install/kinematic/share/kinematic/local_setup.dsv
-- Installing: /home/lorenzobusellato/univr/Robotics_vision_and_control/Assignments/Robotics/colcon_ws/install/kinematic/share/kinematic/package.dsv
-- Installing: /home/lorenzobusellato/univr/Robotics_vision_and_control/Assignments/Robotics/colcon_ws/install/kinematic/share/ament_index/resource_index/packages/kinematic
-- Installing: /home/lorenzobusellato/univr/Robotics_vision_and_control/Assignments/Robotics/colcon_ws/install/kinematic/share/kinematic/cmake/kinematicConfig.cmake
-- Installing: /home/lorenzobusellato/univr/Robotics_vision_and_control/Assignments/Robotics/colcon_ws/install/kinematic/share/kinematic/cmake/kinematicConfig-version.cmake
-- Installing: /home/lorenzobusellato/univr/Robotics_vision_and_control/Assignments/Robotics/colcon_ws/install/kinematic/share/kinematic/package.xml
