[0.013s] Invoking command in '/home/lorenzobusellato/univr/Robotics_vision_and_control/Assignments/Robotics/colcon_ws/build/ur5_interfaces': CMAKE_PREFIX_PATH=${CMAKE_PREFIX_PATH}:/home/lorenzobusellato/univr/Robotics_vision_and_control/Assignments/Robotics/colcon_ws/install/ur5_pnp:/opt/ros/galactic /usr/bin/cmake --build /home/lorenzobusellato/univr/Robotics_vision_and_control/Assignments/Robotics/colcon_ws/build/ur5_interfaces -- -j4 -l4
[0.041s] -- Found ament_cmake: 1.1.5 (/opt/ros/galactic/share/ament_cmake/cmake)
[0.064s] -- Found PythonInterp: /usr/bin/python3 (found suitable version "3.8.10", minimum required is "3") 
[0.064s] -- Using PYTHON_EXECUTABLE: /usr/bin/python3
[0.127s] -- Found ament_lint_auto: 0.10.7 (/opt/ros/galactic/share/ament_lint_auto/cmake)
[0.188s] -- Found rosidl_default_generators: 1.1.1 (/opt/ros/galactic/share/rosidl_default_generators/cmake)
[0.190s] -- Using all available rosidl_typesupport_c: rosidl_typesupport_fastrtps_c;rosidl_typesupport_introspection_c
[0.194s] -- Found rosidl_adapter: 2.2.2 (/opt/ros/galactic/share/rosidl_adapter/cmake)
[0.337s] -- Using all available rosidl_typesupport_cpp: rosidl_typesupport_fastrtps_cpp;rosidl_typesupport_introspection_cpp
[0.382s] -- Found PythonInterp: /usr/bin/python3 (found version "3.8.10") 
[0.524s] -- Found ament_cmake_ros: 0.9.2 (/opt/ros/galactic/share/ament_cmake_ros/cmake)
[0.656s] -- Using all available rosidl_typesupport_c: rosidl_typesupport_fastrtps_c;rosidl_typesupport_introspection_c
[0.681s] -- Using all available rosidl_typesupport_cpp: rosidl_typesupport_fastrtps_cpp;rosidl_typesupport_introspection_cpp
[0.708s] -- Found PythonInterp: /usr/bin/python3 (found suitable version "3.8.10", minimum required is "3.5") 
[0.708s] -- Found python_cmake_module: 0.8.1 (/opt/ros/galactic/share/python_cmake_module/cmake)
[0.731s] -- Using PYTHON_EXECUTABLE: /usr/bin/python3
[0.732s] -- Using PYTHON_INCLUDE_DIRS: /usr/include/python3.8
[0.732s] -- Using PYTHON_LIBRARIES: /usr/lib/x86_64-linux-gnu/libpython3.8.so
[0.761s] -- Added test 'copyright' to check source files copyright and LICENSE
[0.762s] -- Added test 'lint_cmake' to check CMake code style
[0.763s] -- Added test 'xmllint' to check XML markup files
[0.769s] -- Configuring done
[0.841s] -- Generating done
[0.844s] -- Build files have been written to: /home/lorenzobusellato/univr/Robotics_vision_and_control/Assignments/Robotics/colcon_ws/build/ur5_interfaces
[0.870s] [  3%] [34m[1mGenerating C code for ROS interfaces[0m
[0.870s] [35m[1mScanning dependencies of target ur5_interfaces__cpp[0m
[0.881s] [  6%] [34m[1mGenerating C++ code for ROS interfaces[0m
[1.286s] [  6%] Built target ur5_interfaces__cpp
[1.301s] [ 12%] [34m[1mGenerating C++ introspection for ROS interfaces[0m
[1.301s] [ 12%] [34m[1mGenerating C++ type support dispatch for ROS interfaces[0m
[1.302s] [ 16%] [34m[1mGenerating C++ type support for eProsima Fast-RTPS[0m
[1.306s] [35m[1mScanning dependencies of target ur5_interfaces__rosidl_generator_c[0m
[1.331s] [ 19%] [32mBuilding C object CMakeFiles/ur5_interfaces__rosidl_generator_c.dir/rosidl_generator_c/ur5_interfaces/action/detail/move__functions.c.o[0m
[1.508s] [ 22%] [32m[1mLinking C shared library libur5_interfaces__rosidl_generator_c.so[0m
[1.577s] [ 22%] Built target ur5_interfaces__rosidl_generator_c
[1.592s] [ 25%] [34m[1mGenerating C introspection for ROS interfaces[0m
[1.730s] [35m[1mScanning dependencies of target ur5_interfaces__rosidl_typesupport_cpp[0m
[1.762s] [ 29%] [32mBuilding CXX object CMakeFiles/ur5_interfaces__rosidl_typesupport_cpp.dir/rosidl_typesupport_cpp/ur5_interfaces/action/move__type_support.cpp.o[0m
[1.809s] [35m[1mScanning dependencies of target ur5_interfaces__rosidl_typesupport_introspection_cpp[0m
[1.840s] [ 32%] [32mBuilding CXX object CMakeFiles/ur5_interfaces__rosidl_typesupport_introspection_cpp.dir/rosidl_typesupport_introspection_cpp/ur5_interfaces/action/detail/move__type_support.cpp.o[0m
[1.933s] [35m[1mScanning dependencies of target ur5_interfaces__rosidl_typesupport_fastrtps_cpp[0m
[1.970s] [ 35%] [32mBuilding CXX object CMakeFiles/ur5_interfaces__rosidl_typesupport_fastrtps_cpp.dir/rosidl_typesupport_fastrtps_cpp/ur5_interfaces/action/detail/dds_fastrtps/move__type_support.cpp.o[0m
[2.136s] [35m[1mScanning dependencies of target ur5_interfaces__rosidl_typesupport_introspection_c[0m
[2.170s] [ 38%] [32mBuilding C object CMakeFiles/ur5_interfaces__rosidl_typesupport_introspection_c.dir/rosidl_typesupport_introspection_c/ur5_interfaces/action/detail/move__type_support.c.o[0m
[2.245s] [ 41%] [32m[1mLinking C shared library libur5_interfaces__rosidl_typesupport_introspection_c.so[0m
[2.307s] [ 41%] Built target ur5_interfaces__rosidl_typesupport_introspection_c
[2.323s] [ 45%] [34m[1mGenerating C type support dispatch for ROS interfaces[0m
[2.523s] [ 48%] [32m[1mLinking CXX shared library libur5_interfaces__rosidl_typesupport_cpp.so[0m
[2.590s] [ 48%] Built target ur5_interfaces__rosidl_typesupport_cpp
[2.641s] [ 51%] [32m[1mLinking CXX shared library libur5_interfaces__rosidl_typesupport_introspection_cpp.so[0m
[2.726s] [ 51%] Built target ur5_interfaces__rosidl_typesupport_introspection_cpp
[2.772s] [35m[1mScanning dependencies of target ur5_interfaces__rosidl_typesupport_c[0m
[2.790s] [ 54%] [32mBuilding CXX object CMakeFiles/ur5_interfaces__rosidl_typesupport_c.dir/rosidl_typesupport_c/ur5_interfaces/action/move__type_support.cpp.o[0m
[2.831s] [ 58%] [32m[1mLinking CXX shared library libur5_interfaces__rosidl_typesupport_fastrtps_cpp.so[0m
[2.839s] [ 61%] [32m[1mLinking CXX shared library libur5_interfaces__rosidl_typesupport_c.so[0m
[2.882s] [ 61%] Built target ur5_interfaces__rosidl_typesupport_c
[2.930s] [ 61%] Built target ur5_interfaces__rosidl_typesupport_fastrtps_cpp
[2.941s] [ 64%] [34m[1mGenerating C type support for eProsima Fast-RTPS[0m
[3.273s] [35m[1mScanning dependencies of target ur5_interfaces__rosidl_typesupport_fastrtps_c[0m
[3.290s] [ 67%] [32mBuilding CXX object CMakeFiles/ur5_interfaces__rosidl_typesupport_fastrtps_c.dir/rosidl_typesupport_fastrtps_c/ur5_interfaces/action/detail/move__type_support_c.cpp.o[0m
[3.658s] [ 70%] [32m[1mLinking CXX shared library libur5_interfaces__rosidl_typesupport_fastrtps_c.so[0m
[3.754s] [ 70%] Built target ur5_interfaces__rosidl_typesupport_fastrtps_c
[3.774s] [ 70%] Built target ur5_interfaces
[3.784s] [35m[1mScanning dependencies of target ur5_interfaces__py[0m
[3.794s] [ 74%] [34m[1mGenerating Python code for ROS interfaces[0m
[4.525s] [ 74%] Built target ur5_interfaces__py
[4.536s] [35m[1mScanning dependencies of target ur5_interfaces__python[0m
[4.551s] [ 77%] [32mBuilding C object CMakeFiles/ur5_interfaces__python.dir/rosidl_generator_py/ur5_interfaces/action/_move_s.c.o[0m
[4.675s] [ 80%] [32m[1mLinking C shared library rosidl_generator_py/ur5_interfaces/libur5_interfaces__python.so[0m
[4.718s] [ 80%] Built target ur5_interfaces__python
[4.730s] [35m[1mScanning dependencies of target ur5_interfaces__rosidl_typesupport_fastrtps_c__pyext[0m
[4.732s] [35m[1mScanning dependencies of target ur5_interfaces__rosidl_typesupport_introspection_c__pyext[0m
[4.733s] [35m[1mScanning dependencies of target ur5_interfaces__rosidl_typesupport_c__pyext[0m
[4.753s] [ 83%] [32mBuilding C object CMakeFiles/ur5_interfaces__rosidl_typesupport_fastrtps_c__pyext.dir/rosidl_generator_py/ur5_interfaces/_ur5_interfaces_s.ep.rosidl_typesupport_fastrtps_c.c.o[0m
[4.759s] [ 87%] [32mBuilding C object CMakeFiles/ur5_interfaces__rosidl_typesupport_c__pyext.dir/rosidl_generator_py/ur5_interfaces/_ur5_interfaces_s.ep.rosidl_typesupport_c.c.o[0m
[4.759s] [ 90%] [32mBuilding C object CMakeFiles/ur5_interfaces__rosidl_typesupport_introspection_c__pyext.dir/rosidl_generator_py/ur5_interfaces/_ur5_interfaces_s.ep.rosidl_typesupport_introspection_c.c.o[0m
[4.864s] [ 93%] [32m[1mLinking C shared library rosidl_generator_py/ur5_interfaces/ur5_interfaces_s__rosidl_typesupport_introspection_c.cpython-38-x86_64-linux-gnu.so[0m
[4.911s] [ 96%] [32m[1mLinking CXX shared library rosidl_generator_py/ur5_interfaces/ur5_interfaces_s__rosidl_typesupport_fastrtps_c.cpython-38-x86_64-linux-gnu.so[0m
[4.914s] [100%] [32m[1mLinking C shared library rosidl_generator_py/ur5_interfaces/ur5_interfaces_s__rosidl_typesupport_c.cpython-38-x86_64-linux-gnu.so[0m
[4.914s] [100%] Built target ur5_interfaces__rosidl_typesupport_introspection_c__pyext
[4.955s] [100%] Built target ur5_interfaces__rosidl_typesupport_c__pyext
[4.984s] [100%] Built target ur5_interfaces__rosidl_typesupport_fastrtps_c__pyext
[4.995s] Invoked command in '/home/lorenzobusellato/univr/Robotics_vision_and_control/Assignments/Robotics/colcon_ws/build/ur5_interfaces' returned '0': CMAKE_PREFIX_PATH=${CMAKE_PREFIX_PATH}:/home/lorenzobusellato/univr/Robotics_vision_and_control/Assignments/Robotics/colcon_ws/install/ur5_pnp:/opt/ros/galactic /usr/bin/cmake --build /home/lorenzobusellato/univr/Robotics_vision_and_control/Assignments/Robotics/colcon_ws/build/ur5_interfaces -- -j4 -l4
[5.052s] Invoking command in '/home/lorenzobusellato/univr/Robotics_vision_and_control/Assignments/Robotics/colcon_ws/build/ur5_interfaces': CMAKE_PREFIX_PATH=${CMAKE_PREFIX_PATH}:/home/lorenzobusellato/univr/Robotics_vision_and_control/Assignments/Robotics/colcon_ws/install/ur5_pnp:/opt/ros/galactic /usr/bin/cmake --install /home/lorenzobusellato/univr/Robotics_vision_and_control/Assignments/Robotics/colcon_ws/build/ur5_interfaces
[5.061s] -- Install configuration: ""
[5.061s] -- Installing: /home/lorenzobusellato/univr/Robotics_vision_and_control/Assignments/Robotics/colcon_ws/install/ur5_interfaces/share/ament_index/resource_index/rosidl_interfaces/ur5_interfaces
[5.061s] -- Up-to-date: /home/lorenzobusellato/univr/Robotics_vision_and_control/Assignments/Robotics/colcon_ws/install/ur5_interfaces/include/ur5_interfaces
[5.061s] -- Installing: /home/lorenzobusellato/univr/Robotics_vision_and_control/Assignments/Robotics/colcon_ws/install/ur5_interfaces/include/ur5_interfaces/action
[5.061s] -- Installing: /home/lorenzobusellato/univr/Robotics_vision_and_control/Assignments/Robotics/colcon_ws/install/ur5_interfaces/include/ur5_interfaces/action/move.h
[5.062s] -- Installing: /home/lorenzobusellato/univr/Robotics_vision_and_control/Assignments/Robotics/colcon_ws/install/ur5_interfaces/include/ur5_interfaces/action/detail
[5.062s] -- Installing: /home/lorenzobusellato/univr/Robotics_vision_and_control/Assignments/Robotics/colcon_ws/install/ur5_interfaces/include/ur5_interfaces/action/detail/move__functions.h
[5.062s] -- Installing: /home/lorenzobusellato/univr/Robotics_vision_and_control/Assignments/Robotics/colcon_ws/install/ur5_interfaces/include/ur5_interfaces/action/detail/move__functions.c
[5.062s] -- Installing: /home/lorenzobusellato/univr/Robotics_vision_and_control/Assignments/Robotics/colcon_ws/install/ur5_interfaces/include/ur5_interfaces/action/detail/move__type_support.h
[5.062s] -- Installing: /home/lorenzobusellato/univr/Robotics_vision_and_control/Assignments/Robotics/colcon_ws/install/ur5_interfaces/include/ur5_interfaces/action/detail/move__struct.h
[5.062s] -- Up-to-date: /home/lorenzobusellato/univr/Robotics_vision_and_control/Assignments/Robotics/colcon_ws/install/ur5_interfaces/include/ur5_interfaces/msg
[5.062s] -- Up-to-date: /home/lorenzobusellato/univr/Robotics_vision_and_control/Assignments/Robotics/colcon_ws/install/ur5_interfaces/include/ur5_interfaces/msg/rosidl_generator_c__visibility_control.h
[5.063s] -- Up-to-date: /home/lorenzobusellato/univr/Robotics_vision_and_control/Assignments/Robotics/colcon_ws/install/ur5_interfaces/include/ur5_interfaces/srv
[5.063s] -- Up-to-date: /home/lorenzobusellato/univr/Robotics_vision_and_control/Assignments/Robotics/colcon_ws/install/ur5_interfaces/include/ur5_interfaces/srv/gripper.h
[5.063s] -- Up-to-date: /home/lorenzobusellato/univr/Robotics_vision_and_control/Assignments/Robotics/colcon_ws/install/ur5_interfaces/include/ur5_interfaces/srv/add_three_ints.h
[5.063s] -- Up-to-date: /home/lorenzobusellato/univr/Robotics_vision_and_control/Assignments/Robotics/colcon_ws/install/ur5_interfaces/include/ur5_interfaces/srv/detail
[5.063s] -- Up-to-date: /home/lorenzobusellato/univr/Robotics_vision_and_control/Assignments/Robotics/colcon_ws/install/ur5_interfaces/include/ur5_interfaces/srv/detail/add_three_ints__functions.c
[5.063s] -- Up-to-date: /home/lorenzobusellato/univr/Robotics_vision_and_control/Assignments/Robotics/colcon_ws/install/ur5_interfaces/include/ur5_interfaces/srv/detail/add_three_ints__struct.h
[5.063s] -- Up-to-date: /home/lorenzobusellato/univr/Robotics_vision_and_control/Assignments/Robotics/colcon_ws/install/ur5_interfaces/include/ur5_interfaces/srv/detail/gripper__functions.h
[5.063s] -- Up-to-date: /home/lorenzobusellato/univr/Robotics_vision_and_control/Assignments/Robotics/colcon_ws/install/ur5_interfaces/include/ur5_interfaces/srv/detail/add_three_ints__type_support.h
[5.063s] -- Up-to-date: /home/lorenzobusellato/univr/Robotics_vision_and_control/Assignments/Robotics/colcon_ws/install/ur5_interfaces/include/ur5_interfaces/srv/detail/gripper__type_support.h
[5.063s] -- Up-to-date: /home/lorenzobusellato/univr/Robotics_vision_and_control/Assignments/Robotics/colcon_ws/install/ur5_interfaces/include/ur5_interfaces/srv/detail/gripper__struct.h
[5.063s] -- Up-to-date: /home/lorenzobusellato/univr/Robotics_vision_and_control/Assignments/Robotics/colcon_ws/install/ur5_interfaces/include/ur5_interfaces/srv/detail/add_three_ints__functions.h
[5.064s] -- Up-to-date: /home/lorenzobusellato/univr/Robotics_vision_and_control/Assignments/Robotics/colcon_ws/install/ur5_interfaces/include/ur5_interfaces/srv/detail/gripper__functions.c
[5.064s] -- Up-to-date: /home/lorenzobusellato/univr/Robotics_vision_and_control/Assignments/Robotics/colcon_ws/install/ur5_interfaces/share/ur5_interfaces/environment/library_path.sh
[5.064s] -- Installing: /home/lorenzobusellato/univr/Robotics_vision_and_control/Assignments/Robotics/colcon_ws/install/ur5_interfaces/share/ur5_interfaces/environment/library_path.dsv
[5.064s] -- Installing: /home/lorenzobusellato/univr/Robotics_vision_and_control/Assignments/Robotics/colcon_ws/install/ur5_interfaces/lib/libur5_interfaces__rosidl_generator_c.so
[5.064s] -- Set runtime path of "/home/lorenzobusellato/univr/Robotics_vision_and_control/Assignments/Robotics/colcon_ws/install/ur5_interfaces/lib/libur5_interfaces__rosidl_generator_c.so" to ""
[5.064s] -- Up-to-date: /home/lorenzobusellato/univr/Robotics_vision_and_control/Assignments/Robotics/colcon_ws/install/ur5_interfaces/include/ur5_interfaces
[5.064s] -- Up-to-date: /home/lorenzobusellato/univr/Robotics_vision_and_control/Assignments/Robotics/colcon_ws/install/ur5_interfaces/include/ur5_interfaces/action
[5.064s] -- Up-to-date: /home/lorenzobusellato/univr/Robotics_vision_and_control/Assignments/Robotics/colcon_ws/install/ur5_interfaces/include/ur5_interfaces/action/detail
[5.064s] -- Installing: /home/lorenzobusellato/univr/Robotics_vision_and_control/Assignments/Robotics/colcon_ws/install/ur5_interfaces/include/ur5_interfaces/action/detail/move__rosidl_typesupport_fastrtps_c.h
[5.065s] -- Up-to-date: /home/lorenzobusellato/univr/Robotics_vision_and_control/Assignments/Robotics/colcon_ws/install/ur5_interfaces/include/ur5_interfaces/msg
[5.065s] -- Up-to-date: /home/lorenzobusellato/univr/Robotics_vision_and_control/Assignments/Robotics/colcon_ws/install/ur5_interfaces/include/ur5_interfaces/msg/rosidl_typesupport_fastrtps_c__visibility_control.h
[5.065s] -- Up-to-date: /home/lorenzobusellato/univr/Robotics_vision_and_control/Assignments/Robotics/colcon_ws/install/ur5_interfaces/include/ur5_interfaces/srv
[5.065s] -- Up-to-date: /home/lorenzobusellato/univr/Robotics_vision_and_control/Assignments/Robotics/colcon_ws/install/ur5_interfaces/include/ur5_interfaces/srv/detail
[5.065s] -- Up-to-date: /home/lorenzobusellato/univr/Robotics_vision_and_control/Assignments/Robotics/colcon_ws/install/ur5_interfaces/include/ur5_interfaces/srv/detail/add_three_ints__rosidl_typesupport_fastrtps_c.h
[5.065s] -- Up-to-date: /home/lorenzobusellato/univr/Robotics_vision_and_control/Assignments/Robotics/colcon_ws/install/ur5_interfaces/include/ur5_interfaces/srv/detail/gripper__rosidl_typesupport_fastrtps_c.h
[5.065s] -- Installing: /home/lorenzobusellato/univr/Robotics_vision_and_control/Assignments/Robotics/colcon_ws/install/ur5_interfaces/lib/libur5_interfaces__rosidl_typesupport_fastrtps_c.so
[5.065s] -- Set runtime path of "/home/lorenzobusellato/univr/Robotics_vision_and_control/Assignments/Robotics/colcon_ws/install/ur5_interfaces/lib/libur5_interfaces__rosidl_typesupport_fastrtps_c.so" to ""
[5.065s] -- Up-to-date: /home/lorenzobusellato/univr/Robotics_vision_and_control/Assignments/Robotics/colcon_ws/install/ur5_interfaces/include/ur5_interfaces
[5.065s] -- Up-to-date: /home/lorenzobusellato/univr/Robotics_vision_and_control/Assignments/Robotics/colcon_ws/install/ur5_interfaces/include/ur5_interfaces/action
[5.065s] -- Up-to-date: /home/lorenzobusellato/univr/Robotics_vision_and_control/Assignments/Robotics/colcon_ws/install/ur5_interfaces/include/ur5_interfaces/action/detail
[5.066s] -- Installing: /home/lorenzobusellato/univr/Robotics_vision_and_control/Assignments/Robotics/colcon_ws/install/ur5_interfaces/include/ur5_interfaces/action/detail/dds_fastrtps
[5.066s] -- Installing: /home/lorenzobusellato/univr/Robotics_vision_and_control/Assignments/Robotics/colcon_ws/install/ur5_interfaces/include/ur5_interfaces/action/detail/move__rosidl_typesupport_fastrtps_cpp.hpp
[5.066s] -- Up-to-date: /home/lorenzobusellato/univr/Robotics_vision_and_control/Assignments/Robotics/colcon_ws/install/ur5_interfaces/include/ur5_interfaces/msg
[5.066s] -- Up-to-date: /home/lorenzobusellato/univr/Robotics_vision_and_control/Assignments/Robotics/colcon_ws/install/ur5_interfaces/include/ur5_interfaces/msg/rosidl_typesupport_fastrtps_cpp__visibility_control.h
[5.066s] -- Up-to-date: /home/lorenzobusellato/univr/Robotics_vision_and_control/Assignments/Robotics/colcon_ws/install/ur5_interfaces/include/ur5_interfaces/srv
[5.066s] -- Up-to-date: /home/lorenzobusellato/univr/Robotics_vision_and_control/Assignments/Robotics/colcon_ws/install/ur5_interfaces/include/ur5_interfaces/srv/detail
[5.066s] -- Up-to-date: /home/lorenzobusellato/univr/Robotics_vision_and_control/Assignments/Robotics/colcon_ws/install/ur5_interfaces/include/ur5_interfaces/srv/detail/dds_fastrtps
[5.066s] -- Up-to-date: /home/lorenzobusellato/univr/Robotics_vision_and_control/Assignments/Robotics/colcon_ws/install/ur5_interfaces/include/ur5_interfaces/srv/detail/add_three_ints__rosidl_typesupport_fastrtps_cpp.hpp
[5.066s] -- Up-to-date: /home/lorenzobusellato/univr/Robotics_vision_and_control/Assignments/Robotics/colcon_ws/install/ur5_interfaces/include/ur5_interfaces/srv/detail/gripper__rosidl_typesupport_fastrtps_cpp.hpp
[5.066s] -- Installing: /home/lorenzobusellato/univr/Robotics_vision_and_control/Assignments/Robotics/colcon_ws/install/ur5_interfaces/lib/libur5_interfaces__rosidl_typesupport_fastrtps_cpp.so
[5.067s] -- Set runtime path of "/home/lorenzobusellato/univr/Robotics_vision_and_control/Assignments/Robotics/colcon_ws/install/ur5_interfaces/lib/libur5_interfaces__rosidl_typesupport_fastrtps_cpp.so" to ""
[5.067s] -- Up-to-date: /home/lorenzobusellato/univr/Robotics_vision_and_control/Assignments/Robotics/colcon_ws/install/ur5_interfaces/include/ur5_interfaces
[5.067s] -- Up-to-date: /home/lorenzobusellato/univr/Robotics_vision_and_control/Assignments/Robotics/colcon_ws/install/ur5_interfaces/include/ur5_interfaces/action
[5.067s] -- Up-to-date: /home/lorenzobusellato/univr/Robotics_vision_and_control/Assignments/Robotics/colcon_ws/install/ur5_interfaces/include/ur5_interfaces/action/detail
[5.067s] -- Installing: /home/lorenzobusellato/univr/Robotics_vision_and_control/Assignments/Robotics/colcon_ws/install/ur5_interfaces/include/ur5_interfaces/action/detail/move__rosidl_typesupport_introspection_c.h
[5.067s] -- Installing: /home/lorenzobusellato/univr/Robotics_vision_and_control/Assignments/Robotics/colcon_ws/install/ur5_interfaces/include/ur5_interfaces/action/detail/move__type_support.c
[5.068s] -- Up-to-date: /home/lorenzobusellato/univr/Robotics_vision_and_control/Assignments/Robotics/colcon_ws/install/ur5_interfaces/include/ur5_interfaces/msg
[5.068s] -- Up-to-date: /home/lorenzobusellato/univr/Robotics_vision_and_control/Assignments/Robotics/colcon_ws/install/ur5_interfaces/include/ur5_interfaces/msg/rosidl_typesupport_introspection_c__visibility_control.h
[5.068s] -- Up-to-date: /home/lorenzobusellato/univr/Robotics_vision_and_control/Assignments/Robotics/colcon_ws/install/ur5_interfaces/include/ur5_interfaces/srv
[5.068s] -- Up-to-date: /home/lorenzobusellato/univr/Robotics_vision_and_control/Assignments/Robotics/colcon_ws/install/ur5_interfaces/include/ur5_interfaces/srv/detail
[5.068s] -- Up-to-date: /home/lorenzobusellato/univr/Robotics_vision_and_control/Assignments/Robotics/colcon_ws/install/ur5_interfaces/include/ur5_interfaces/srv/detail/gripper__rosidl_typesupport_introspection_c.h
[5.068s] -- Up-to-date: /home/lorenzobusellato/univr/Robotics_vision_and_control/Assignments/Robotics/colcon_ws/install/ur5_interfaces/include/ur5_interfaces/srv/detail/add_three_ints__type_support.c
[5.068s] -- Up-to-date: /home/lorenzobusellato/univr/Robotics_vision_and_control/Assignments/Robotics/colcon_ws/install/ur5_interfaces/include/ur5_interfaces/srv/detail/add_three_ints__rosidl_typesupport_introspection_c.h
[5.068s] -- Up-to-date: /home/lorenzobusellato/univr/Robotics_vision_and_control/Assignments/Robotics/colcon_ws/install/ur5_interfaces/include/ur5_interfaces/srv/detail/gripper__type_support.c
[5.069s] -- Installing: /home/lorenzobusellato/univr/Robotics_vision_and_control/Assignments/Robotics/colcon_ws/install/ur5_interfaces/lib/libur5_interfaces__rosidl_typesupport_introspection_c.so
[5.069s] -- Set runtime path of "/home/lorenzobusellato/univr/Robotics_vision_and_control/Assignments/Robotics/colcon_ws/install/ur5_interfaces/lib/libur5_interfaces__rosidl_typesupport_introspection_c.so" to ""
[5.069s] -- Installing: /home/lorenzobusellato/univr/Robotics_vision_and_control/Assignments/Robotics/colcon_ws/install/ur5_interfaces/lib/libur5_interfaces__rosidl_typesupport_c.so
[5.070s] -- Set runtime path of "/home/lorenzobusellato/univr/Robotics_vision_and_control/Assignments/Robotics/colcon_ws/install/ur5_interfaces/lib/libur5_interfaces__rosidl_typesupport_c.so" to ""
[5.070s] -- Up-to-date: /home/lorenzobusellato/univr/Robotics_vision_and_control/Assignments/Robotics/colcon_ws/install/ur5_interfaces/include/ur5_interfaces
[5.070s] -- Up-to-date: /home/lorenzobusellato/univr/Robotics_vision_and_control/Assignments/Robotics/colcon_ws/install/ur5_interfaces/include/ur5_interfaces/action
[5.070s] -- Up-to-date: /home/lorenzobusellato/univr/Robotics_vision_and_control/Assignments/Robotics/colcon_ws/install/ur5_interfaces/include/ur5_interfaces/action/detail
[5.070s] -- Installing: /home/lorenzobusellato/univr/Robotics_vision_and_control/Assignments/Robotics/colcon_ws/install/ur5_interfaces/include/ur5_interfaces/action/detail/move__struct.hpp
[5.070s] -- Installing: /home/lorenzobusellato/univr/Robotics_vision_and_control/Assignments/Robotics/colcon_ws/install/ur5_interfaces/include/ur5_interfaces/action/detail/move__builder.hpp
[5.070s] -- Installing: /home/lorenzobusellato/univr/Robotics_vision_and_control/Assignments/Robotics/colcon_ws/install/ur5_interfaces/include/ur5_interfaces/action/detail/move__traits.hpp
[5.070s] -- Installing: /home/lorenzobusellato/univr/Robotics_vision_and_control/Assignments/Robotics/colcon_ws/install/ur5_interfaces/include/ur5_interfaces/action/move.hpp
[5.071s] -- Up-to-date: /home/lorenzobusellato/univr/Robotics_vision_and_control/Assignments/Robotics/colcon_ws/install/ur5_interfaces/include/ur5_interfaces/srv
[5.071s] -- Up-to-date: /home/lorenzobusellato/univr/Robotics_vision_and_control/Assignments/Robotics/colcon_ws/install/ur5_interfaces/include/ur5_interfaces/srv/detail
[5.071s] -- Up-to-date: /home/lorenzobusellato/univr/Robotics_vision_and_control/Assignments/Robotics/colcon_ws/install/ur5_interfaces/include/ur5_interfaces/srv/detail/gripper__builder.hpp
[5.071s] -- Up-to-date: /home/lorenzobusellato/univr/Robotics_vision_and_control/Assignments/Robotics/colcon_ws/install/ur5_interfaces/include/ur5_interfaces/srv/detail/add_three_ints__traits.hpp
[5.071s] -- Up-to-date: /home/lorenzobusellato/univr/Robotics_vision_and_control/Assignments/Robotics/colcon_ws/install/ur5_interfaces/include/ur5_interfaces/srv/detail/add_three_ints__struct.hpp
[5.071s] -- Up-to-date: /home/lorenzobusellato/univr/Robotics_vision_and_control/Assignments/Robotics/colcon_ws/install/ur5_interfaces/include/ur5_interfaces/srv/detail/gripper__traits.hpp
[5.071s] -- Up-to-date: /home/lorenzobusellato/univr/Robotics_vision_and_control/Assignments/Robotics/colcon_ws/install/ur5_interfaces/include/ur5_interfaces/srv/detail/add_three_ints__builder.hpp
[5.071s] -- Up-to-date: /home/lorenzobusellato/univr/Robotics_vision_and_control/Assignments/Robotics/colcon_ws/install/ur5_interfaces/include/ur5_interfaces/srv/detail/gripper__struct.hpp
[5.072s] -- Up-to-date: /home/lorenzobusellato/univr/Robotics_vision_and_control/Assignments/Robotics/colcon_ws/install/ur5_interfaces/include/ur5_interfaces/srv/gripper.hpp
[5.072s] -- Up-to-date: /home/lorenzobusellato/univr/Robotics_vision_and_control/Assignments/Robotics/colcon_ws/install/ur5_interfaces/include/ur5_interfaces/srv/add_three_ints.hpp
[5.072s] -- Up-to-date: /home/lorenzobusellato/univr/Robotics_vision_and_control/Assignments/Robotics/colcon_ws/install/ur5_interfaces/include/ur5_interfaces
[5.072s] -- Up-to-date: /home/lorenzobusellato/univr/Robotics_vision_and_control/Assignments/Robotics/colcon_ws/install/ur5_interfaces/include/ur5_interfaces/action
[5.072s] -- Up-to-date: /home/lorenzobusellato/univr/Robotics_vision_and_control/Assignments/Robotics/colcon_ws/install/ur5_interfaces/include/ur5_interfaces/action/detail
[5.072s] -- Installing: /home/lorenzobusellato/univr/Robotics_vision_and_control/Assignments/Robotics/colcon_ws/install/ur5_interfaces/include/ur5_interfaces/action/detail/move__rosidl_typesupport_introspection_cpp.hpp
[5.072s] -- Installing: /home/lorenzobusellato/univr/Robotics_vision_and_control/Assignments/Robotics/colcon_ws/install/ur5_interfaces/include/ur5_interfaces/action/detail/move__type_support.cpp
[5.072s] -- Up-to-date: /home/lorenzobusellato/univr/Robotics_vision_and_control/Assignments/Robotics/colcon_ws/install/ur5_interfaces/include/ur5_interfaces/srv
[5.072s] -- Up-to-date: /home/lorenzobusellato/univr/Robotics_vision_and_control/Assignments/Robotics/colcon_ws/install/ur5_interfaces/include/ur5_interfaces/srv/detail
[5.072s] -- Up-to-date: /home/lorenzobusellato/univr/Robotics_vision_and_control/Assignments/Robotics/colcon_ws/install/ur5_interfaces/include/ur5_interfaces/srv/detail/add_three_ints__rosidl_typesupport_introspection_cpp.hpp
[5.072s] -- Up-to-date: /home/lorenzobusellato/univr/Robotics_vision_and_control/Assignments/Robotics/colcon_ws/install/ur5_interfaces/include/ur5_interfaces/srv/detail/add_three_ints__type_support.cpp
[5.073s] -- Up-to-date: /home/lorenzobusellato/univr/Robotics_vision_and_control/Assignments/Robotics/colcon_ws/install/ur5_interfaces/include/ur5_interfaces/srv/detail/gripper__rosidl_typesupport_introspection_cpp.hpp
[5.073s] -- Up-to-date: /home/lorenzobusellato/univr/Robotics_vision_and_control/Assignments/Robotics/colcon_ws/install/ur5_interfaces/include/ur5_interfaces/srv/detail/gripper__type_support.cpp
[5.073s] -- Installing: /home/lorenzobusellato/univr/Robotics_vision_and_control/Assignments/Robotics/colcon_ws/install/ur5_interfaces/lib/libur5_interfaces__rosidl_typesupport_introspection_cpp.so
[5.073s] -- Set runtime path of "/home/lorenzobusellato/univr/Robotics_vision_and_control/Assignments/Robotics/colcon_ws/install/ur5_interfaces/lib/libur5_interfaces__rosidl_typesupport_introspection_cpp.so" to ""
[5.073s] -- Installing: /home/lorenzobusellato/univr/Robotics_vision_and_control/Assignments/Robotics/colcon_ws/install/ur5_interfaces/lib/libur5_interfaces__rosidl_typesupport_cpp.so
[5.073s] -- Set runtime path of "/home/lorenzobusellato/univr/Robotics_vision_and_control/Assignments/Robotics/colcon_ws/install/ur5_interfaces/lib/libur5_interfaces__rosidl_typesupport_cpp.so" to ""
[5.074s] -- Up-to-date: /home/lorenzobusellato/univr/Robotics_vision_and_control/Assignments/Robotics/colcon_ws/install/ur5_interfaces/share/ur5_interfaces/environment/pythonpath.sh
[5.074s] -- Installing: /home/lorenzobusellato/univr/Robotics_vision_and_control/Assignments/Robotics/colcon_ws/install/ur5_interfaces/share/ur5_interfaces/environment/pythonpath.dsv
[5.074s] -- Installing: /home/lorenzobusellato/univr/Robotics_vision_and_control/Assignments/Robotics/colcon_ws/install/ur5_interfaces/lib/python3.8/site-packages/ur5_interfaces/__init__.py
[5.104s] Compiling '/home/lorenzobusellato/univr/Robotics_vision_and_control/Assignments/Robotics/colcon_ws/install/ur5_interfaces/lib/python3.8/site-packages/ur5_interfaces/__init__.py'...
[5.108s] -- Installing: /home/lorenzobusellato/univr/Robotics_vision_and_control/Assignments/Robotics/colcon_ws/install/ur5_interfaces/lib/python3.8/site-packages/ur5_interfaces/action
[5.109s] -- Installing: /home/lorenzobusellato/univr/Robotics_vision_and_control/Assignments/Robotics/colcon_ws/install/ur5_interfaces/lib/python3.8/site-packages/ur5_interfaces/action/_move.py
[5.109s] -- Installing: /home/lorenzobusellato/univr/Robotics_vision_and_control/Assignments/Robotics/colcon_ws/install/ur5_interfaces/lib/python3.8/site-packages/ur5_interfaces/action/_move_s.c
[5.109s] -- Installing: /home/lorenzobusellato/univr/Robotics_vision_and_control/Assignments/Robotics/colcon_ws/install/ur5_interfaces/lib/python3.8/site-packages/ur5_interfaces/action/__init__.py
[5.109s] -- Installing: /home/lorenzobusellato/univr/Robotics_vision_and_control/Assignments/Robotics/colcon_ws/install/ur5_interfaces/lib/python3.8/site-packages/ur5_interfaces/ur5_interfaces_s__rosidl_typesupport_fastrtps_c.cpython-38-x86_64-linux-gnu.so
[5.110s] -- Set runtime path of "/home/lorenzobusellato/univr/Robotics_vision_and_control/Assignments/Robotics/colcon_ws/install/ur5_interfaces/lib/python3.8/site-packages/ur5_interfaces/ur5_interfaces_s__rosidl_typesupport_fastrtps_c.cpython-38-x86_64-linux-gnu.so" to ""
[5.110s] -- Installing: /home/lorenzobusellato/univr/Robotics_vision_and_control/Assignments/Robotics/colcon_ws/install/ur5_interfaces/lib/python3.8/site-packages/ur5_interfaces/ur5_interfaces_s__rosidl_typesupport_introspection_c.cpython-38-x86_64-linux-gnu.so
[5.111s] -- Set runtime path of "/home/lorenzobusellato/univr/Robotics_vision_and_control/Assignments/Robotics/colcon_ws/install/ur5_interfaces/lib/python3.8/site-packages/ur5_interfaces/ur5_interfaces_s__rosidl_typesupport_introspection_c.cpython-38-x86_64-linux-gnu.so" to ""
[5.111s] -- Installing: /home/lorenzobusellato/univr/Robotics_vision_and_control/Assignments/Robotics/colcon_ws/install/ur5_interfaces/lib/python3.8/site-packages/ur5_interfaces/ur5_interfaces_s__rosidl_typesupport_c.cpython-38-x86_64-linux-gnu.so
[5.112s] -- Set runtime path of "/home/lorenzobusellato/univr/Robotics_vision_and_control/Assignments/Robotics/colcon_ws/install/ur5_interfaces/lib/python3.8/site-packages/ur5_interfaces/ur5_interfaces_s__rosidl_typesupport_c.cpython-38-x86_64-linux-gnu.so" to ""
[5.112s] -- Installing: /home/lorenzobusellato/univr/Robotics_vision_and_control/Assignments/Robotics/colcon_ws/install/ur5_interfaces/lib/libur5_interfaces__python.so
[5.112s] -- Set runtime path of "/home/lorenzobusellato/univr/Robotics_vision_and_control/Assignments/Robotics/colcon_ws/install/ur5_interfaces/lib/libur5_interfaces__python.so" to ""
[5.112s] -- Installing: /home/lorenzobusellato/univr/Robotics_vision_and_control/Assignments/Robotics/colcon_ws/install/ur5_interfaces/share/ur5_interfaces/action/Move.idl
[5.113s] -- Installing: /home/lorenzobusellato/univr/Robotics_vision_and_control/Assignments/Robotics/colcon_ws/install/ur5_interfaces/share/ur5_interfaces/action/Move.action
[5.113s] -- Up-to-date: /home/lorenzobusellato/univr/Robotics_vision_and_control/Assignments/Robotics/colcon_ws/install/ur5_interfaces/share/ament_index/resource_index/package_run_dependencies/ur5_interfaces
[5.113s] -- Up-to-date: /home/lorenzobusellato/univr/Robotics_vision_and_control/Assignments/Robotics/colcon_ws/install/ur5_interfaces/share/ament_index/resource_index/parent_prefix_path/ur5_interfaces
[5.113s] -- Up-to-date: /home/lorenzobusellato/univr/Robotics_vision_and_control/Assignments/Robotics/colcon_ws/install/ur5_interfaces/share/ur5_interfaces/environment/ament_prefix_path.sh
[5.113s] -- Installing: /home/lorenzobusellato/univr/Robotics_vision_and_control/Assignments/Robotics/colcon_ws/install/ur5_interfaces/share/ur5_interfaces/environment/ament_prefix_path.dsv
[5.113s] -- Up-to-date: /home/lorenzobusellato/univr/Robotics_vision_and_control/Assignments/Robotics/colcon_ws/install/ur5_interfaces/share/ur5_interfaces/environment/path.sh
[5.113s] -- Installing: /home/lorenzobusellato/univr/Robotics_vision_and_control/Assignments/Robotics/colcon_ws/install/ur5_interfaces/share/ur5_interfaces/environment/path.dsv
[5.114s] -- Up-to-date: /home/lorenzobusellato/univr/Robotics_vision_and_control/Assignments/Robotics/colcon_ws/install/ur5_interfaces/share/ur5_interfaces/local_setup.bash
[5.114s] -- Up-to-date: /home/lorenzobusellato/univr/Robotics_vision_and_control/Assignments/Robotics/colcon_ws/install/ur5_interfaces/share/ur5_interfaces/local_setup.sh
[5.114s] -- Up-to-date: /home/lorenzobusellato/univr/Robotics_vision_and_control/Assignments/Robotics/colcon_ws/install/ur5_interfaces/share/ur5_interfaces/local_setup.zsh
[5.114s] -- Installing: /home/lorenzobusellato/univr/Robotics_vision_and_control/Assignments/Robotics/colcon_ws/install/ur5_interfaces/share/ur5_interfaces/local_setup.dsv
[5.114s] -- Installing: /home/lorenzobusellato/univr/Robotics_vision_and_control/Assignments/Robotics/colcon_ws/install/ur5_interfaces/share/ur5_interfaces/package.dsv
[5.114s] -- Up-to-date: /home/lorenzobusellato/univr/Robotics_vision_and_control/Assignments/Robotics/colcon_ws/install/ur5_interfaces/share/ament_index/resource_index/packages/ur5_interfaces
[5.114s] -- Old export file "/home/lorenzobusellato/univr/Robotics_vision_and_control/Assignments/Robotics/colcon_ws/install/ur5_interfaces/share/ur5_interfaces/cmake/ur5_interfaces__rosidl_generator_cExport.cmake" will be replaced.  Removing files [/home/lorenzobusellato/univr/Robotics_vision_and_control/Assignments/Robotics/colcon_ws/install/ur5_interfaces/share/ur5_interfaces/cmake/ur5_interfaces__rosidl_generator_cExport-noconfig.cmake].
[5.115s] -- Installing: /home/lorenzobusellato/univr/Robotics_vision_and_control/Assignments/Robotics/colcon_ws/install/ur5_interfaces/share/ur5_interfaces/cmake/ur5_interfaces__rosidl_generator_cExport.cmake
[5.115s] -- Installing: /home/lorenzobusellato/univr/Robotics_vision_and_control/Assignments/Robotics/colcon_ws/install/ur5_interfaces/share/ur5_interfaces/cmake/ur5_interfaces__rosidl_generator_cExport-noconfig.cmake
[5.115s] -- Old export file "/home/lorenzobusellato/univr/Robotics_vision_and_control/Assignments/Robotics/colcon_ws/install/ur5_interfaces/share/ur5_interfaces/cmake/ur5_interfaces__rosidl_typesupport_introspection_cExport.cmake" will be replaced.  Removing files [/home/lorenzobusellato/univr/Robotics_vision_and_control/Assignments/Robotics/colcon_ws/install/ur5_interfaces/share/ur5_interfaces/cmake/ur5_interfaces__rosidl_typesupport_introspection_cExport-noconfig.cmake].
[5.115s] -- Installing: /home/lorenzobusellato/univr/Robotics_vision_and_control/Assignments/Robotics/colcon_ws/install/ur5_interfaces/share/ur5_interfaces/cmake/ur5_interfaces__rosidl_typesupport_introspection_cExport.cmake
[5.115s] -- Installing: /home/lorenzobusellato/univr/Robotics_vision_and_control/Assignments/Robotics/colcon_ws/install/ur5_interfaces/share/ur5_interfaces/cmake/ur5_interfaces__rosidl_typesupport_introspection_cExport-noconfig.cmake
[5.116s] -- Old export file "/home/lorenzobusellato/univr/Robotics_vision_and_control/Assignments/Robotics/colcon_ws/install/ur5_interfaces/share/ur5_interfaces/cmake/ur5_interfaces__rosidl_typesupport_cExport.cmake" will be replaced.  Removing files [/home/lorenzobusellato/univr/Robotics_vision_and_control/Assignments/Robotics/colcon_ws/install/ur5_interfaces/share/ur5_interfaces/cmake/ur5_interfaces__rosidl_typesupport_cExport-noconfig.cmake].
[5.116s] -- Installing: /home/lorenzobusellato/univr/Robotics_vision_and_control/Assignments/Robotics/colcon_ws/install/ur5_interfaces/share/ur5_interfaces/cmake/ur5_interfaces__rosidl_typesupport_cExport.cmake
[5.116s] -- Installing: /home/lorenzobusellato/univr/Robotics_vision_and_control/Assignments/Robotics/colcon_ws/install/ur5_interfaces/share/ur5_interfaces/cmake/ur5_interfaces__rosidl_typesupport_cExport-noconfig.cmake
[5.116s] -- Installing: /home/lorenzobusellato/univr/Robotics_vision_and_control/Assignments/Robotics/colcon_ws/install/ur5_interfaces/share/ur5_interfaces/cmake/ur5_interfaces__rosidl_generator_cppExport.cmake
[5.117s] -- Old export file "/home/lorenzobusellato/univr/Robotics_vision_and_control/Assignments/Robotics/colcon_ws/install/ur5_interfaces/share/ur5_interfaces/cmake/ur5_interfaces__rosidl_typesupport_introspection_cppExport.cmake" will be replaced.  Removing files [/home/lorenzobusellato/univr/Robotics_vision_and_control/Assignments/Robotics/colcon_ws/install/ur5_interfaces/share/ur5_interfaces/cmake/ur5_interfaces__rosidl_typesupport_introspection_cppExport-noconfig.cmake].
[5.117s] -- Installing: /home/lorenzobusellato/univr/Robotics_vision_and_control/Assignments/Robotics/colcon_ws/install/ur5_interfaces/share/ur5_interfaces/cmake/ur5_interfaces__rosidl_typesupport_introspection_cppExport.cmake
[5.117s] -- Installing: /home/lorenzobusellato/univr/Robotics_vision_and_control/Assignments/Robotics/colcon_ws/install/ur5_interfaces/share/ur5_interfaces/cmake/ur5_interfaces__rosidl_typesupport_introspection_cppExport-noconfig.cmake
[5.117s] -- Old export file "/home/lorenzobusellato/univr/Robotics_vision_and_control/Assignments/Robotics/colcon_ws/install/ur5_interfaces/share/ur5_interfaces/cmake/ur5_interfaces__rosidl_typesupport_cppExport.cmake" will be replaced.  Removing files [/home/lorenzobusellato/univr/Robotics_vision_and_control/Assignments/Robotics/colcon_ws/install/ur5_interfaces/share/ur5_interfaces/cmake/ur5_interfaces__rosidl_typesupport_cppExport-noconfig.cmake].
[5.118s] -- Installing: /home/lorenzobusellato/univr/Robotics_vision_and_control/Assignments/Robotics/colcon_ws/install/ur5_interfaces/share/ur5_interfaces/cmake/ur5_interfaces__rosidl_typesupport_cppExport.cmake
[5.118s] -- Installing: /home/lorenzobusellato/univr/Robotics_vision_and_control/Assignments/Robotics/colcon_ws/install/ur5_interfaces/share/ur5_interfaces/cmake/ur5_interfaces__rosidl_typesupport_cppExport-noconfig.cmake
[5.118s] -- Installing: /home/lorenzobusellato/univr/Robotics_vision_and_control/Assignments/Robotics/colcon_ws/install/ur5_interfaces/share/ur5_interfaces/cmake/rosidl_cmake-extras.cmake
[5.118s] -- Installing: /home/lorenzobusellato/univr/Robotics_vision_and_control/Assignments/Robotics/colcon_ws/install/ur5_interfaces/share/ur5_interfaces/cmake/ament_cmake_export_dependencies-extras.cmake
[5.118s] -- Up-to-date: /home/lorenzobusellato/univr/Robotics_vision_and_control/Assignments/Robotics/colcon_ws/install/ur5_interfaces/share/ur5_interfaces/cmake/ament_cmake_export_libraries-extras.cmake
[5.119s] -- Up-to-date: /home/lorenzobusellato/univr/Robotics_vision_and_control/Assignments/Robotics/colcon_ws/install/ur5_interfaces/share/ur5_interfaces/cmake/ament_cmake_export_targets-extras.cmake
[5.119s] -- Up-to-date: /home/lorenzobusellato/univr/Robotics_vision_and_control/Assignments/Robotics/colcon_ws/install/ur5_interfaces/share/ur5_interfaces/cmake/ament_cmake_export_include_directories-extras.cmake
[5.119s] -- Up-to-date: /home/lorenzobusellato/univr/Robotics_vision_and_control/Assignments/Robotics/colcon_ws/install/ur5_interfaces/share/ur5_interfaces/cmake/rosidl_cmake_export_typesupport_libraries-extras.cmake
[5.120s] -- Up-to-date: /home/lorenzobusellato/univr/Robotics_vision_and_control/Assignments/Robotics/colcon_ws/install/ur5_interfaces/share/ur5_interfaces/cmake/rosidl_cmake_export_typesupport_targets-extras.cmake
[5.120s] -- Up-to-date: /home/lorenzobusellato/univr/Robotics_vision_and_control/Assignments/Robotics/colcon_ws/install/ur5_interfaces/share/ur5_interfaces/cmake/ur5_interfacesConfig.cmake
[5.120s] -- Up-to-date: /home/lorenzobusellato/univr/Robotics_vision_and_control/Assignments/Robotics/colcon_ws/install/ur5_interfaces/share/ur5_interfaces/cmake/ur5_interfacesConfig-version.cmake
[5.120s] -- Installing: /home/lorenzobusellato/univr/Robotics_vision_and_control/Assignments/Robotics/colcon_ws/install/ur5_interfaces/share/ur5_interfaces/package.xml
[5.122s] Invoked command in '/home/lorenzobusellato/univr/Robotics_vision_and_control/Assignments/Robotics/colcon_ws/build/ur5_interfaces' returned '0': CMAKE_PREFIX_PATH=${CMAKE_PREFIX_PATH}:/home/lorenzobusellato/univr/Robotics_vision_and_control/Assignments/Robotics/colcon_ws/install/ur5_pnp:/opt/ros/galactic /usr/bin/cmake --install /home/lorenzobusellato/univr/Robotics_vision_and_control/Assignments/Robotics/colcon_ws/build/ur5_interfaces
